error: uncaughtException: listen EADDRINUSE: address already in use :::3000
Error: listen EADDRINUSE: address already in use :::3000
    at Server.setupListenHandle [as _listen2] (node:net:1372:16)
    at listenInCluster (node:net:1420:12)
    at Server.listen (node:net:1508:7)
    at Function.listen (C:\Users\Kirana N\WORKSPACE\FundooProject\node_modules\express\lib\application.js:635:24)
    at Object.<anonymous> (C:\Users\Kirana N\WORKSPACE\FundooProject\src\/index.js:37:5)
    at Module._compile (node:internal/modules/cjs/loader:1105:14)
    at Module._compile (C:\Users\Kirana N\WORKSPACE\FundooProject\node_modules\pirates\lib\index.js:117:24)
    at Module._extensions..js (node:internal/modules/cjs/loader:1159:10)
    at Object.newLoader [as .js] (C:\Users\Kirana N\WORKSPACE\FundooProject\node_modules\pirates\lib\index.js:121:7)
    at Module.load (node:internal/modules/cjs/loader:981:32)
    at Function.Module._load (node:internal/modules/cjs/loader:822:12)
    at Function.runMain (node:internal/modules/run_main:77:12)
    at Object.<anonymous> (C:\Users\Kirana N\WORKSPACE\FundooProject\node_modules\@babel\node\src\_babel-node.ts:222:12)
    at Module._compile (node:internal/modules/cjs/loader:1105:14)
    at Object.Module._extensions..js (node:internal/modules/cjs/loader:1159:10)
    at Module.load (node:internal/modules/cjs/loader:981:32)
    at Function.Module._load (node:internal/modules/cjs/loader:822:12)
    at Function.executeUserEntryPoint [as runMain] (node:internal/modules/run_main:77:12)
    at node:internal/main/run_main_module:17:47 {"date":"Thu Dec 21 2023 12:13:16 GMT+0530 (India Standard Time)","error":{"address":"::","code":"EADDRINUSE","errno":-4091,"port":3000,"syscall":"listen"},"exception":true,"os":{"loadavg":[0,0,0],"uptime":527178},"process":{"argv":["node","C:\\Users\\Kirana N\\WORKSPACE\\FundooProject\\src\\index.js"],"cwd":"C:\\Users\\Kirana N\\WORKSPACE\\FundooProject","execPath":"C:\\Program Files\\nodejs\\node.exe","gid":null,"memoryUsage":{"arrayBuffers":18559272,"external":23733952,"heapTotal":83927040,"heapUsed":49311408,"rss":117862400},"pid":39288,"uid":null,"version":"v16.15.0"},"stack":"Error: listen EADDRINUSE: address already in use :::3000\n    at Server.setupListenHandle [as _listen2] (node:net:1372:16)\n    at listenInCluster (node:net:1420:12)\n    at Server.listen (node:net:1508:7)\n    at Function.listen (C:\\Users\\Kirana N\\WORKSPACE\\FundooProject\\node_modules\\express\\lib\\application.js:635:24)\n    at Object.<anonymous> (C:\\Users\\Kirana N\\WORKSPACE\\FundooProject\\src\\/index.js:37:5)\n    at Module._compile (node:internal/modules/cjs/loader:1105:14)\n    at Module._compile (C:\\Users\\Kirana N\\WORKSPACE\\FundooProject\\node_modules\\pirates\\lib\\index.js:117:24)\n    at Module._extensions..js (node:internal/modules/cjs/loader:1159:10)\n    at Object.newLoader [as .js] (C:\\Users\\Kirana N\\WORKSPACE\\FundooProject\\node_modules\\pirates\\lib\\index.js:121:7)\n    at Module.load (node:internal/modules/cjs/loader:981:32)\n    at Function.Module._load (node:internal/modules/cjs/loader:822:12)\n    at Function.runMain (node:internal/modules/run_main:77:12)\n    at Object.<anonymous> (C:\\Users\\Kirana N\\WORKSPACE\\FundooProject\\node_modules\\@babel\\node\\src\\_babel-node.ts:222:12)\n    at Module._compile (node:internal/modules/cjs/loader:1105:14)\n    at Object.Module._extensions..js (node:internal/modules/cjs/loader:1159:10)\n    at Module.load (node:internal/modules/cjs/loader:981:32)\n    at Function.Module._load (node:internal/modules/cjs/loader:822:12)\n    at Function.executeUserEntryPoint [as runMain] (node:internal/modules/run_main:77:12)\n    at node:internal/main/run_main_module:17:47","timestamp":"2023-12-21T06:43:16.879Z","trace":[{"column":16,"file":"node:net","function":"Server.setupListenHandle [as _listen2]","line":1372,"method":"setupListenHandle [as _listen2]","native":false},{"column":12,"file":"node:net","function":"listenInCluster","line":1420,"method":null,"native":false},{"column":7,"file":"node:net","function":"Server.listen","line":1508,"method":"listen","native":false},{"column":24,"file":"C:\\Users\\Kirana N\\WORKSPACE\\FundooProject\\node_modules\\express\\lib\\application.js","function":"Function.listen","line":635,"method":"listen","native":false},{"column":5,"file":"C:\\Users\\Kirana N\\WORKSPACE\\FundooProject\\src\\/index.js","function":null,"line":37,"method":null,"native":false},{"column":14,"file":"node:internal/modules/cjs/loader","function":"Module._compile","line":1105,"method":"_compile","native":false},{"column":24,"file":"C:\\Users\\Kirana N\\WORKSPACE\\FundooProject\\node_modules\\pirates\\lib\\index.js","function":"Module._compile","line":117,"method":"_compile","native":false},{"column":10,"file":"node:internal/modules/cjs/loader","function":"Module._extensions..js","line":1159,"method":".js","native":false},{"column":7,"file":"C:\\Users\\Kirana N\\WORKSPACE\\FundooProject\\node_modules\\pirates\\lib\\index.js","function":"Object.newLoader [as .js]","line":121,"method":"js]","native":false},{"column":32,"file":"node:internal/modules/cjs/loader","function":"Module.load","line":981,"method":"load","native":false},{"column":12,"file":"node:internal/modules/cjs/loader","function":"Module._load","line":822,"method":"_load","native":false},{"column":12,"file":"node:internal/modules/run_main","function":"Function.runMain","line":77,"method":"runMain","native":false},{"column":12,"file":"C:\\Users\\Kirana N\\WORKSPACE\\FundooProject\\node_modules\\@babel\\node\\src\\_babel-node.ts","function":null,"line":222,"method":null,"native":false},{"column":14,"file":"node:internal/modules/cjs/loader","function":"Module._compile","line":1105,"method":"_compile","native":false},{"column":10,"file":"node:internal/modules/cjs/loader","function":"Module._extensions..js","line":1159,"method":".js","native":false},{"column":32,"file":"node:internal/modules/cjs/loader","function":"Module.load","line":981,"method":"load","native":false},{"column":12,"file":"node:internal/modules/cjs/loader","function":"Module._load","line":822,"method":"_load","native":false},{"column":12,"file":"node:internal/modules/run_main","function":"Function.executeUserEntryPoint [as runMain]","line":77,"method":"executeUserEntryPoint [as runMain]","native":false},{"column":47,"file":"node:internal/main/run_main_module","function":null,"line":17,"method":null,"native":false}]}
error: uncaughtException: expected 404 to equal 201
AssertionError: expected 404 to equal 201
    at Test.<anonymous> (C:\Users\Kirana N\WORKSPACE\FundooProject\tests\integration\/user.test.js:43:40)
    at Test.assert (C:\Users\Kirana N\WORKSPACE\FundooProject\node_modules\supertest\lib\test.js:181:6)
    at Server.localAssert (C:\Users\Kirana N\WORKSPACE\FundooProject\node_modules\supertest\lib\test.js:131:12)
    at Object.onceWrapper (node:events:641:28)
    at Server.emit (node:events:527:28)
    at emitCloseNT (node:net:1728:8)
    at processTicksAndRejections (node:internal/process/task_queues:82:21) {"date":"Thu Dec 28 2023 11:51:14 GMT+0530 (India Standard Time)","error":{"actual":404,"expected":201,"message":"expected 404 to equal 201","name":"AssertionError","operator":"strictEqual","showDiff":true,"stack":"AssertionError: expected 404 to equal 201\n    at Test.<anonymous> (C:\\Users\\Kirana N\\WORKSPACE\\FundooProject\\tests\\integration\\/user.test.js:43:40)\n    at Test.assert (C:\\Users\\Kirana N\\WORKSPACE\\FundooProject\\node_modules\\supertest\\lib\\test.js:181:6)\n    at Server.localAssert (C:\\Users\\Kirana N\\WORKSPACE\\FundooProject\\node_modules\\supertest\\lib\\test.js:131:12)\n    at Object.onceWrapper (node:events:641:28)\n    at Server.emit (node:events:527:28)\n    at emitCloseNT (node:net:1728:8)\n    at processTicksAndRejections (node:internal/process/task_queues:82:21)"},"exception":true,"os":{"loadavg":[0,0,0],"uptime":1130658},"process":{"argv":["C:\\Program Files\\nodejs\\node.exe","C:\\Users\\Kirana N\\WORKSPACE\\FundooProject\\node_modules\\mocha\\bin\\mocha","--exit","--recursive","--require","@babel/register","--timeout=5000","tests/**/*.js"],"cwd":"C:\\Users\\Kirana N\\WORKSPACE\\FundooProject","execPath":"C:\\Program Files\\nodejs\\node.exe","gid":null,"memoryUsage":{"arrayBuffers":18617273,"external":28259483,"heapTotal":100593664,"heapUsed":68864640,"rss":132161536},"pid":60204,"uid":null,"version":"v16.15.0"},"stack":"AssertionError: expected 404 to equal 201\n    at Test.<anonymous> (C:\\Users\\Kirana N\\WORKSPACE\\FundooProject\\tests\\integration\\/user.test.js:43:40)\n    at Test.assert (C:\\Users\\Kirana N\\WORKSPACE\\FundooProject\\node_modules\\supertest\\lib\\test.js:181:6)\n    at Server.localAssert (C:\\Users\\Kirana N\\WORKSPACE\\FundooProject\\node_modules\\supertest\\lib\\test.js:131:12)\n    at Object.onceWrapper (node:events:641:28)\n    at Server.emit (node:events:527:28)\n    at emitCloseNT (node:net:1728:8)\n    at processTicksAndRejections (node:internal/process/task_queues:82:21)","timestamp":"2023-12-28T06:21:14.060Z","trace":[{"column":40,"file":"C:\\Users\\Kirana N\\WORKSPACE\\FundooProject\\tests\\integration\\/user.test.js","function":null,"line":43,"method":null,"native":false},{"column":6,"file":"C:\\Users\\Kirana N\\WORKSPACE\\FundooProject\\node_modules\\supertest\\lib\\test.js","function":"Test.assert","line":181,"method":"assert","native":false},{"column":12,"file":"C:\\Users\\Kirana N\\WORKSPACE\\FundooProject\\node_modules\\supertest\\lib\\test.js","function":"Server.localAssert","line":131,"method":"localAssert","native":false},{"column":28,"file":"node:events","function":"Object.onceWrapper","line":641,"method":"onceWrapper","native":false},{"column":28,"file":"node:events","function":"Server.emit","line":527,"method":"emit","native":false},{"column":8,"file":"node:net","function":"emitCloseNT","line":1728,"method":null,"native":false},{"column":21,"file":"node:internal/process/task_queues","function":"processTicksAndRejections","line":82,"method":null,"native":false}]}
error: uncaughtException: expected 404 to equal 201
AssertionError: expected 404 to equal 201
    at Test.<anonymous> (C:\Users\Kirana N\WORKSPACE\FundooProject\tests\integration\/user.test.js:43:40)
    at Test.assert (C:\Users\Kirana N\WORKSPACE\FundooProject\node_modules\supertest\lib\test.js:181:6)
    at Server.localAssert (C:\Users\Kirana N\WORKSPACE\FundooProject\node_modules\supertest\lib\test.js:131:12)
    at Object.onceWrapper (node:events:641:28)
    at Server.emit (node:events:527:28)
    at emitCloseNT (node:net:1728:8)
    at processTicksAndRejections (node:internal/process/task_queues:82:21) {"date":"Thu Dec 28 2023 11:52:57 GMT+0530 (India Standard Time)","error":{"actual":404,"expected":201,"message":"expected 404 to equal 201","name":"AssertionError","operator":"strictEqual","showDiff":true,"stack":"AssertionError: expected 404 to equal 201\n    at Test.<anonymous> (C:\\Users\\Kirana N\\WORKSPACE\\FundooProject\\tests\\integration\\/user.test.js:43:40)\n    at Test.assert (C:\\Users\\Kirana N\\WORKSPACE\\FundooProject\\node_modules\\supertest\\lib\\test.js:181:6)\n    at Server.localAssert (C:\\Users\\Kirana N\\WORKSPACE\\FundooProject\\node_modules\\supertest\\lib\\test.js:131:12)\n    at Object.onceWrapper (node:events:641:28)\n    at Server.emit (node:events:527:28)\n    at emitCloseNT (node:net:1728:8)\n    at processTicksAndRejections (node:internal/process/task_queues:82:21)"},"exception":true,"os":{"loadavg":[0,0,0],"uptime":1130762},"process":{"argv":["C:\\Program Files\\nodejs\\node.exe","C:\\Users\\Kirana N\\WORKSPACE\\FundooProject\\node_modules\\mocha\\bin\\mocha","--exit","--recursive","--require","@babel/register","--timeout=5000","tests/**/*.js"],"cwd":"C:\\Users\\Kirana N\\WORKSPACE\\FundooProject","execPath":"C:\\Program Files\\nodejs\\node.exe","gid":null,"memoryUsage":{"arrayBuffers":19349400,"external":25318623,"heapTotal":82075648,"heapUsed":56150488,"rss":113696768},"pid":25696,"uid":null,"version":"v16.15.0"},"stack":"AssertionError: expected 404 to equal 201\n    at Test.<anonymous> (C:\\Users\\Kirana N\\WORKSPACE\\FundooProject\\tests\\integration\\/user.test.js:43:40)\n    at Test.assert (C:\\Users\\Kirana N\\WORKSPACE\\FundooProject\\node_modules\\supertest\\lib\\test.js:181:6)\n    at Server.localAssert (C:\\Users\\Kirana N\\WORKSPACE\\FundooProject\\node_modules\\supertest\\lib\\test.js:131:12)\n    at Object.onceWrapper (node:events:641:28)\n    at Server.emit (node:events:527:28)\n    at emitCloseNT (node:net:1728:8)\n    at processTicksAndRejections (node:internal/process/task_queues:82:21)","timestamp":"2023-12-28T06:22:57.679Z","trace":[{"column":40,"file":"C:\\Users\\Kirana N\\WORKSPACE\\FundooProject\\tests\\integration\\/user.test.js","function":null,"line":43,"method":null,"native":false},{"column":6,"file":"C:\\Users\\Kirana N\\WORKSPACE\\FundooProject\\node_modules\\supertest\\lib\\test.js","function":"Test.assert","line":181,"method":"assert","native":false},{"column":12,"file":"C:\\Users\\Kirana N\\WORKSPACE\\FundooProject\\node_modules\\supertest\\lib\\test.js","function":"Server.localAssert","line":131,"method":"localAssert","native":false},{"column":28,"file":"node:events","function":"Object.onceWrapper","line":641,"method":"onceWrapper","native":false},{"column":28,"file":"node:events","function":"Server.emit","line":527,"method":"emit","native":false},{"column":8,"file":"node:net","function":"emitCloseNT","line":1728,"method":null,"native":false},{"column":21,"file":"node:internal/process/task_queues","function":"processTicksAndRejections","line":82,"method":null,"native":false}]}
error: uncaughtException: expected 404 to equal 201
AssertionError: expected 404 to equal 201
    at Test.<anonymous> (C:\Users\Kirana N\WORKSPACE\FundooProject\tests\integration\/user.test.js:43:40)
    at Test.assert (C:\Users\Kirana N\WORKSPACE\FundooProject\node_modules\supertest\lib\test.js:181:6)
    at Server.localAssert (C:\Users\Kirana N\WORKSPACE\FundooProject\node_modules\supertest\lib\test.js:131:12)
    at Object.onceWrapper (node:events:641:28)
    at Server.emit (node:events:527:28)
    at emitCloseNT (node:net:1728:8)
    at processTicksAndRejections (node:internal/process/task_queues:82:21) {"date":"Thu Dec 28 2023 11:54:10 GMT+0530 (India Standard Time)","error":{"actual":404,"expected":201,"message":"expected 404 to equal 201","name":"AssertionError","operator":"strictEqual","showDiff":true,"stack":"AssertionError: expected 404 to equal 201\n    at Test.<anonymous> (C:\\Users\\Kirana N\\WORKSPACE\\FundooProject\\tests\\integration\\/user.test.js:43:40)\n    at Test.assert (C:\\Users\\Kirana N\\WORKSPACE\\FundooProject\\node_modules\\supertest\\lib\\test.js:181:6)\n    at Server.localAssert (C:\\Users\\Kirana N\\WORKSPACE\\FundooProject\\node_modules\\supertest\\lib\\test.js:131:12)\n    at Object.onceWrapper (node:events:641:28)\n    at Server.emit (node:events:527:28)\n    at emitCloseNT (node:net:1728:8)\n    at processTicksAndRejections (node:internal/process/task_queues:82:21)"},"exception":true,"os":{"loadavg":[0,0,0],"uptime":1130835},"process":{"argv":["C:\\Program Files\\nodejs\\node.exe","C:\\Users\\Kirana N\\WORKSPACE\\FundooProject\\node_modules\\mocha\\bin\\mocha","--exit","--recursive","--require","@babel/register","--timeout=5000","tests/**/*.js"],"cwd":"C:\\Users\\Kirana N\\WORKSPACE\\FundooProject","execPath":"C:\\Program Files\\nodejs\\node.exe","gid":null,"memoryUsage":{"arrayBuffers":18956290,"external":22727454,"heapTotal":82599936,"heapUsed":52772992,"rss":113913856},"pid":12448,"uid":null,"version":"v16.15.0"},"stack":"AssertionError: expected 404 to equal 201\n    at Test.<anonymous> (C:\\Users\\Kirana N\\WORKSPACE\\FundooProject\\tests\\integration\\/user.test.js:43:40)\n    at Test.assert (C:\\Users\\Kirana N\\WORKSPACE\\FundooProject\\node_modules\\supertest\\lib\\test.js:181:6)\n    at Server.localAssert (C:\\Users\\Kirana N\\WORKSPACE\\FundooProject\\node_modules\\supertest\\lib\\test.js:131:12)\n    at Object.onceWrapper (node:events:641:28)\n    at Server.emit (node:events:527:28)\n    at emitCloseNT (node:net:1728:8)\n    at processTicksAndRejections (node:internal/process/task_queues:82:21)","timestamp":"2023-12-28T06:24:10.275Z","trace":[{"column":40,"file":"C:\\Users\\Kirana N\\WORKSPACE\\FundooProject\\tests\\integration\\/user.test.js","function":null,"line":43,"method":null,"native":false},{"column":6,"file":"C:\\Users\\Kirana N\\WORKSPACE\\FundooProject\\node_modules\\supertest\\lib\\test.js","function":"Test.assert","line":181,"method":"assert","native":false},{"column":12,"file":"C:\\Users\\Kirana N\\WORKSPACE\\FundooProject\\node_modules\\supertest\\lib\\test.js","function":"Server.localAssert","line":131,"method":"localAssert","native":false},{"column":28,"file":"node:events","function":"Object.onceWrapper","line":641,"method":"onceWrapper","native":false},{"column":28,"file":"node:events","function":"Server.emit","line":527,"method":"emit","native":false},{"column":8,"file":"node:net","function":"emitCloseNT","line":1728,"method":null,"native":false},{"column":21,"file":"node:internal/process/task_queues","function":"processTicksAndRejections","line":82,"method":null,"native":false}]}
error: uncaughtException: expected 404 to equal 201
AssertionError: expected 404 to equal 201
    at Test.<anonymous> (C:\Users\Kirana N\WORKSPACE\FundooProject\tests\integration\/user.test.js:43:40)
    at Test.assert (C:\Users\Kirana N\WORKSPACE\FundooProject\node_modules\supertest\lib\test.js:181:6)
    at Server.localAssert (C:\Users\Kirana N\WORKSPACE\FundooProject\node_modules\supertest\lib\test.js:131:12)
    at Object.onceWrapper (node:events:641:28)
    at Server.emit (node:events:527:28)
    at emitCloseNT (node:net:1728:8)
    at processTicksAndRejections (node:internal/process/task_queues:82:21) {"date":"Thu Dec 28 2023 11:55:27 GMT+0530 (India Standard Time)","error":{"actual":404,"expected":201,"message":"expected 404 to equal 201","name":"AssertionError","operator":"strictEqual","showDiff":true,"stack":"AssertionError: expected 404 to equal 201\n    at Test.<anonymous> (C:\\Users\\Kirana N\\WORKSPACE\\FundooProject\\tests\\integration\\/user.test.js:43:40)\n    at Test.assert (C:\\Users\\Kirana N\\WORKSPACE\\FundooProject\\node_modules\\supertest\\lib\\test.js:181:6)\n    at Server.localAssert (C:\\Users\\Kirana N\\WORKSPACE\\FundooProject\\node_modules\\supertest\\lib\\test.js:131:12)\n    at Object.onceWrapper (node:events:641:28)\n    at Server.emit (node:events:527:28)\n    at emitCloseNT (node:net:1728:8)\n    at processTicksAndRejections (node:internal/process/task_queues:82:21)"},"exception":true,"os":{"loadavg":[0,0,0],"uptime":1130912},"process":{"argv":["C:\\Program Files\\nodejs\\node.exe","C:\\Users\\Kirana N\\WORKSPACE\\FundooProject\\node_modules\\mocha\\bin\\mocha","--exit","--recursive","--require","@babel/register","--timeout=5000","tests/**/*.js"],"cwd":"C:\\Users\\Kirana N\\WORKSPACE\\FundooProject","execPath":"C:\\Program Files\\nodejs\\node.exe","gid":null,"memoryUsage":{"arrayBuffers":18982873,"external":32158151,"heapTotal":82337792,"heapUsed":52707984,"rss":114348032},"pid":7392,"uid":null,"version":"v16.15.0"},"stack":"AssertionError: expected 404 to equal 201\n    at Test.<anonymous> (C:\\Users\\Kirana N\\WORKSPACE\\FundooProject\\tests\\integration\\/user.test.js:43:40)\n    at Test.assert (C:\\Users\\Kirana N\\WORKSPACE\\FundooProject\\node_modules\\supertest\\lib\\test.js:181:6)\n    at Server.localAssert (C:\\Users\\Kirana N\\WORKSPACE\\FundooProject\\node_modules\\supertest\\lib\\test.js:131:12)\n    at Object.onceWrapper (node:events:641:28)\n    at Server.emit (node:events:527:28)\n    at emitCloseNT (node:net:1728:8)\n    at processTicksAndRejections (node:internal/process/task_queues:82:21)","timestamp":"2023-12-28T06:25:27.331Z","trace":[{"column":40,"file":"C:\\Users\\Kirana N\\WORKSPACE\\FundooProject\\tests\\integration\\/user.test.js","function":null,"line":43,"method":null,"native":false},{"column":6,"file":"C:\\Users\\Kirana N\\WORKSPACE\\FundooProject\\node_modules\\supertest\\lib\\test.js","function":"Test.assert","line":181,"method":"assert","native":false},{"column":12,"file":"C:\\Users\\Kirana N\\WORKSPACE\\FundooProject\\node_modules\\supertest\\lib\\test.js","function":"Server.localAssert","line":131,"method":"localAssert","native":false},{"column":28,"file":"node:events","function":"Object.onceWrapper","line":641,"method":"onceWrapper","native":false},{"column":28,"file":"node:events","function":"Server.emit","line":527,"method":"emit","native":false},{"column":8,"file":"node:net","function":"emitCloseNT","line":1728,"method":null,"native":false},{"column":21,"file":"node:internal/process/task_queues","function":"processTicksAndRejections","line":82,"method":null,"native":false}]}
error: uncaughtException: expected 404 to equal 201
AssertionError: expected 404 to equal 201
    at Test.<anonymous> (C:\Users\Kirana N\WORKSPACE\FundooProject\tests\integration\/user.test.js:44:40)
    at Test.assert (C:\Users\Kirana N\WORKSPACE\FundooProject\node_modules\supertest\lib\test.js:181:6)
    at Server.localAssert (C:\Users\Kirana N\WORKSPACE\FundooProject\node_modules\supertest\lib\test.js:131:12)
    at Object.onceWrapper (node:events:641:28)
    at Server.emit (node:events:527:28)
    at emitCloseNT (node:net:1728:8)
    at processTicksAndRejections (node:internal/process/task_queues:82:21) {"date":"Thu Dec 28 2023 12:01:12 GMT+0530 (India Standard Time)","error":{"actual":404,"expected":201,"message":"expected 404 to equal 201","name":"AssertionError","operator":"strictEqual","showDiff":true,"stack":"AssertionError: expected 404 to equal 201\n    at Test.<anonymous> (C:\\Users\\Kirana N\\WORKSPACE\\FundooProject\\tests\\integration\\/user.test.js:44:40)\n    at Test.assert (C:\\Users\\Kirana N\\WORKSPACE\\FundooProject\\node_modules\\supertest\\lib\\test.js:181:6)\n    at Server.localAssert (C:\\Users\\Kirana N\\WORKSPACE\\FundooProject\\node_modules\\supertest\\lib\\test.js:131:12)\n    at Object.onceWrapper (node:events:641:28)\n    at Server.emit (node:events:527:28)\n    at emitCloseNT (node:net:1728:8)\n    at processTicksAndRejections (node:internal/process/task_queues:82:21)"},"exception":true,"os":{"loadavg":[0,0,0],"uptime":1131256},"process":{"argv":["C:\\Program Files\\nodejs\\node.exe","C:\\Users\\Kirana N\\WORKSPACE\\FundooProject\\node_modules\\mocha\\bin\\mocha","--exit","--recursive","--require","@babel/register","--timeout=5000","tests/**/*.js"],"cwd":"C:\\Users\\Kirana N\\WORKSPACE\\FundooProject","execPath":"C:\\Program Files\\nodejs\\node.exe","gid":null,"memoryUsage":{"arrayBuffers":18465543,"external":32157597,"heapTotal":82628608,"heapUsed":50461912,"rss":113451008},"pid":84192,"uid":null,"version":"v16.15.0"},"stack":"AssertionError: expected 404 to equal 201\n    at Test.<anonymous> (C:\\Users\\Kirana N\\WORKSPACE\\FundooProject\\tests\\integration\\/user.test.js:44:40)\n    at Test.assert (C:\\Users\\Kirana N\\WORKSPACE\\FundooProject\\node_modules\\supertest\\lib\\test.js:181:6)\n    at Server.localAssert (C:\\Users\\Kirana N\\WORKSPACE\\FundooProject\\node_modules\\supertest\\lib\\test.js:131:12)\n    at Object.onceWrapper (node:events:641:28)\n    at Server.emit (node:events:527:28)\n    at emitCloseNT (node:net:1728:8)\n    at processTicksAndRejections (node:internal/process/task_queues:82:21)","timestamp":"2023-12-28T06:31:12.110Z","trace":[{"column":40,"file":"C:\\Users\\Kirana N\\WORKSPACE\\FundooProject\\tests\\integration\\/user.test.js","function":null,"line":44,"method":null,"native":false},{"column":6,"file":"C:\\Users\\Kirana N\\WORKSPACE\\FundooProject\\node_modules\\supertest\\lib\\test.js","function":"Test.assert","line":181,"method":"assert","native":false},{"column":12,"file":"C:\\Users\\Kirana N\\WORKSPACE\\FundooProject\\node_modules\\supertest\\lib\\test.js","function":"Server.localAssert","line":131,"method":"localAssert","native":false},{"column":28,"file":"node:events","function":"Object.onceWrapper","line":641,"method":"onceWrapper","native":false},{"column":28,"file":"node:events","function":"Server.emit","line":527,"method":"emit","native":false},{"column":8,"file":"node:net","function":"emitCloseNT","line":1728,"method":null,"native":false},{"column":21,"file":"node:internal/process/task_queues","function":"processTicksAndRejections","line":82,"method":null,"native":false}]}
error: uncaughtException: expected 404 to equal 201
AssertionError: expected 404 to equal 201
    at Test.<anonymous> (C:\Users\Kirana N\WORKSPACE\FundooProject\tests\integration\/user.test.js:44:40)
    at Test.assert (C:\Users\Kirana N\WORKSPACE\FundooProject\node_modules\supertest\lib\test.js:181:6)
    at Server.localAssert (C:\Users\Kirana N\WORKSPACE\FundooProject\node_modules\supertest\lib\test.js:131:12)
    at Object.onceWrapper (node:events:641:28)
    at Server.emit (node:events:527:28)
    at emitCloseNT (node:net:1728:8)
    at processTicksAndRejections (node:internal/process/task_queues:82:21) {"date":"Thu Dec 28 2023 12:04:25 GMT+0530 (India Standard Time)","error":{"actual":404,"expected":201,"message":"expected 404 to equal 201","name":"AssertionError","operator":"strictEqual","showDiff":true,"stack":"AssertionError: expected 404 to equal 201\n    at Test.<anonymous> (C:\\Users\\Kirana N\\WORKSPACE\\FundooProject\\tests\\integration\\/user.test.js:44:40)\n    at Test.assert (C:\\Users\\Kirana N\\WORKSPACE\\FundooProject\\node_modules\\supertest\\lib\\test.js:181:6)\n    at Server.localAssert (C:\\Users\\Kirana N\\WORKSPACE\\FundooProject\\node_modules\\supertest\\lib\\test.js:131:12)\n    at Object.onceWrapper (node:events:641:28)\n    at Server.emit (node:events:527:28)\n    at emitCloseNT (node:net:1728:8)\n    at processTicksAndRejections (node:internal/process/task_queues:82:21)"},"exception":true,"os":{"loadavg":[0,0,0],"uptime":1131450},"process":{"argv":["C:\\Program Files\\nodejs\\node.exe","C:\\Users\\Kirana N\\WORKSPACE\\FundooProject\\node_modules\\mocha\\bin\\mocha","--exit","--recursive","--require","@babel/register","--timeout=5000","tests/**/*.js"],"cwd":"C:\\Users\\Kirana N\\WORKSPACE\\FundooProject","execPath":"C:\\Program Files\\nodejs\\node.exe","gid":null,"memoryUsage":{"arrayBuffers":19688687,"external":25200242,"heapTotal":86294528,"heapUsed":63575768,"rss":118345728},"pid":91476,"uid":null,"version":"v16.15.0"},"stack":"AssertionError: expected 404 to equal 201\n    at Test.<anonymous> (C:\\Users\\Kirana N\\WORKSPACE\\FundooProject\\tests\\integration\\/user.test.js:44:40)\n    at Test.assert (C:\\Users\\Kirana N\\WORKSPACE\\FundooProject\\node_modules\\supertest\\lib\\test.js:181:6)\n    at Server.localAssert (C:\\Users\\Kirana N\\WORKSPACE\\FundooProject\\node_modules\\supertest\\lib\\test.js:131:12)\n    at Object.onceWrapper (node:events:641:28)\n    at Server.emit (node:events:527:28)\n    at emitCloseNT (node:net:1728:8)\n    at processTicksAndRejections (node:internal/process/task_queues:82:21)","timestamp":"2023-12-28T06:34:25.852Z","trace":[{"column":40,"file":"C:\\Users\\Kirana N\\WORKSPACE\\FundooProject\\tests\\integration\\/user.test.js","function":null,"line":44,"method":null,"native":false},{"column":6,"file":"C:\\Users\\Kirana N\\WORKSPACE\\FundooProject\\node_modules\\supertest\\lib\\test.js","function":"Test.assert","line":181,"method":"assert","native":false},{"column":12,"file":"C:\\Users\\Kirana N\\WORKSPACE\\FundooProject\\node_modules\\supertest\\lib\\test.js","function":"Server.localAssert","line":131,"method":"localAssert","native":false},{"column":28,"file":"node:events","function":"Object.onceWrapper","line":641,"method":"onceWrapper","native":false},{"column":28,"file":"node:events","function":"Server.emit","line":527,"method":"emit","native":false},{"column":8,"file":"node:net","function":"emitCloseNT","line":1728,"method":null,"native":false},{"column":21,"file":"node:internal/process/task_queues","function":"processTicksAndRejections","line":82,"method":null,"native":false}]}
error: uncaughtException: expected 404 to equal 201
AssertionError: expected 404 to equal 201
    at Test.<anonymous> (C:\Users\Kirana N\WORKSPACE\FundooProject\tests\integration\/user.test.js:44:40)
    at Test.assert (C:\Users\Kirana N\WORKSPACE\FundooProject\node_modules\supertest\lib\test.js:181:6)
    at Server.localAssert (C:\Users\Kirana N\WORKSPACE\FundooProject\node_modules\supertest\lib\test.js:131:12)
    at Object.onceWrapper (node:events:641:28)
    at Server.emit (node:events:527:28)
    at emitCloseNT (node:net:1728:8)
    at processTicksAndRejections (node:internal/process/task_queues:82:21) {"date":"Thu Dec 28 2023 12:06:34 GMT+0530 (India Standard Time)","error":{"actual":404,"expected":201,"message":"expected 404 to equal 201","name":"AssertionError","operator":"strictEqual","showDiff":true,"stack":"AssertionError: expected 404 to equal 201\n    at Test.<anonymous> (C:\\Users\\Kirana N\\WORKSPACE\\FundooProject\\tests\\integration\\/user.test.js:44:40)\n    at Test.assert (C:\\Users\\Kirana N\\WORKSPACE\\FundooProject\\node_modules\\supertest\\lib\\test.js:181:6)\n    at Server.localAssert (C:\\Users\\Kirana N\\WORKSPACE\\FundooProject\\node_modules\\supertest\\lib\\test.js:131:12)\n    at Object.onceWrapper (node:events:641:28)\n    at Server.emit (node:events:527:28)\n    at emitCloseNT (node:net:1728:8)\n    at processTicksAndRejections (node:internal/process/task_queues:82:21)"},"exception":true,"os":{"loadavg":[0,0,0],"uptime":1131578},"process":{"argv":["C:\\Program Files\\nodejs\\node.exe","C:\\Users\\Kirana N\\WORKSPACE\\FundooProject\\node_modules\\mocha\\bin\\mocha","--exit","--recursive","--require","@babel/register","--timeout=5000","tests/**/*.js"],"cwd":"C:\\Users\\Kirana N\\WORKSPACE\\FundooProject","execPath":"C:\\Program Files\\nodejs\\node.exe","gid":null,"memoryUsage":{"arrayBuffers":19000841,"external":32210234,"heapTotal":82362368,"heapUsed":52727184,"rss":114425856},"pid":25440,"uid":null,"version":"v16.15.0"},"stack":"AssertionError: expected 404 to equal 201\n    at Test.<anonymous> (C:\\Users\\Kirana N\\WORKSPACE\\FundooProject\\tests\\integration\\/user.test.js:44:40)\n    at Test.assert (C:\\Users\\Kirana N\\WORKSPACE\\FundooProject\\node_modules\\supertest\\lib\\test.js:181:6)\n    at Server.localAssert (C:\\Users\\Kirana N\\WORKSPACE\\FundooProject\\node_modules\\supertest\\lib\\test.js:131:12)\n    at Object.onceWrapper (node:events:641:28)\n    at Server.emit (node:events:527:28)\n    at emitCloseNT (node:net:1728:8)\n    at processTicksAndRejections (node:internal/process/task_queues:82:21)","timestamp":"2023-12-28T06:36:34.033Z","trace":[{"column":40,"file":"C:\\Users\\Kirana N\\WORKSPACE\\FundooProject\\tests\\integration\\/user.test.js","function":null,"line":44,"method":null,"native":false},{"column":6,"file":"C:\\Users\\Kirana N\\WORKSPACE\\FundooProject\\node_modules\\supertest\\lib\\test.js","function":"Test.assert","line":181,"method":"assert","native":false},{"column":12,"file":"C:\\Users\\Kirana N\\WORKSPACE\\FundooProject\\node_modules\\supertest\\lib\\test.js","function":"Server.localAssert","line":131,"method":"localAssert","native":false},{"column":28,"file":"node:events","function":"Object.onceWrapper","line":641,"method":"onceWrapper","native":false},{"column":28,"file":"node:events","function":"Server.emit","line":527,"method":"emit","native":false},{"column":8,"file":"node:net","function":"emitCloseNT","line":1728,"method":null,"native":false},{"column":21,"file":"node:internal/process/task_queues","function":"processTicksAndRejections","line":82,"method":null,"native":false}]}
error: uncaughtException: expected 404 to equal 201
AssertionError: expected 404 to equal 201
    at Test.<anonymous> (C:\Users\Kirana N\WORKSPACE\FundooProject\tests\integration\/user.test.js:61:40)
    at Test.assert (C:\Users\Kirana N\WORKSPACE\FundooProject\node_modules\supertest\lib\test.js:181:6)
    at Server.localAssert (C:\Users\Kirana N\WORKSPACE\FundooProject\node_modules\supertest\lib\test.js:131:12)
    at Object.onceWrapper (node:events:641:28)
    at Server.emit (node:events:527:28)
    at emitCloseNT (node:net:1728:8)
    at processTicksAndRejections (node:internal/process/task_queues:82:21) {"date":"Thu Dec 28 2023 12:08:53 GMT+0530 (India Standard Time)","error":{"actual":404,"expected":201,"message":"expected 404 to equal 201","name":"AssertionError","operator":"strictEqual","showDiff":true,"stack":"AssertionError: expected 404 to equal 201\n    at Test.<anonymous> (C:\\Users\\Kirana N\\WORKSPACE\\FundooProject\\tests\\integration\\/user.test.js:61:40)\n    at Test.assert (C:\\Users\\Kirana N\\WORKSPACE\\FundooProject\\node_modules\\supertest\\lib\\test.js:181:6)\n    at Server.localAssert (C:\\Users\\Kirana N\\WORKSPACE\\FundooProject\\node_modules\\supertest\\lib\\test.js:131:12)\n    at Object.onceWrapper (node:events:641:28)\n    at Server.emit (node:events:527:28)\n    at emitCloseNT (node:net:1728:8)\n    at processTicksAndRejections (node:internal/process/task_queues:82:21)"},"exception":true,"os":{"loadavg":[0,0,0],"uptime":1131718},"process":{"argv":["C:\\Program Files\\nodejs\\node.exe","C:\\Users\\Kirana N\\WORKSPACE\\FundooProject\\node_modules\\mocha\\bin\\mocha","--exit","--recursive","--require","@babel/register","--timeout=5000","tests/**/*.js"],"cwd":"C:\\Users\\Kirana N\\WORKSPACE\\FundooProject","execPath":"C:\\Program Files\\nodejs\\node.exe","gid":null,"memoryUsage":{"arrayBuffers":19178055,"external":23656849,"heapTotal":82886656,"heapUsed":54404176,"rss":115507200},"pid":66468,"uid":null,"version":"v16.15.0"},"stack":"AssertionError: expected 404 to equal 201\n    at Test.<anonymous> (C:\\Users\\Kirana N\\WORKSPACE\\FundooProject\\tests\\integration\\/user.test.js:61:40)\n    at Test.assert (C:\\Users\\Kirana N\\WORKSPACE\\FundooProject\\node_modules\\supertest\\lib\\test.js:181:6)\n    at Server.localAssert (C:\\Users\\Kirana N\\WORKSPACE\\FundooProject\\node_modules\\supertest\\lib\\test.js:131:12)\n    at Object.onceWrapper (node:events:641:28)\n    at Server.emit (node:events:527:28)\n    at emitCloseNT (node:net:1728:8)\n    at processTicksAndRejections (node:internal/process/task_queues:82:21)","timestamp":"2023-12-28T06:38:53.546Z","trace":[{"column":40,"file":"C:\\Users\\Kirana N\\WORKSPACE\\FundooProject\\tests\\integration\\/user.test.js","function":null,"line":61,"method":null,"native":false},{"column":6,"file":"C:\\Users\\Kirana N\\WORKSPACE\\FundooProject\\node_modules\\supertest\\lib\\test.js","function":"Test.assert","line":181,"method":"assert","native":false},{"column":12,"file":"C:\\Users\\Kirana N\\WORKSPACE\\FundooProject\\node_modules\\supertest\\lib\\test.js","function":"Server.localAssert","line":131,"method":"localAssert","native":false},{"column":28,"file":"node:events","function":"Object.onceWrapper","line":641,"method":"onceWrapper","native":false},{"column":28,"file":"node:events","function":"Server.emit","line":527,"method":"emit","native":false},{"column":8,"file":"node:net","function":"emitCloseNT","line":1728,"method":null,"native":false},{"column":21,"file":"node:internal/process/task_queues","function":"processTicksAndRejections","line":82,"method":null,"native":false}]}
error: uncaughtException: expected 400 to equal 201
AssertionError: expected 400 to equal 201
    at Test.<anonymous> (C:\Users\Kirana N\WORKSPACE\FundooProject\tests\integration\/user.test.js:61:40)
    at Test.assert (C:\Users\Kirana N\WORKSPACE\FundooProject\node_modules\supertest\lib\test.js:181:6)
    at Server.localAssert (C:\Users\Kirana N\WORKSPACE\FundooProject\node_modules\supertest\lib\test.js:131:12)
    at Object.onceWrapper (node:events:641:28)
    at Server.emit (node:events:527:28)
    at emitCloseNT (node:net:1728:8)
    at processTicksAndRejections (node:internal/process/task_queues:82:21) {"date":"Thu Dec 28 2023 12:09:10 GMT+0530 (India Standard Time)","error":{"actual":400,"expected":201,"message":"expected 400 to equal 201","name":"AssertionError","operator":"strictEqual","showDiff":true,"stack":"AssertionError: expected 400 to equal 201\n    at Test.<anonymous> (C:\\Users\\Kirana N\\WORKSPACE\\FundooProject\\tests\\integration\\/user.test.js:61:40)\n    at Test.assert (C:\\Users\\Kirana N\\WORKSPACE\\FundooProject\\node_modules\\supertest\\lib\\test.js:181:6)\n    at Server.localAssert (C:\\Users\\Kirana N\\WORKSPACE\\FundooProject\\node_modules\\supertest\\lib\\test.js:131:12)\n    at Object.onceWrapper (node:events:641:28)\n    at Server.emit (node:events:527:28)\n    at emitCloseNT (node:net:1728:8)\n    at processTicksAndRejections (node:internal/process/task_queues:82:21)"},"exception":true,"os":{"loadavg":[0,0,0],"uptime":1131735},"process":{"argv":["C:\\Program Files\\nodejs\\node.exe","C:\\Users\\Kirana N\\WORKSPACE\\FundooProject\\node_modules\\mocha\\bin\\mocha","--exit","--recursive","--require","@babel/register","--timeout=5000","tests/**/*.js"],"cwd":"C:\\Users\\Kirana N\\WORKSPACE\\FundooProject","execPath":"C:\\Program Files\\nodejs\\node.exe","gid":null,"memoryUsage":{"arrayBuffers":18498854,"external":32212752,"heapTotal":83152896,"heapUsed":51527744,"rss":114081792},"pid":87116,"uid":null,"version":"v16.15.0"},"stack":"AssertionError: expected 400 to equal 201\n    at Test.<anonymous> (C:\\Users\\Kirana N\\WORKSPACE\\FundooProject\\tests\\integration\\/user.test.js:61:40)\n    at Test.assert (C:\\Users\\Kirana N\\WORKSPACE\\FundooProject\\node_modules\\supertest\\lib\\test.js:181:6)\n    at Server.localAssert (C:\\Users\\Kirana N\\WORKSPACE\\FundooProject\\node_modules\\supertest\\lib\\test.js:131:12)\n    at Object.onceWrapper (node:events:641:28)\n    at Server.emit (node:events:527:28)\n    at emitCloseNT (node:net:1728:8)\n    at processTicksAndRejections (node:internal/process/task_queues:82:21)","timestamp":"2023-12-28T06:39:10.571Z","trace":[{"column":40,"file":"C:\\Users\\Kirana N\\WORKSPACE\\FundooProject\\tests\\integration\\/user.test.js","function":null,"line":61,"method":null,"native":false},{"column":6,"file":"C:\\Users\\Kirana N\\WORKSPACE\\FundooProject\\node_modules\\supertest\\lib\\test.js","function":"Test.assert","line":181,"method":"assert","native":false},{"column":12,"file":"C:\\Users\\Kirana N\\WORKSPACE\\FundooProject\\node_modules\\supertest\\lib\\test.js","function":"Server.localAssert","line":131,"method":"localAssert","native":false},{"column":28,"file":"node:events","function":"Object.onceWrapper","line":641,"method":"onceWrapper","native":false},{"column":28,"file":"node:events","function":"Server.emit","line":527,"method":"emit","native":false},{"column":8,"file":"node:net","function":"emitCloseNT","line":1728,"method":null,"native":false},{"column":21,"file":"node:internal/process/task_queues","function":"processTicksAndRejections","line":82,"method":null,"native":false}]}
error: uncaughtException: expected 400 to equal 201
AssertionError: expected 400 to equal 201
    at Test.<anonymous> (C:\Users\Kirana N\WORKSPACE\FundooProject\tests\integration\/user.test.js:61:40)
    at Test.assert (C:\Users\Kirana N\WORKSPACE\FundooProject\node_modules\supertest\lib\test.js:181:6)
    at Server.localAssert (C:\Users\Kirana N\WORKSPACE\FundooProject\node_modules\supertest\lib\test.js:131:12)
    at Object.onceWrapper (node:events:641:28)
    at Server.emit (node:events:527:28)
    at emitCloseNT (node:net:1728:8)
    at processTicksAndRejections (node:internal/process/task_queues:82:21) {"date":"Thu Dec 28 2023 12:11:35 GMT+0530 (India Standard Time)","error":{"actual":400,"expected":201,"message":"expected 400 to equal 201","name":"AssertionError","operator":"strictEqual","showDiff":true,"stack":"AssertionError: expected 400 to equal 201\n    at Test.<anonymous> (C:\\Users\\Kirana N\\WORKSPACE\\FundooProject\\tests\\integration\\/user.test.js:61:40)\n    at Test.assert (C:\\Users\\Kirana N\\WORKSPACE\\FundooProject\\node_modules\\supertest\\lib\\test.js:181:6)\n    at Server.localAssert (C:\\Users\\Kirana N\\WORKSPACE\\FundooProject\\node_modules\\supertest\\lib\\test.js:131:12)\n    at Object.onceWrapper (node:events:641:28)\n    at Server.emit (node:events:527:28)\n    at emitCloseNT (node:net:1728:8)\n    at processTicksAndRejections (node:internal/process/task_queues:82:21)"},"exception":true,"os":{"loadavg":[0,0,0],"uptime":1131880},"process":{"argv":["C:\\Program Files\\nodejs\\node.exe","C:\\Users\\Kirana N\\WORKSPACE\\FundooProject\\node_modules\\mocha\\bin\\mocha","--exit","--recursive","--require","@babel/register","--timeout=5000","tests/**/*.js"],"cwd":"C:\\Users\\Kirana N\\WORKSPACE\\FundooProject","execPath":"C:\\Program Files\\nodejs\\node.exe","gid":null,"memoryUsage":{"arrayBuffers":18430345,"external":27584327,"heapTotal":83415040,"heapUsed":51589736,"rss":114221056},"pid":88828,"uid":null,"version":"v16.15.0"},"stack":"AssertionError: expected 400 to equal 201\n    at Test.<anonymous> (C:\\Users\\Kirana N\\WORKSPACE\\FundooProject\\tests\\integration\\/user.test.js:61:40)\n    at Test.assert (C:\\Users\\Kirana N\\WORKSPACE\\FundooProject\\node_modules\\supertest\\lib\\test.js:181:6)\n    at Server.localAssert (C:\\Users\\Kirana N\\WORKSPACE\\FundooProject\\node_modules\\supertest\\lib\\test.js:131:12)\n    at Object.onceWrapper (node:events:641:28)\n    at Server.emit (node:events:527:28)\n    at emitCloseNT (node:net:1728:8)\n    at processTicksAndRejections (node:internal/process/task_queues:82:21)","timestamp":"2023-12-28T06:41:35.284Z","trace":[{"column":40,"file":"C:\\Users\\Kirana N\\WORKSPACE\\FundooProject\\tests\\integration\\/user.test.js","function":null,"line":61,"method":null,"native":false},{"column":6,"file":"C:\\Users\\Kirana N\\WORKSPACE\\FundooProject\\node_modules\\supertest\\lib\\test.js","function":"Test.assert","line":181,"method":"assert","native":false},{"column":12,"file":"C:\\Users\\Kirana N\\WORKSPACE\\FundooProject\\node_modules\\supertest\\lib\\test.js","function":"Server.localAssert","line":131,"method":"localAssert","native":false},{"column":28,"file":"node:events","function":"Object.onceWrapper","line":641,"method":"onceWrapper","native":false},{"column":28,"file":"node:events","function":"Server.emit","line":527,"method":"emit","native":false},{"column":8,"file":"node:net","function":"emitCloseNT","line":1728,"method":null,"native":false},{"column":21,"file":"node:internal/process/task_queues","function":"processTicksAndRejections","line":82,"method":null,"native":false}]}
error: uncaughtException: expected 400 to equal 201
AssertionError: expected 400 to equal 201
    at Test.<anonymous> (C:\Users\Kirana N\WORKSPACE\FundooProject\tests\integration\/user.test.js:61:40)
    at Test.assert (C:\Users\Kirana N\WORKSPACE\FundooProject\node_modules\supertest\lib\test.js:181:6)
    at Server.localAssert (C:\Users\Kirana N\WORKSPACE\FundooProject\node_modules\supertest\lib\test.js:131:12)
    at Object.onceWrapper (node:events:641:28)
    at Server.emit (node:events:527:28)
    at emitCloseNT (node:net:1728:8)
    at processTicksAndRejections (node:internal/process/task_queues:82:21) {"date":"Thu Dec 28 2023 12:13:12 GMT+0530 (India Standard Time)","error":{"actual":400,"expected":201,"message":"expected 400 to equal 201","name":"AssertionError","operator":"strictEqual","showDiff":true,"stack":"AssertionError: expected 400 to equal 201\n    at Test.<anonymous> (C:\\Users\\Kirana N\\WORKSPACE\\FundooProject\\tests\\integration\\/user.test.js:61:40)\n    at Test.assert (C:\\Users\\Kirana N\\WORKSPACE\\FundooProject\\node_modules\\supertest\\lib\\test.js:181:6)\n    at Server.localAssert (C:\\Users\\Kirana N\\WORKSPACE\\FundooProject\\node_modules\\supertest\\lib\\test.js:131:12)\n    at Object.onceWrapper (node:events:641:28)\n    at Server.emit (node:events:527:28)\n    at emitCloseNT (node:net:1728:8)\n    at processTicksAndRejections (node:internal/process/task_queues:82:21)"},"exception":true,"os":{"loadavg":[0,0,0],"uptime":1131977},"process":{"argv":["C:\\Program Files\\nodejs\\node.exe","C:\\Users\\Kirana N\\WORKSPACE\\FundooProject\\node_modules\\mocha\\bin\\mocha","--exit","--recursive","--require","@babel/register","--timeout=5000","tests/**/*.js"],"cwd":"C:\\Users\\Kirana N\\WORKSPACE\\FundooProject","execPath":"C:\\Program Files\\nodejs\\node.exe","gid":null,"memoryUsage":{"arrayBuffers":19564200,"external":25245582,"heapTotal":86577152,"heapUsed":62619576,"rss":118829056},"pid":41640,"uid":null,"version":"v16.15.0"},"stack":"AssertionError: expected 400 to equal 201\n    at Test.<anonymous> (C:\\Users\\Kirana N\\WORKSPACE\\FundooProject\\tests\\integration\\/user.test.js:61:40)\n    at Test.assert (C:\\Users\\Kirana N\\WORKSPACE\\FundooProject\\node_modules\\supertest\\lib\\test.js:181:6)\n    at Server.localAssert (C:\\Users\\Kirana N\\WORKSPACE\\FundooProject\\node_modules\\supertest\\lib\\test.js:131:12)\n    at Object.onceWrapper (node:events:641:28)\n    at Server.emit (node:events:527:28)\n    at emitCloseNT (node:net:1728:8)\n    at processTicksAndRejections (node:internal/process/task_queues:82:21)","timestamp":"2023-12-28T06:43:12.271Z","trace":[{"column":40,"file":"C:\\Users\\Kirana N\\WORKSPACE\\FundooProject\\tests\\integration\\/user.test.js","function":null,"line":61,"method":null,"native":false},{"column":6,"file":"C:\\Users\\Kirana N\\WORKSPACE\\FundooProject\\node_modules\\supertest\\lib\\test.js","function":"Test.assert","line":181,"method":"assert","native":false},{"column":12,"file":"C:\\Users\\Kirana N\\WORKSPACE\\FundooProject\\node_modules\\supertest\\lib\\test.js","function":"Server.localAssert","line":131,"method":"localAssert","native":false},{"column":28,"file":"node:events","function":"Object.onceWrapper","line":641,"method":"onceWrapper","native":false},{"column":28,"file":"node:events","function":"Server.emit","line":527,"method":"emit","native":false},{"column":8,"file":"node:net","function":"emitCloseNT","line":1728,"method":null,"native":false},{"column":21,"file":"node:internal/process/task_queues","function":"processTicksAndRejections","line":82,"method":null,"native":false}]}
error: uncaughtException: expected 500 to equal 201
AssertionError: expected 500 to equal 201
    at Test.<anonymous> (C:\Users\Kirana N\WORKSPACE\FundooProject\tests\integration\/user.test.js:102:40)
    at Test.assert (C:\Users\Kirana N\WORKSPACE\FundooProject\node_modules\supertest\lib\test.js:181:6)
    at Server.localAssert (C:\Users\Kirana N\WORKSPACE\FundooProject\node_modules\supertest\lib\test.js:131:12)
    at Object.onceWrapper (node:events:641:28)
    at Server.emit (node:events:527:28)
    at emitCloseNT (node:net:1728:8)
    at processTicksAndRejections (node:internal/process/task_queues:82:21) {"date":"Thu Dec 28 2023 12:34:17 GMT+0530 (India Standard Time)","error":{"actual":500,"expected":201,"message":"expected 500 to equal 201","name":"AssertionError","operator":"strictEqual","showDiff":true,"stack":"AssertionError: expected 500 to equal 201\n    at Test.<anonymous> (C:\\Users\\Kirana N\\WORKSPACE\\FundooProject\\tests\\integration\\/user.test.js:102:40)\n    at Test.assert (C:\\Users\\Kirana N\\WORKSPACE\\FundooProject\\node_modules\\supertest\\lib\\test.js:181:6)\n    at Server.localAssert (C:\\Users\\Kirana N\\WORKSPACE\\FundooProject\\node_modules\\supertest\\lib\\test.js:131:12)\n    at Object.onceWrapper (node:events:641:28)\n    at Server.emit (node:events:527:28)\n    at emitCloseNT (node:net:1728:8)\n    at processTicksAndRejections (node:internal/process/task_queues:82:21)"},"exception":true,"os":{"loadavg":[0,0,0],"uptime":1133242},"process":{"argv":["C:\\Program Files\\nodejs\\node.exe","C:\\Users\\Kirana N\\WORKSPACE\\FundooProject\\node_modules\\mocha\\bin\\mocha","--exit","--recursive","--require","@babel/register","--timeout=5000","tests/**/*.js"],"cwd":"C:\\Users\\Kirana N\\WORKSPACE\\FundooProject","execPath":"C:\\Program Files\\nodejs\\node.exe","gid":null,"memoryUsage":{"arrayBuffers":19004670,"external":32366188,"heapTotal":84013056,"heapUsed":53589336,"rss":116146176},"pid":58212,"uid":null,"version":"v16.15.0"},"stack":"AssertionError: expected 500 to equal 201\n    at Test.<anonymous> (C:\\Users\\Kirana N\\WORKSPACE\\FundooProject\\tests\\integration\\/user.test.js:102:40)\n    at Test.assert (C:\\Users\\Kirana N\\WORKSPACE\\FundooProject\\node_modules\\supertest\\lib\\test.js:181:6)\n    at Server.localAssert (C:\\Users\\Kirana N\\WORKSPACE\\FundooProject\\node_modules\\supertest\\lib\\test.js:131:12)\n    at Object.onceWrapper (node:events:641:28)\n    at Server.emit (node:events:527:28)\n    at emitCloseNT (node:net:1728:8)\n    at processTicksAndRejections (node:internal/process/task_queues:82:21)","timestamp":"2023-12-28T07:04:17.866Z","trace":[{"column":40,"file":"C:\\Users\\Kirana N\\WORKSPACE\\FundooProject\\tests\\integration\\/user.test.js","function":null,"line":102,"method":null,"native":false},{"column":6,"file":"C:\\Users\\Kirana N\\WORKSPACE\\FundooProject\\node_modules\\supertest\\lib\\test.js","function":"Test.assert","line":181,"method":"assert","native":false},{"column":12,"file":"C:\\Users\\Kirana N\\WORKSPACE\\FundooProject\\node_modules\\supertest\\lib\\test.js","function":"Server.localAssert","line":131,"method":"localAssert","native":false},{"column":28,"file":"node:events","function":"Object.onceWrapper","line":641,"method":"onceWrapper","native":false},{"column":28,"file":"node:events","function":"Server.emit","line":527,"method":"emit","native":false},{"column":8,"file":"node:net","function":"emitCloseNT","line":1728,"method":null,"native":false},{"column":21,"file":"node:internal/process/task_queues","function":"processTicksAndRejections","line":82,"method":null,"native":false}]}
error: uncaughtException: expected 500 to equal 201
AssertionError: expected 500 to equal 201
    at Test.<anonymous> (C:\Users\Kirana N\WORKSPACE\FundooProject\tests\integration\/user.test.js:104:40)
    at Test.assert (C:\Users\Kirana N\WORKSPACE\FundooProject\node_modules\supertest\lib\test.js:181:6)
    at Server.localAssert (C:\Users\Kirana N\WORKSPACE\FundooProject\node_modules\supertest\lib\test.js:131:12)
    at Object.onceWrapper (node:events:641:28)
    at Server.emit (node:events:527:28)
    at emitCloseNT (node:net:1728:8)
    at processTicksAndRejections (node:internal/process/task_queues:82:21) {"date":"Thu Dec 28 2023 12:36:12 GMT+0530 (India Standard Time)","error":{"actual":500,"expected":201,"message":"expected 500 to equal 201","name":"AssertionError","operator":"strictEqual","showDiff":true,"stack":"AssertionError: expected 500 to equal 201\n    at Test.<anonymous> (C:\\Users\\Kirana N\\WORKSPACE\\FundooProject\\tests\\integration\\/user.test.js:104:40)\n    at Test.assert (C:\\Users\\Kirana N\\WORKSPACE\\FundooProject\\node_modules\\supertest\\lib\\test.js:181:6)\n    at Server.localAssert (C:\\Users\\Kirana N\\WORKSPACE\\FundooProject\\node_modules\\supertest\\lib\\test.js:131:12)\n    at Object.onceWrapper (node:events:641:28)\n    at Server.emit (node:events:527:28)\n    at emitCloseNT (node:net:1728:8)\n    at processTicksAndRejections (node:internal/process/task_queues:82:21)"},"exception":true,"os":{"loadavg":[0,0,0],"uptime":1133356},"process":{"argv":["C:\\Program Files\\nodejs\\node.exe","C:\\Users\\Kirana N\\WORKSPACE\\FundooProject\\node_modules\\mocha\\bin\\mocha","--exit","--recursive","--require","@babel/register","--timeout=5000","tests/**/*.js"],"cwd":"C:\\Users\\Kirana N\\WORKSPACE\\FundooProject","execPath":"C:\\Program Files\\nodejs\\node.exe","gid":null,"memoryUsage":{"arrayBuffers":19134013,"external":32373766,"heapTotal":83750912,"heapUsed":54738368,"rss":115445760},"pid":6268,"uid":null,"version":"v16.15.0"},"stack":"AssertionError: expected 500 to equal 201\n    at Test.<anonymous> (C:\\Users\\Kirana N\\WORKSPACE\\FundooProject\\tests\\integration\\/user.test.js:104:40)\n    at Test.assert (C:\\Users\\Kirana N\\WORKSPACE\\FundooProject\\node_modules\\supertest\\lib\\test.js:181:6)\n    at Server.localAssert (C:\\Users\\Kirana N\\WORKSPACE\\FundooProject\\node_modules\\supertest\\lib\\test.js:131:12)\n    at Object.onceWrapper (node:events:641:28)\n    at Server.emit (node:events:527:28)\n    at emitCloseNT (node:net:1728:8)\n    at processTicksAndRejections (node:internal/process/task_queues:82:21)","timestamp":"2023-12-28T07:06:12.178Z","trace":[{"column":40,"file":"C:\\Users\\Kirana N\\WORKSPACE\\FundooProject\\tests\\integration\\/user.test.js","function":null,"line":104,"method":null,"native":false},{"column":6,"file":"C:\\Users\\Kirana N\\WORKSPACE\\FundooProject\\node_modules\\supertest\\lib\\test.js","function":"Test.assert","line":181,"method":"assert","native":false},{"column":12,"file":"C:\\Users\\Kirana N\\WORKSPACE\\FundooProject\\node_modules\\supertest\\lib\\test.js","function":"Server.localAssert","line":131,"method":"localAssert","native":false},{"column":28,"file":"node:events","function":"Object.onceWrapper","line":641,"method":"onceWrapper","native":false},{"column":28,"file":"node:events","function":"Server.emit","line":527,"method":"emit","native":false},{"column":8,"file":"node:net","function":"emitCloseNT","line":1728,"method":null,"native":false},{"column":21,"file":"node:internal/process/task_queues","function":"processTicksAndRejections","line":82,"method":null,"native":false}]}
error: uncaughtException: expected 401 to equal 201
AssertionError: expected 401 to equal 201
    at Test.<anonymous> (C:\Users\Kirana N\WORKSPACE\FundooProject\tests\integration\/user.test.js:104:40)
    at Test.assert (C:\Users\Kirana N\WORKSPACE\FundooProject\node_modules\supertest\lib\test.js:181:6)
    at Server.localAssert (C:\Users\Kirana N\WORKSPACE\FundooProject\node_modules\supertest\lib\test.js:131:12)
    at Object.onceWrapper (node:events:641:28)
    at Server.emit (node:events:527:28)
    at emitCloseNT (node:net:1728:8)
    at processTicksAndRejections (node:internal/process/task_queues:82:21) {"date":"Thu Dec 28 2023 12:36:46 GMT+0530 (India Standard Time)","error":{"actual":401,"expected":201,"message":"expected 401 to equal 201","name":"AssertionError","operator":"strictEqual","showDiff":true,"stack":"AssertionError: expected 401 to equal 201\n    at Test.<anonymous> (C:\\Users\\Kirana N\\WORKSPACE\\FundooProject\\tests\\integration\\/user.test.js:104:40)\n    at Test.assert (C:\\Users\\Kirana N\\WORKSPACE\\FundooProject\\node_modules\\supertest\\lib\\test.js:181:6)\n    at Server.localAssert (C:\\Users\\Kirana N\\WORKSPACE\\FundooProject\\node_modules\\supertest\\lib\\test.js:131:12)\n    at Object.onceWrapper (node:events:641:28)\n    at Server.emit (node:events:527:28)\n    at emitCloseNT (node:net:1728:8)\n    at processTicksAndRejections (node:internal/process/task_queues:82:21)"},"exception":true,"os":{"loadavg":[0,0,0],"uptime":1133391},"process":{"argv":["C:\\Program Files\\nodejs\\node.exe","C:\\Users\\Kirana N\\WORKSPACE\\FundooProject\\node_modules\\mocha\\bin\\mocha","--exit","--recursive","--require","@babel/register","--timeout=5000","tests/**/*.js"],"cwd":"C:\\Users\\Kirana N\\WORKSPACE\\FundooProject","execPath":"C:\\Program Files\\nodejs\\node.exe","gid":null,"memoryUsage":{"arrayBuffers":19453420,"external":32373787,"heapTotal":82964480,"heapUsed":57160656,"rss":114769920},"pid":79252,"uid":null,"version":"v16.15.0"},"stack":"AssertionError: expected 401 to equal 201\n    at Test.<anonymous> (C:\\Users\\Kirana N\\WORKSPACE\\FundooProject\\tests\\integration\\/user.test.js:104:40)\n    at Test.assert (C:\\Users\\Kirana N\\WORKSPACE\\FundooProject\\node_modules\\supertest\\lib\\test.js:181:6)\n    at Server.localAssert (C:\\Users\\Kirana N\\WORKSPACE\\FundooProject\\node_modules\\supertest\\lib\\test.js:131:12)\n    at Object.onceWrapper (node:events:641:28)\n    at Server.emit (node:events:527:28)\n    at emitCloseNT (node:net:1728:8)\n    at processTicksAndRejections (node:internal/process/task_queues:82:21)","timestamp":"2023-12-28T07:06:46.639Z","trace":[{"column":40,"file":"C:\\Users\\Kirana N\\WORKSPACE\\FundooProject\\tests\\integration\\/user.test.js","function":null,"line":104,"method":null,"native":false},{"column":6,"file":"C:\\Users\\Kirana N\\WORKSPACE\\FundooProject\\node_modules\\supertest\\lib\\test.js","function":"Test.assert","line":181,"method":"assert","native":false},{"column":12,"file":"C:\\Users\\Kirana N\\WORKSPACE\\FundooProject\\node_modules\\supertest\\lib\\test.js","function":"Server.localAssert","line":131,"method":"localAssert","native":false},{"column":28,"file":"node:events","function":"Object.onceWrapper","line":641,"method":"onceWrapper","native":false},{"column":28,"file":"node:events","function":"Server.emit","line":527,"method":"emit","native":false},{"column":8,"file":"node:net","function":"emitCloseNT","line":1728,"method":null,"native":false},{"column":21,"file":"node:internal/process/task_queues","function":"processTicksAndRejections","line":82,"method":null,"native":false}]}
error: uncaughtException: expected 401 to equal 201
AssertionError: expected 401 to equal 201
    at Test.<anonymous> (C:\Users\Kirana N\WORKSPACE\FundooProject\tests\integration\/user.test.js:104:40)
    at Test.assert (C:\Users\Kirana N\WORKSPACE\FundooProject\node_modules\supertest\lib\test.js:181:6)
    at Server.localAssert (C:\Users\Kirana N\WORKSPACE\FundooProject\node_modules\supertest\lib\test.js:131:12)
    at Object.onceWrapper (node:events:641:28)
    at Server.emit (node:events:527:28)
    at emitCloseNT (node:net:1728:8)
    at processTicksAndRejections (node:internal/process/task_queues:82:21) {"date":"Thu Dec 28 2023 12:41:40 GMT+0530 (India Standard Time)","error":{"actual":401,"expected":201,"message":"expected 401 to equal 201","name":"AssertionError","operator":"strictEqual","showDiff":true,"stack":"AssertionError: expected 401 to equal 201\n    at Test.<anonymous> (C:\\Users\\Kirana N\\WORKSPACE\\FundooProject\\tests\\integration\\/user.test.js:104:40)\n    at Test.assert (C:\\Users\\Kirana N\\WORKSPACE\\FundooProject\\node_modules\\supertest\\lib\\test.js:181:6)\n    at Server.localAssert (C:\\Users\\Kirana N\\WORKSPACE\\FundooProject\\node_modules\\supertest\\lib\\test.js:131:12)\n    at Object.onceWrapper (node:events:641:28)\n    at Server.emit (node:events:527:28)\n    at emitCloseNT (node:net:1728:8)\n    at processTicksAndRejections (node:internal/process/task_queues:82:21)"},"exception":true,"os":{"loadavg":[0,0,0],"uptime":1133685},"process":{"argv":["C:\\Program Files\\nodejs\\node.exe","C:\\Users\\Kirana N\\WORKSPACE\\FundooProject\\node_modules\\mocha\\bin\\mocha","--exit","--recursive","--require","@babel/register","--timeout=5000","tests/**/*.js"],"cwd":"C:\\Users\\Kirana N\\WORKSPACE\\FundooProject","execPath":"C:\\Program Files\\nodejs\\node.exe","gid":null,"memoryUsage":{"arrayBuffers":19452213,"external":32373900,"heapTotal":82964480,"heapUsed":57438104,"rss":114774016},"pid":41008,"uid":null,"version":"v16.15.0"},"stack":"AssertionError: expected 401 to equal 201\n    at Test.<anonymous> (C:\\Users\\Kirana N\\WORKSPACE\\FundooProject\\tests\\integration\\/user.test.js:104:40)\n    at Test.assert (C:\\Users\\Kirana N\\WORKSPACE\\FundooProject\\node_modules\\supertest\\lib\\test.js:181:6)\n    at Server.localAssert (C:\\Users\\Kirana N\\WORKSPACE\\FundooProject\\node_modules\\supertest\\lib\\test.js:131:12)\n    at Object.onceWrapper (node:events:641:28)\n    at Server.emit (node:events:527:28)\n    at emitCloseNT (node:net:1728:8)\n    at processTicksAndRejections (node:internal/process/task_queues:82:21)","timestamp":"2023-12-28T07:11:40.467Z","trace":[{"column":40,"file":"C:\\Users\\Kirana N\\WORKSPACE\\FundooProject\\tests\\integration\\/user.test.js","function":null,"line":104,"method":null,"native":false},{"column":6,"file":"C:\\Users\\Kirana N\\WORKSPACE\\FundooProject\\node_modules\\supertest\\lib\\test.js","function":"Test.assert","line":181,"method":"assert","native":false},{"column":12,"file":"C:\\Users\\Kirana N\\WORKSPACE\\FundooProject\\node_modules\\supertest\\lib\\test.js","function":"Server.localAssert","line":131,"method":"localAssert","native":false},{"column":28,"file":"node:events","function":"Object.onceWrapper","line":641,"method":"onceWrapper","native":false},{"column":28,"file":"node:events","function":"Server.emit","line":527,"method":"emit","native":false},{"column":8,"file":"node:net","function":"emitCloseNT","line":1728,"method":null,"native":false},{"column":21,"file":"node:internal/process/task_queues","function":"processTicksAndRejections","line":82,"method":null,"native":false}]}
error: uncaughtException: expected 500 to equal 201
AssertionError: expected 500 to equal 201
    at Test.<anonymous> (C:\Users\Kirana N\WORKSPACE\FundooProject\tests\integration\/user.test.js:104:40)
    at Test.assert (C:\Users\Kirana N\WORKSPACE\FundooProject\node_modules\supertest\lib\test.js:181:6)
    at Server.localAssert (C:\Users\Kirana N\WORKSPACE\FundooProject\node_modules\supertest\lib\test.js:131:12)
    at Object.onceWrapper (node:events:641:28)
    at Server.emit (node:events:527:28)
    at emitCloseNT (node:net:1728:8)
    at processTicksAndRejections (node:internal/process/task_queues:82:21) {"date":"Thu Dec 28 2023 12:44:13 GMT+0530 (India Standard Time)","error":{"actual":500,"expected":201,"message":"expected 500 to equal 201","name":"AssertionError","operator":"strictEqual","showDiff":true,"stack":"AssertionError: expected 500 to equal 201\n    at Test.<anonymous> (C:\\Users\\Kirana N\\WORKSPACE\\FundooProject\\tests\\integration\\/user.test.js:104:40)\n    at Test.assert (C:\\Users\\Kirana N\\WORKSPACE\\FundooProject\\node_modules\\supertest\\lib\\test.js:181:6)\n    at Server.localAssert (C:\\Users\\Kirana N\\WORKSPACE\\FundooProject\\node_modules\\supertest\\lib\\test.js:131:12)\n    at Object.onceWrapper (node:events:641:28)\n    at Server.emit (node:events:527:28)\n    at emitCloseNT (node:net:1728:8)\n    at processTicksAndRejections (node:internal/process/task_queues:82:21)"},"exception":true,"os":{"loadavg":[0,0,0],"uptime":1133838},"process":{"argv":["C:\\Program Files\\nodejs\\node.exe","C:\\Users\\Kirana N\\WORKSPACE\\FundooProject\\node_modules\\mocha\\bin\\mocha","--exit","--recursive","--require","@babel/register","--timeout=5000","tests/**/*.js"],"cwd":"C:\\Users\\Kirana N\\WORKSPACE\\FundooProject","execPath":"C:\\Program Files\\nodejs\\node.exe","gid":null,"memoryUsage":{"arrayBuffers":19090591,"external":32373991,"heapTotal":83226624,"heapUsed":55687136,"rss":115294208},"pid":41380,"uid":null,"version":"v16.15.0"},"stack":"AssertionError: expected 500 to equal 201\n    at Test.<anonymous> (C:\\Users\\Kirana N\\WORKSPACE\\FundooProject\\tests\\integration\\/user.test.js:104:40)\n    at Test.assert (C:\\Users\\Kirana N\\WORKSPACE\\FundooProject\\node_modules\\supertest\\lib\\test.js:181:6)\n    at Server.localAssert (C:\\Users\\Kirana N\\WORKSPACE\\FundooProject\\node_modules\\supertest\\lib\\test.js:131:12)\n    at Object.onceWrapper (node:events:641:28)\n    at Server.emit (node:events:527:28)\n    at emitCloseNT (node:net:1728:8)\n    at processTicksAndRejections (node:internal/process/task_queues:82:21)","timestamp":"2023-12-28T07:14:13.540Z","trace":[{"column":40,"file":"C:\\Users\\Kirana N\\WORKSPACE\\FundooProject\\tests\\integration\\/user.test.js","function":null,"line":104,"method":null,"native":false},{"column":6,"file":"C:\\Users\\Kirana N\\WORKSPACE\\FundooProject\\node_modules\\supertest\\lib\\test.js","function":"Test.assert","line":181,"method":"assert","native":false},{"column":12,"file":"C:\\Users\\Kirana N\\WORKSPACE\\FundooProject\\node_modules\\supertest\\lib\\test.js","function":"Server.localAssert","line":131,"method":"localAssert","native":false},{"column":28,"file":"node:events","function":"Object.onceWrapper","line":641,"method":"onceWrapper","native":false},{"column":28,"file":"node:events","function":"Server.emit","line":527,"method":"emit","native":false},{"column":8,"file":"node:net","function":"emitCloseNT","line":1728,"method":null,"native":false},{"column":21,"file":"node:internal/process/task_queues","function":"processTicksAndRejections","line":82,"method":null,"native":false}]}
error: uncaughtException: expected 500 to equal 201
AssertionError: expected 500 to equal 201
    at Test.<anonymous> (C:\Users\Kirana N\WORKSPACE\FundooProject\tests\integration\/user.test.js:104:40)
    at Test.assert (C:\Users\Kirana N\WORKSPACE\FundooProject\node_modules\supertest\lib\test.js:181:6)
    at Server.localAssert (C:\Users\Kirana N\WORKSPACE\FundooProject\node_modules\supertest\lib\test.js:131:12)
    at Object.onceWrapper (node:events:641:28)
    at Server.emit (node:events:527:28)
    at emitCloseNT (node:net:1728:8)
    at processTicksAndRejections (node:internal/process/task_queues:82:21) {"date":"Thu Dec 28 2023 13:42:34 GMT+0530 (India Standard Time)","error":{"actual":500,"expected":201,"message":"expected 500 to equal 201","name":"AssertionError","operator":"strictEqual","showDiff":true,"stack":"AssertionError: expected 500 to equal 201\n    at Test.<anonymous> (C:\\Users\\Kirana N\\WORKSPACE\\FundooProject\\tests\\integration\\/user.test.js:104:40)\n    at Test.assert (C:\\Users\\Kirana N\\WORKSPACE\\FundooProject\\node_modules\\supertest\\lib\\test.js:181:6)\n    at Server.localAssert (C:\\Users\\Kirana N\\WORKSPACE\\FundooProject\\node_modules\\supertest\\lib\\test.js:131:12)\n    at Object.onceWrapper (node:events:641:28)\n    at Server.emit (node:events:527:28)\n    at emitCloseNT (node:net:1728:8)\n    at processTicksAndRejections (node:internal/process/task_queues:82:21)"},"exception":true,"os":{"loadavg":[0,0,0],"uptime":1137339},"process":{"argv":["C:\\Program Files\\nodejs\\node.exe","C:\\Users\\Kirana N\\WORKSPACE\\FundooProject\\node_modules\\mocha\\bin\\mocha","--exit","--recursive","--require","@babel/register","--timeout=5000","tests/**/*.js"],"cwd":"C:\\Users\\Kirana N\\WORKSPACE\\FundooProject","execPath":"C:\\Program Files\\nodejs\\node.exe","gid":null,"memoryUsage":{"arrayBuffers":19052776,"external":32373886,"heapTotal":83750912,"heapUsed":54574176,"rss":115687424},"pid":24740,"uid":null,"version":"v16.15.0"},"stack":"AssertionError: expected 500 to equal 201\n    at Test.<anonymous> (C:\\Users\\Kirana N\\WORKSPACE\\FundooProject\\tests\\integration\\/user.test.js:104:40)\n    at Test.assert (C:\\Users\\Kirana N\\WORKSPACE\\FundooProject\\node_modules\\supertest\\lib\\test.js:181:6)\n    at Server.localAssert (C:\\Users\\Kirana N\\WORKSPACE\\FundooProject\\node_modules\\supertest\\lib\\test.js:131:12)\n    at Object.onceWrapper (node:events:641:28)\n    at Server.emit (node:events:527:28)\n    at emitCloseNT (node:net:1728:8)\n    at processTicksAndRejections (node:internal/process/task_queues:82:21)","timestamp":"2023-12-28T08:12:34.295Z","trace":[{"column":40,"file":"C:\\Users\\Kirana N\\WORKSPACE\\FundooProject\\tests\\integration\\/user.test.js","function":null,"line":104,"method":null,"native":false},{"column":6,"file":"C:\\Users\\Kirana N\\WORKSPACE\\FundooProject\\node_modules\\supertest\\lib\\test.js","function":"Test.assert","line":181,"method":"assert","native":false},{"column":12,"file":"C:\\Users\\Kirana N\\WORKSPACE\\FundooProject\\node_modules\\supertest\\lib\\test.js","function":"Server.localAssert","line":131,"method":"localAssert","native":false},{"column":28,"file":"node:events","function":"Object.onceWrapper","line":641,"method":"onceWrapper","native":false},{"column":28,"file":"node:events","function":"Server.emit","line":527,"method":"emit","native":false},{"column":8,"file":"node:net","function":"emitCloseNT","line":1728,"method":null,"native":false},{"column":21,"file":"node:internal/process/task_queues","function":"processTicksAndRejections","line":82,"method":null,"native":false}]}
error: uncaughtException: expected 500 to equal 201
AssertionError: expected 500 to equal 201
    at Test.<anonymous> (C:\Users\Kirana N\WORKSPACE\FundooProject\tests\integration\/user.test.js:107:40)
    at Test.assert (C:\Users\Kirana N\WORKSPACE\FundooProject\node_modules\supertest\lib\test.js:181:6)
    at Server.localAssert (C:\Users\Kirana N\WORKSPACE\FundooProject\node_modules\supertest\lib\test.js:131:12)
    at Object.onceWrapper (node:events:641:28)
    at Server.emit (node:events:527:28)
    at emitCloseNT (node:net:1728:8)
    at processTicksAndRejections (node:internal/process/task_queues:82:21) {"date":"Thu Dec 28 2023 13:49:10 GMT+0530 (India Standard Time)","error":{"actual":500,"expected":201,"message":"expected 500 to equal 201","name":"AssertionError","operator":"strictEqual","showDiff":true,"stack":"AssertionError: expected 500 to equal 201\n    at Test.<anonymous> (C:\\Users\\Kirana N\\WORKSPACE\\FundooProject\\tests\\integration\\/user.test.js:107:40)\n    at Test.assert (C:\\Users\\Kirana N\\WORKSPACE\\FundooProject\\node_modules\\supertest\\lib\\test.js:181:6)\n    at Server.localAssert (C:\\Users\\Kirana N\\WORKSPACE\\FundooProject\\node_modules\\supertest\\lib\\test.js:131:12)\n    at Object.onceWrapper (node:events:641:28)\n    at Server.emit (node:events:527:28)\n    at emitCloseNT (node:net:1728:8)\n    at processTicksAndRejections (node:internal/process/task_queues:82:21)"},"exception":true,"os":{"loadavg":[0,0,0],"uptime":1137735},"process":{"argv":["C:\\Program Files\\nodejs\\node.exe","C:\\Users\\Kirana N\\WORKSPACE\\FundooProject\\node_modules\\mocha\\bin\\mocha","--exit","--recursive","--require","@babel/register","--timeout=5000","tests/**/*.js"],"cwd":"C:\\Users\\Kirana N\\WORKSPACE\\FundooProject","execPath":"C:\\Program Files\\nodejs\\node.exe","gid":null,"memoryUsage":{"arrayBuffers":19004797,"external":32374358,"heapTotal":84275200,"heapUsed":53587200,"rss":116056064},"pid":51292,"uid":null,"version":"v16.15.0"},"stack":"AssertionError: expected 500 to equal 201\n    at Test.<anonymous> (C:\\Users\\Kirana N\\WORKSPACE\\FundooProject\\tests\\integration\\/user.test.js:107:40)\n    at Test.assert (C:\\Users\\Kirana N\\WORKSPACE\\FundooProject\\node_modules\\supertest\\lib\\test.js:181:6)\n    at Server.localAssert (C:\\Users\\Kirana N\\WORKSPACE\\FundooProject\\node_modules\\supertest\\lib\\test.js:131:12)\n    at Object.onceWrapper (node:events:641:28)\n    at Server.emit (node:events:527:28)\n    at emitCloseNT (node:net:1728:8)\n    at processTicksAndRejections (node:internal/process/task_queues:82:21)","timestamp":"2023-12-28T08:19:10.466Z","trace":[{"column":40,"file":"C:\\Users\\Kirana N\\WORKSPACE\\FundooProject\\tests\\integration\\/user.test.js","function":null,"line":107,"method":null,"native":false},{"column":6,"file":"C:\\Users\\Kirana N\\WORKSPACE\\FundooProject\\node_modules\\supertest\\lib\\test.js","function":"Test.assert","line":181,"method":"assert","native":false},{"column":12,"file":"C:\\Users\\Kirana N\\WORKSPACE\\FundooProject\\node_modules\\supertest\\lib\\test.js","function":"Server.localAssert","line":131,"method":"localAssert","native":false},{"column":28,"file":"node:events","function":"Object.onceWrapper","line":641,"method":"onceWrapper","native":false},{"column":28,"file":"node:events","function":"Server.emit","line":527,"method":"emit","native":false},{"column":8,"file":"node:net","function":"emitCloseNT","line":1728,"method":null,"native":false},{"column":21,"file":"node:internal/process/task_queues","function":"processTicksAndRejections","line":82,"method":null,"native":false}]}
error: uncaughtException: expected 401 to equal 201
AssertionError: expected 401 to equal 201
    at Test.<anonymous> (C:\Users\Kirana N\WORKSPACE\FundooProject\tests\integration\/user.test.js:105:40)
    at Test.assert (C:\Users\Kirana N\WORKSPACE\FundooProject\node_modules\supertest\lib\test.js:181:6)
    at Server.localAssert (C:\Users\Kirana N\WORKSPACE\FundooProject\node_modules\supertest\lib\test.js:131:12)
    at Object.onceWrapper (node:events:641:28)
    at Server.emit (node:events:527:28)
    at emitCloseNT (node:net:1728:8)
    at processTicksAndRejections (node:internal/process/task_queues:82:21) {"date":"Thu Dec 28 2023 13:51:58 GMT+0530 (India Standard Time)","error":{"actual":401,"expected":201,"message":"expected 401 to equal 201","name":"AssertionError","operator":"strictEqual","showDiff":true,"stack":"AssertionError: expected 401 to equal 201\n    at Test.<anonymous> (C:\\Users\\Kirana N\\WORKSPACE\\FundooProject\\tests\\integration\\/user.test.js:105:40)\n    at Test.assert (C:\\Users\\Kirana N\\WORKSPACE\\FundooProject\\node_modules\\supertest\\lib\\test.js:181:6)\n    at Server.localAssert (C:\\Users\\Kirana N\\WORKSPACE\\FundooProject\\node_modules\\supertest\\lib\\test.js:131:12)\n    at Object.onceWrapper (node:events:641:28)\n    at Server.emit (node:events:527:28)\n    at emitCloseNT (node:net:1728:8)\n    at processTicksAndRejections (node:internal/process/task_queues:82:21)"},"exception":true,"os":{"loadavg":[0,0,0],"uptime":1137903},"process":{"argv":["C:\\Program Files\\nodejs\\node.exe","C:\\Users\\Kirana N\\WORKSPACE\\FundooProject\\node_modules\\mocha\\bin\\mocha","--exit","--recursive","--require","@babel/register","--timeout=5000","tests/**/*.js"],"cwd":"C:\\Users\\Kirana N\\WORKSPACE\\FundooProject","execPath":"C:\\Program Files\\nodejs\\node.exe","gid":null,"memoryUsage":{"arrayBuffers":19056792,"external":21440417,"heapTotal":84013056,"heapUsed":54379192,"rss":115421184},"pid":54228,"uid":null,"version":"v16.15.0"},"stack":"AssertionError: expected 401 to equal 201\n    at Test.<anonymous> (C:\\Users\\Kirana N\\WORKSPACE\\FundooProject\\tests\\integration\\/user.test.js:105:40)\n    at Test.assert (C:\\Users\\Kirana N\\WORKSPACE\\FundooProject\\node_modules\\supertest\\lib\\test.js:181:6)\n    at Server.localAssert (C:\\Users\\Kirana N\\WORKSPACE\\FundooProject\\node_modules\\supertest\\lib\\test.js:131:12)\n    at Object.onceWrapper (node:events:641:28)\n    at Server.emit (node:events:527:28)\n    at emitCloseNT (node:net:1728:8)\n    at processTicksAndRejections (node:internal/process/task_queues:82:21)","timestamp":"2023-12-28T08:21:58.234Z","trace":[{"column":40,"file":"C:\\Users\\Kirana N\\WORKSPACE\\FundooProject\\tests\\integration\\/user.test.js","function":null,"line":105,"method":null,"native":false},{"column":6,"file":"C:\\Users\\Kirana N\\WORKSPACE\\FundooProject\\node_modules\\supertest\\lib\\test.js","function":"Test.assert","line":181,"method":"assert","native":false},{"column":12,"file":"C:\\Users\\Kirana N\\WORKSPACE\\FundooProject\\node_modules\\supertest\\lib\\test.js","function":"Server.localAssert","line":131,"method":"localAssert","native":false},{"column":28,"file":"node:events","function":"Object.onceWrapper","line":641,"method":"onceWrapper","native":false},{"column":28,"file":"node:events","function":"Server.emit","line":527,"method":"emit","native":false},{"column":8,"file":"node:net","function":"emitCloseNT","line":1728,"method":null,"native":false},{"column":21,"file":"node:internal/process/task_queues","function":"processTicksAndRejections","line":82,"method":null,"native":false}]}
error: uncaughtException: expected 401 to equal 201
AssertionError: expected 401 to equal 201
    at Test.<anonymous> (C:\Users\Kirana N\WORKSPACE\FundooProject\tests\integration\/user.test.js:106:40)
    at Test.assert (C:\Users\Kirana N\WORKSPACE\FundooProject\node_modules\supertest\lib\test.js:181:6)
    at Server.localAssert (C:\Users\Kirana N\WORKSPACE\FundooProject\node_modules\supertest\lib\test.js:131:12)
    at Object.onceWrapper (node:events:641:28)
    at Server.emit (node:events:527:28)
    at emitCloseNT (node:net:1728:8)
    at processTicksAndRejections (node:internal/process/task_queues:82:21) {"date":"Thu Dec 28 2023 13:56:06 GMT+0530 (India Standard Time)","error":{"actual":401,"expected":201,"message":"expected 401 to equal 201","name":"AssertionError","operator":"strictEqual","showDiff":true,"stack":"AssertionError: expected 401 to equal 201\n    at Test.<anonymous> (C:\\Users\\Kirana N\\WORKSPACE\\FundooProject\\tests\\integration\\/user.test.js:106:40)\n    at Test.assert (C:\\Users\\Kirana N\\WORKSPACE\\FundooProject\\node_modules\\supertest\\lib\\test.js:181:6)\n    at Server.localAssert (C:\\Users\\Kirana N\\WORKSPACE\\FundooProject\\node_modules\\supertest\\lib\\test.js:131:12)\n    at Object.onceWrapper (node:events:641:28)\n    at Server.emit (node:events:527:28)\n    at emitCloseNT (node:net:1728:8)\n    at processTicksAndRejections (node:internal/process/task_queues:82:21)"},"exception":true,"os":{"loadavg":[0,0,0],"uptime":1138151},"process":{"argv":["C:\\Program Files\\nodejs\\node.exe","C:\\Users\\Kirana N\\WORKSPACE\\FundooProject\\node_modules\\mocha\\bin\\mocha","--exit","--recursive","--require","@babel/register","--timeout=5000","tests/**/*.js"],"cwd":"C:\\Users\\Kirana N\\WORKSPACE\\FundooProject","execPath":"C:\\Program Files\\nodejs\\node.exe","gid":null,"memoryUsage":{"arrayBuffers":19451543,"external":32374078,"heapTotal":82964480,"heapUsed":57244152,"rss":114794496},"pid":77680,"uid":null,"version":"v16.15.0"},"stack":"AssertionError: expected 401 to equal 201\n    at Test.<anonymous> (C:\\Users\\Kirana N\\WORKSPACE\\FundooProject\\tests\\integration\\/user.test.js:106:40)\n    at Test.assert (C:\\Users\\Kirana N\\WORKSPACE\\FundooProject\\node_modules\\supertest\\lib\\test.js:181:6)\n    at Server.localAssert (C:\\Users\\Kirana N\\WORKSPACE\\FundooProject\\node_modules\\supertest\\lib\\test.js:131:12)\n    at Object.onceWrapper (node:events:641:28)\n    at Server.emit (node:events:527:28)\n    at emitCloseNT (node:net:1728:8)\n    at processTicksAndRejections (node:internal/process/task_queues:82:21)","timestamp":"2023-12-28T08:26:06.935Z","trace":[{"column":40,"file":"C:\\Users\\Kirana N\\WORKSPACE\\FundooProject\\tests\\integration\\/user.test.js","function":null,"line":106,"method":null,"native":false},{"column":6,"file":"C:\\Users\\Kirana N\\WORKSPACE\\FundooProject\\node_modules\\supertest\\lib\\test.js","function":"Test.assert","line":181,"method":"assert","native":false},{"column":12,"file":"C:\\Users\\Kirana N\\WORKSPACE\\FundooProject\\node_modules\\supertest\\lib\\test.js","function":"Server.localAssert","line":131,"method":"localAssert","native":false},{"column":28,"file":"node:events","function":"Object.onceWrapper","line":641,"method":"onceWrapper","native":false},{"column":28,"file":"node:events","function":"Server.emit","line":527,"method":"emit","native":false},{"column":8,"file":"node:net","function":"emitCloseNT","line":1728,"method":null,"native":false},{"column":21,"file":"node:internal/process/task_queues","function":"processTicksAndRejections","line":82,"method":null,"native":false}]}
error: uncaughtException: expected 401 to equal 200
AssertionError: expected 401 to equal 200
    at Test.<anonymous> (C:\Users\Kirana N\WORKSPACE\FundooProject\tests\integration\/user.test.js:105:40)
    at Test.assert (C:\Users\Kirana N\WORKSPACE\FundooProject\node_modules\supertest\lib\test.js:181:6)
    at Server.localAssert (C:\Users\Kirana N\WORKSPACE\FundooProject\node_modules\supertest\lib\test.js:131:12)
    at Object.onceWrapper (node:events:641:28)
    at Server.emit (node:events:527:28)
    at emitCloseNT (node:net:1728:8)
    at processTicksAndRejections (node:internal/process/task_queues:82:21) {"date":"Thu Dec 28 2023 13:57:18 GMT+0530 (India Standard Time)","error":{"actual":401,"expected":200,"message":"expected 401 to equal 200","name":"AssertionError","operator":"strictEqual","showDiff":true,"stack":"AssertionError: expected 401 to equal 200\n    at Test.<anonymous> (C:\\Users\\Kirana N\\WORKSPACE\\FundooProject\\tests\\integration\\/user.test.js:105:40)\n    at Test.assert (C:\\Users\\Kirana N\\WORKSPACE\\FundooProject\\node_modules\\supertest\\lib\\test.js:181:6)\n    at Server.localAssert (C:\\Users\\Kirana N\\WORKSPACE\\FundooProject\\node_modules\\supertest\\lib\\test.js:131:12)\n    at Object.onceWrapper (node:events:641:28)\n    at Server.emit (node:events:527:28)\n    at emitCloseNT (node:net:1728:8)\n    at processTicksAndRejections (node:internal/process/task_queues:82:21)"},"exception":true,"os":{"loadavg":[0,0,0],"uptime":1138223},"process":{"argv":["C:\\Program Files\\nodejs\\node.exe","C:\\Users\\Kirana N\\WORKSPACE\\FundooProject\\node_modules\\mocha\\bin\\mocha","--exit","--recursive","--require","@babel/register","--timeout=5000","tests/**/*.js"],"cwd":"C:\\Users\\Kirana N\\WORKSPACE\\FundooProject","execPath":"C:\\Program Files\\nodejs\\node.exe","gid":null,"memoryUsage":{"arrayBuffers":19574538,"external":24080000,"heapTotal":82964480,"heapUsed":57702768,"rss":115339264},"pid":94488,"uid":null,"version":"v16.15.0"},"stack":"AssertionError: expected 401 to equal 200\n    at Test.<anonymous> (C:\\Users\\Kirana N\\WORKSPACE\\FundooProject\\tests\\integration\\/user.test.js:105:40)\n    at Test.assert (C:\\Users\\Kirana N\\WORKSPACE\\FundooProject\\node_modules\\supertest\\lib\\test.js:181:6)\n    at Server.localAssert (C:\\Users\\Kirana N\\WORKSPACE\\FundooProject\\node_modules\\supertest\\lib\\test.js:131:12)\n    at Object.onceWrapper (node:events:641:28)\n    at Server.emit (node:events:527:28)\n    at emitCloseNT (node:net:1728:8)\n    at processTicksAndRejections (node:internal/process/task_queues:82:21)","timestamp":"2023-12-28T08:27:18.572Z","trace":[{"column":40,"file":"C:\\Users\\Kirana N\\WORKSPACE\\FundooProject\\tests\\integration\\/user.test.js","function":null,"line":105,"method":null,"native":false},{"column":6,"file":"C:\\Users\\Kirana N\\WORKSPACE\\FundooProject\\node_modules\\supertest\\lib\\test.js","function":"Test.assert","line":181,"method":"assert","native":false},{"column":12,"file":"C:\\Users\\Kirana N\\WORKSPACE\\FundooProject\\node_modules\\supertest\\lib\\test.js","function":"Server.localAssert","line":131,"method":"localAssert","native":false},{"column":28,"file":"node:events","function":"Object.onceWrapper","line":641,"method":"onceWrapper","native":false},{"column":28,"file":"node:events","function":"Server.emit","line":527,"method":"emit","native":false},{"column":8,"file":"node:net","function":"emitCloseNT","line":1728,"method":null,"native":false},{"column":21,"file":"node:internal/process/task_queues","function":"processTicksAndRejections","line":82,"method":null,"native":false}]}
error: uncaughtException: expected 401 to equal 200
AssertionError: expected 401 to equal 200
    at Test.<anonymous> (C:\Users\Kirana N\WORKSPACE\FundooProject\tests\integration\/user.test.js:105:40)
    at Test.assert (C:\Users\Kirana N\WORKSPACE\FundooProject\node_modules\supertest\lib\test.js:181:6)
    at Server.localAssert (C:\Users\Kirana N\WORKSPACE\FundooProject\node_modules\supertest\lib\test.js:131:12)
    at Object.onceWrapper (node:events:641:28)
    at Server.emit (node:events:527:28)
    at emitCloseNT (node:net:1728:8)
    at processTicksAndRejections (node:internal/process/task_queues:82:21) {"date":"Thu Dec 28 2023 14:00:16 GMT+0530 (India Standard Time)","error":{"actual":401,"expected":200,"message":"expected 401 to equal 200","name":"AssertionError","operator":"strictEqual","showDiff":true,"stack":"AssertionError: expected 401 to equal 200\n    at Test.<anonymous> (C:\\Users\\Kirana N\\WORKSPACE\\FundooProject\\tests\\integration\\/user.test.js:105:40)\n    at Test.assert (C:\\Users\\Kirana N\\WORKSPACE\\FundooProject\\node_modules\\supertest\\lib\\test.js:181:6)\n    at Server.localAssert (C:\\Users\\Kirana N\\WORKSPACE\\FundooProject\\node_modules\\supertest\\lib\\test.js:131:12)\n    at Object.onceWrapper (node:events:641:28)\n    at Server.emit (node:events:527:28)\n    at emitCloseNT (node:net:1728:8)\n    at processTicksAndRejections (node:internal/process/task_queues:82:21)"},"exception":true,"os":{"loadavg":[0,0,0],"uptime":1138401},"process":{"argv":["C:\\Program Files\\nodejs\\node.exe","C:\\Users\\Kirana N\\WORKSPACE\\FundooProject\\node_modules\\mocha\\bin\\mocha","--exit","--recursive","--require","@babel/register","--timeout=5000","tests/**/*.js"],"cwd":"C:\\Users\\Kirana N\\WORKSPACE\\FundooProject","execPath":"C:\\Program Files\\nodejs\\node.exe","gid":null,"memoryUsage":{"arrayBuffers":19865401,"external":25354508,"heapTotal":86937600,"heapUsed":65865344,"rss":119246848},"pid":88716,"uid":null,"version":"v16.15.0"},"stack":"AssertionError: expected 401 to equal 200\n    at Test.<anonymous> (C:\\Users\\Kirana N\\WORKSPACE\\FundooProject\\tests\\integration\\/user.test.js:105:40)\n    at Test.assert (C:\\Users\\Kirana N\\WORKSPACE\\FundooProject\\node_modules\\supertest\\lib\\test.js:181:6)\n    at Server.localAssert (C:\\Users\\Kirana N\\WORKSPACE\\FundooProject\\node_modules\\supertest\\lib\\test.js:131:12)\n    at Object.onceWrapper (node:events:641:28)\n    at Server.emit (node:events:527:28)\n    at emitCloseNT (node:net:1728:8)\n    at processTicksAndRejections (node:internal/process/task_queues:82:21)","timestamp":"2023-12-28T08:30:16.406Z","trace":[{"column":40,"file":"C:\\Users\\Kirana N\\WORKSPACE\\FundooProject\\tests\\integration\\/user.test.js","function":null,"line":105,"method":null,"native":false},{"column":6,"file":"C:\\Users\\Kirana N\\WORKSPACE\\FundooProject\\node_modules\\supertest\\lib\\test.js","function":"Test.assert","line":181,"method":"assert","native":false},{"column":12,"file":"C:\\Users\\Kirana N\\WORKSPACE\\FundooProject\\node_modules\\supertest\\lib\\test.js","function":"Server.localAssert","line":131,"method":"localAssert","native":false},{"column":28,"file":"node:events","function":"Object.onceWrapper","line":641,"method":"onceWrapper","native":false},{"column":28,"file":"node:events","function":"Server.emit","line":527,"method":"emit","native":false},{"column":8,"file":"node:net","function":"emitCloseNT","line":1728,"method":null,"native":false},{"column":21,"file":"node:internal/process/task_queues","function":"processTicksAndRejections","line":82,"method":null,"native":false}]}
error: uncaughtException: expected 500 to equal 200
AssertionError: expected 500 to equal 200
    at Test.<anonymous> (C:\Users\Kirana N\WORKSPACE\FundooProject\tests\integration\/user.test.js:105:40)
    at Test.assert (C:\Users\Kirana N\WORKSPACE\FundooProject\node_modules\supertest\lib\test.js:181:6)
    at Server.localAssert (C:\Users\Kirana N\WORKSPACE\FundooProject\node_modules\supertest\lib\test.js:131:12)
    at Object.onceWrapper (node:events:641:28)
    at Server.emit (node:events:527:28)
    at emitCloseNT (node:net:1728:8)
    at processTicksAndRejections (node:internal/process/task_queues:82:21) {"date":"Thu Dec 28 2023 14:01:15 GMT+0530 (India Standard Time)","error":{"actual":500,"expected":200,"message":"expected 500 to equal 200","name":"AssertionError","operator":"strictEqual","showDiff":true,"stack":"AssertionError: expected 500 to equal 200\n    at Test.<anonymous> (C:\\Users\\Kirana N\\WORKSPACE\\FundooProject\\tests\\integration\\/user.test.js:105:40)\n    at Test.assert (C:\\Users\\Kirana N\\WORKSPACE\\FundooProject\\node_modules\\supertest\\lib\\test.js:181:6)\n    at Server.localAssert (C:\\Users\\Kirana N\\WORKSPACE\\FundooProject\\node_modules\\supertest\\lib\\test.js:131:12)\n    at Object.onceWrapper (node:events:641:28)\n    at Server.emit (node:events:527:28)\n    at emitCloseNT (node:net:1728:8)\n    at processTicksAndRejections (node:internal/process/task_queues:82:21)"},"exception":true,"os":{"loadavg":[0,0,0],"uptime":1138460},"process":{"argv":["C:\\Program Files\\nodejs\\node.exe","C:\\Users\\Kirana N\\WORKSPACE\\FundooProject\\node_modules\\mocha\\bin\\mocha","--exit","--recursive","--require","@babel/register","--timeout=5000","tests/**/*.js"],"cwd":"C:\\Users\\Kirana N\\WORKSPACE\\FundooProject","execPath":"C:\\Program Files\\nodejs\\node.exe","gid":null,"memoryUsage":{"arrayBuffers":18410526,"external":22594888,"heapTotal":86298624,"heapUsed":54748688,"rss":117362688},"pid":51208,"uid":null,"version":"v16.15.0"},"stack":"AssertionError: expected 500 to equal 200\n    at Test.<anonymous> (C:\\Users\\Kirana N\\WORKSPACE\\FundooProject\\tests\\integration\\/user.test.js:105:40)\n    at Test.assert (C:\\Users\\Kirana N\\WORKSPACE\\FundooProject\\node_modules\\supertest\\lib\\test.js:181:6)\n    at Server.localAssert (C:\\Users\\Kirana N\\WORKSPACE\\FundooProject\\node_modules\\supertest\\lib\\test.js:131:12)\n    at Object.onceWrapper (node:events:641:28)\n    at Server.emit (node:events:527:28)\n    at emitCloseNT (node:net:1728:8)\n    at processTicksAndRejections (node:internal/process/task_queues:82:21)","timestamp":"2023-12-28T08:31:15.339Z","trace":[{"column":40,"file":"C:\\Users\\Kirana N\\WORKSPACE\\FundooProject\\tests\\integration\\/user.test.js","function":null,"line":105,"method":null,"native":false},{"column":6,"file":"C:\\Users\\Kirana N\\WORKSPACE\\FundooProject\\node_modules\\supertest\\lib\\test.js","function":"Test.assert","line":181,"method":"assert","native":false},{"column":12,"file":"C:\\Users\\Kirana N\\WORKSPACE\\FundooProject\\node_modules\\supertest\\lib\\test.js","function":"Server.localAssert","line":131,"method":"localAssert","native":false},{"column":28,"file":"node:events","function":"Object.onceWrapper","line":641,"method":"onceWrapper","native":false},{"column":28,"file":"node:events","function":"Server.emit","line":527,"method":"emit","native":false},{"column":8,"file":"node:net","function":"emitCloseNT","line":1728,"method":null,"native":false},{"column":21,"file":"node:internal/process/task_queues","function":"processTicksAndRejections","line":82,"method":null,"native":false}]}
error: uncaughtException: expected 500 to equal 200
AssertionError: expected 500 to equal 200
    at Test.<anonymous> (C:\Users\Kirana N\WORKSPACE\FundooProject\tests\integration\/user.test.js:105:40)
    at Test.assert (C:\Users\Kirana N\WORKSPACE\FundooProject\node_modules\supertest\lib\test.js:181:6)
    at Server.localAssert (C:\Users\Kirana N\WORKSPACE\FundooProject\node_modules\supertest\lib\test.js:131:12)
    at Object.onceWrapper (node:events:641:28)
    at Server.emit (node:events:527:28)
    at emitCloseNT (node:net:1728:8)
    at processTicksAndRejections (node:internal/process/task_queues:82:21) {"date":"Thu Dec 28 2023 14:02:35 GMT+0530 (India Standard Time)","error":{"actual":500,"expected":200,"message":"expected 500 to equal 200","name":"AssertionError","operator":"strictEqual","showDiff":true,"stack":"AssertionError: expected 500 to equal 200\n    at Test.<anonymous> (C:\\Users\\Kirana N\\WORKSPACE\\FundooProject\\tests\\integration\\/user.test.js:105:40)\n    at Test.assert (C:\\Users\\Kirana N\\WORKSPACE\\FundooProject\\node_modules\\supertest\\lib\\test.js:181:6)\n    at Server.localAssert (C:\\Users\\Kirana N\\WORKSPACE\\FundooProject\\node_modules\\supertest\\lib\\test.js:131:12)\n    at Object.onceWrapper (node:events:641:28)\n    at Server.emit (node:events:527:28)\n    at emitCloseNT (node:net:1728:8)\n    at processTicksAndRejections (node:internal/process/task_queues:82:21)"},"exception":true,"os":{"loadavg":[0,0,0],"uptime":1138540},"process":{"argv":["C:\\Program Files\\nodejs\\node.exe","C:\\Users\\Kirana N\\WORKSPACE\\FundooProject\\node_modules\\mocha\\bin\\mocha","--exit","--recursive","--require","@babel/register","--timeout=5000","tests/**/*.js"],"cwd":"C:\\Users\\Kirana N\\WORKSPACE\\FundooProject","execPath":"C:\\Program Files\\nodejs\\node.exe","gid":null,"memoryUsage":{"arrayBuffers":18477016,"external":20886461,"heapTotal":88657920,"heapUsed":57743904,"rss":120033280},"pid":83420,"uid":null,"version":"v16.15.0"},"stack":"AssertionError: expected 500 to equal 200\n    at Test.<anonymous> (C:\\Users\\Kirana N\\WORKSPACE\\FundooProject\\tests\\integration\\/user.test.js:105:40)\n    at Test.assert (C:\\Users\\Kirana N\\WORKSPACE\\FundooProject\\node_modules\\supertest\\lib\\test.js:181:6)\n    at Server.localAssert (C:\\Users\\Kirana N\\WORKSPACE\\FundooProject\\node_modules\\supertest\\lib\\test.js:131:12)\n    at Object.onceWrapper (node:events:641:28)\n    at Server.emit (node:events:527:28)\n    at emitCloseNT (node:net:1728:8)\n    at processTicksAndRejections (node:internal/process/task_queues:82:21)","timestamp":"2023-12-28T08:32:35.879Z","trace":[{"column":40,"file":"C:\\Users\\Kirana N\\WORKSPACE\\FundooProject\\tests\\integration\\/user.test.js","function":null,"line":105,"method":null,"native":false},{"column":6,"file":"C:\\Users\\Kirana N\\WORKSPACE\\FundooProject\\node_modules\\supertest\\lib\\test.js","function":"Test.assert","line":181,"method":"assert","native":false},{"column":12,"file":"C:\\Users\\Kirana N\\WORKSPACE\\FundooProject\\node_modules\\supertest\\lib\\test.js","function":"Server.localAssert","line":131,"method":"localAssert","native":false},{"column":28,"file":"node:events","function":"Object.onceWrapper","line":641,"method":"onceWrapper","native":false},{"column":28,"file":"node:events","function":"Server.emit","line":527,"method":"emit","native":false},{"column":8,"file":"node:net","function":"emitCloseNT","line":1728,"method":null,"native":false},{"column":21,"file":"node:internal/process/task_queues","function":"processTicksAndRejections","line":82,"method":null,"native":false}]}
error: uncaughtException: expected 500 to equal 200
AssertionError: expected 500 to equal 200
    at Test.<anonymous> (C:\Users\Kirana N\WORKSPACE\FundooProject\tests\integration\/user.test.js:105:40)
    at Test.assert (C:\Users\Kirana N\WORKSPACE\FundooProject\node_modules\supertest\lib\test.js:181:6)
    at Server.localAssert (C:\Users\Kirana N\WORKSPACE\FundooProject\node_modules\supertest\lib\test.js:131:12)
    at Object.onceWrapper (node:events:641:28)
    at Server.emit (node:events:527:28)
    at emitCloseNT (node:net:1728:8)
    at processTicksAndRejections (node:internal/process/task_queues:82:21) {"date":"Thu Dec 28 2023 14:04:45 GMT+0530 (India Standard Time)","error":{"actual":500,"expected":200,"message":"expected 500 to equal 200","name":"AssertionError","operator":"strictEqual","showDiff":true,"stack":"AssertionError: expected 500 to equal 200\n    at Test.<anonymous> (C:\\Users\\Kirana N\\WORKSPACE\\FundooProject\\tests\\integration\\/user.test.js:105:40)\n    at Test.assert (C:\\Users\\Kirana N\\WORKSPACE\\FundooProject\\node_modules\\supertest\\lib\\test.js:181:6)\n    at Server.localAssert (C:\\Users\\Kirana N\\WORKSPACE\\FundooProject\\node_modules\\supertest\\lib\\test.js:131:12)\n    at Object.onceWrapper (node:events:641:28)\n    at Server.emit (node:events:527:28)\n    at emitCloseNT (node:net:1728:8)\n    at processTicksAndRejections (node:internal/process/task_queues:82:21)"},"exception":true,"os":{"loadavg":[0,0,0],"uptime":1138670},"process":{"argv":["C:\\Program Files\\nodejs\\node.exe","C:\\Users\\Kirana N\\WORKSPACE\\FundooProject\\node_modules\\mocha\\bin\\mocha","--exit","--recursive","--require","@babel/register","--timeout=5000","tests/**/*.js"],"cwd":"C:\\Users\\Kirana N\\WORKSPACE\\FundooProject","execPath":"C:\\Program Files\\nodejs\\node.exe","gid":null,"memoryUsage":{"arrayBuffers":19479906,"external":25423654,"heapTotal":89337856,"heapUsed":62589296,"rss":121688064},"pid":65164,"uid":null,"version":"v16.15.0"},"stack":"AssertionError: expected 500 to equal 200\n    at Test.<anonymous> (C:\\Users\\Kirana N\\WORKSPACE\\FundooProject\\tests\\integration\\/user.test.js:105:40)\n    at Test.assert (C:\\Users\\Kirana N\\WORKSPACE\\FundooProject\\node_modules\\supertest\\lib\\test.js:181:6)\n    at Server.localAssert (C:\\Users\\Kirana N\\WORKSPACE\\FundooProject\\node_modules\\supertest\\lib\\test.js:131:12)\n    at Object.onceWrapper (node:events:641:28)\n    at Server.emit (node:events:527:28)\n    at emitCloseNT (node:net:1728:8)\n    at processTicksAndRejections (node:internal/process/task_queues:82:21)","timestamp":"2023-12-28T08:34:45.972Z","trace":[{"column":40,"file":"C:\\Users\\Kirana N\\WORKSPACE\\FundooProject\\tests\\integration\\/user.test.js","function":null,"line":105,"method":null,"native":false},{"column":6,"file":"C:\\Users\\Kirana N\\WORKSPACE\\FundooProject\\node_modules\\supertest\\lib\\test.js","function":"Test.assert","line":181,"method":"assert","native":false},{"column":12,"file":"C:\\Users\\Kirana N\\WORKSPACE\\FundooProject\\node_modules\\supertest\\lib\\test.js","function":"Server.localAssert","line":131,"method":"localAssert","native":false},{"column":28,"file":"node:events","function":"Object.onceWrapper","line":641,"method":"onceWrapper","native":false},{"column":28,"file":"node:events","function":"Server.emit","line":527,"method":"emit","native":false},{"column":8,"file":"node:net","function":"emitCloseNT","line":1728,"method":null,"native":false},{"column":21,"file":"node:internal/process/task_queues","function":"processTicksAndRejections","line":82,"method":null,"native":false}]}
error: uncaughtException: expected 500 to equal 200
AssertionError: expected 500 to equal 200
    at Test.<anonymous> (C:\Users\Kirana N\WORKSPACE\FundooProject\tests\integration\/user.test.js:105:40)
    at Test.assert (C:\Users\Kirana N\WORKSPACE\FundooProject\node_modules\supertest\lib\test.js:181:6)
    at Server.localAssert (C:\Users\Kirana N\WORKSPACE\FundooProject\node_modules\supertest\lib\test.js:131:12)
    at Object.onceWrapper (node:events:641:28)
    at Server.emit (node:events:527:28)
    at emitCloseNT (node:net:1728:8)
    at processTicksAndRejections (node:internal/process/task_queues:82:21) {"date":"Thu Dec 28 2023 14:06:07 GMT+0530 (India Standard Time)","error":{"actual":500,"expected":200,"message":"expected 500 to equal 200","name":"AssertionError","operator":"strictEqual","showDiff":true,"stack":"AssertionError: expected 500 to equal 200\n    at Test.<anonymous> (C:\\Users\\Kirana N\\WORKSPACE\\FundooProject\\tests\\integration\\/user.test.js:105:40)\n    at Test.assert (C:\\Users\\Kirana N\\WORKSPACE\\FundooProject\\node_modules\\supertest\\lib\\test.js:181:6)\n    at Server.localAssert (C:\\Users\\Kirana N\\WORKSPACE\\FundooProject\\node_modules\\supertest\\lib\\test.js:131:12)\n    at Object.onceWrapper (node:events:641:28)\n    at Server.emit (node:events:527:28)\n    at emitCloseNT (node:net:1728:8)\n    at processTicksAndRejections (node:internal/process/task_queues:82:21)"},"exception":true,"os":{"loadavg":[0,0,0],"uptime":1138752},"process":{"argv":["C:\\Program Files\\nodejs\\node.exe","C:\\Users\\Kirana N\\WORKSPACE\\FundooProject\\node_modules\\mocha\\bin\\mocha","--exit","--recursive","--require","@babel/register","--timeout=5000","tests/**/*.js"],"cwd":"C:\\Users\\Kirana N\\WORKSPACE\\FundooProject","execPath":"C:\\Program Files\\nodejs\\node.exe","gid":null,"memoryUsage":{"arrayBuffers":18515397,"external":21013622,"heapTotal":91279360,"heapUsed":60407912,"rss":122359808},"pid":73308,"uid":null,"version":"v16.15.0"},"stack":"AssertionError: expected 500 to equal 200\n    at Test.<anonymous> (C:\\Users\\Kirana N\\WORKSPACE\\FundooProject\\tests\\integration\\/user.test.js:105:40)\n    at Test.assert (C:\\Users\\Kirana N\\WORKSPACE\\FundooProject\\node_modules\\supertest\\lib\\test.js:181:6)\n    at Server.localAssert (C:\\Users\\Kirana N\\WORKSPACE\\FundooProject\\node_modules\\supertest\\lib\\test.js:131:12)\n    at Object.onceWrapper (node:events:641:28)\n    at Server.emit (node:events:527:28)\n    at emitCloseNT (node:net:1728:8)\n    at processTicksAndRejections (node:internal/process/task_queues:82:21)","timestamp":"2023-12-28T08:36:07.253Z","trace":[{"column":40,"file":"C:\\Users\\Kirana N\\WORKSPACE\\FundooProject\\tests\\integration\\/user.test.js","function":null,"line":105,"method":null,"native":false},{"column":6,"file":"C:\\Users\\Kirana N\\WORKSPACE\\FundooProject\\node_modules\\supertest\\lib\\test.js","function":"Test.assert","line":181,"method":"assert","native":false},{"column":12,"file":"C:\\Users\\Kirana N\\WORKSPACE\\FundooProject\\node_modules\\supertest\\lib\\test.js","function":"Server.localAssert","line":131,"method":"localAssert","native":false},{"column":28,"file":"node:events","function":"Object.onceWrapper","line":641,"method":"onceWrapper","native":false},{"column":28,"file":"node:events","function":"Server.emit","line":527,"method":"emit","native":false},{"column":8,"file":"node:net","function":"emitCloseNT","line":1728,"method":null,"native":false},{"column":21,"file":"node:internal/process/task_queues","function":"processTicksAndRejections","line":82,"method":null,"native":false}]}
error: uncaughtException: expected 500 to equal 200
AssertionError: expected 500 to equal 200
    at Test.<anonymous> (C:\Users\Kirana N\WORKSPACE\FundooProject\tests\integration\/user.test.js:105:40)
    at Test.assert (C:\Users\Kirana N\WORKSPACE\FundooProject\node_modules\supertest\lib\test.js:181:6)
    at Server.localAssert (C:\Users\Kirana N\WORKSPACE\FundooProject\node_modules\supertest\lib\test.js:131:12)
    at Object.onceWrapper (node:events:641:28)
    at Server.emit (node:events:527:28)
    at emitCloseNT (node:net:1728:8)
    at processTicksAndRejections (node:internal/process/task_queues:82:21) {"date":"Thu Dec 28 2023 14:06:44 GMT+0530 (India Standard Time)","error":{"actual":500,"expected":200,"message":"expected 500 to equal 200","name":"AssertionError","operator":"strictEqual","showDiff":true,"stack":"AssertionError: expected 500 to equal 200\n    at Test.<anonymous> (C:\\Users\\Kirana N\\WORKSPACE\\FundooProject\\tests\\integration\\/user.test.js:105:40)\n    at Test.assert (C:\\Users\\Kirana N\\WORKSPACE\\FundooProject\\node_modules\\supertest\\lib\\test.js:181:6)\n    at Server.localAssert (C:\\Users\\Kirana N\\WORKSPACE\\FundooProject\\node_modules\\supertest\\lib\\test.js:131:12)\n    at Object.onceWrapper (node:events:641:28)\n    at Server.emit (node:events:527:28)\n    at emitCloseNT (node:net:1728:8)\n    at processTicksAndRejections (node:internal/process/task_queues:82:21)"},"exception":true,"os":{"loadavg":[0,0,0],"uptime":1138789},"process":{"argv":["C:\\Program Files\\nodejs\\node.exe","C:\\Users\\Kirana N\\WORKSPACE\\FundooProject\\node_modules\\mocha\\bin\\mocha","--exit","--recursive","--require","@babel/register","--timeout=5000","tests/**/*.js"],"cwd":"C:\\Users\\Kirana N\\WORKSPACE\\FundooProject","execPath":"C:\\Program Files\\nodejs\\node.exe","gid":null,"memoryUsage":{"arrayBuffers":19230701,"external":20988336,"heapTotal":89124864,"heapUsed":59405616,"rss":121556992},"pid":3692,"uid":null,"version":"v16.15.0"},"stack":"AssertionError: expected 500 to equal 200\n    at Test.<anonymous> (C:\\Users\\Kirana N\\WORKSPACE\\FundooProject\\tests\\integration\\/user.test.js:105:40)\n    at Test.assert (C:\\Users\\Kirana N\\WORKSPACE\\FundooProject\\node_modules\\supertest\\lib\\test.js:181:6)\n    at Server.localAssert (C:\\Users\\Kirana N\\WORKSPACE\\FundooProject\\node_modules\\supertest\\lib\\test.js:131:12)\n    at Object.onceWrapper (node:events:641:28)\n    at Server.emit (node:events:527:28)\n    at emitCloseNT (node:net:1728:8)\n    at processTicksAndRejections (node:internal/process/task_queues:82:21)","timestamp":"2023-12-28T08:36:44.870Z","trace":[{"column":40,"file":"C:\\Users\\Kirana N\\WORKSPACE\\FundooProject\\tests\\integration\\/user.test.js","function":null,"line":105,"method":null,"native":false},{"column":6,"file":"C:\\Users\\Kirana N\\WORKSPACE\\FundooProject\\node_modules\\supertest\\lib\\test.js","function":"Test.assert","line":181,"method":"assert","native":false},{"column":12,"file":"C:\\Users\\Kirana N\\WORKSPACE\\FundooProject\\node_modules\\supertest\\lib\\test.js","function":"Server.localAssert","line":131,"method":"localAssert","native":false},{"column":28,"file":"node:events","function":"Object.onceWrapper","line":641,"method":"onceWrapper","native":false},{"column":28,"file":"node:events","function":"Server.emit","line":527,"method":"emit","native":false},{"column":8,"file":"node:net","function":"emitCloseNT","line":1728,"method":null,"native":false},{"column":21,"file":"node:internal/process/task_queues","function":"processTicksAndRejections","line":82,"method":null,"native":false}]}
error: uncaughtException: expected 401 to equal 200
AssertionError: expected 401 to equal 200
    at Test.<anonymous> (C:\Users\Kirana N\WORKSPACE\FundooProject\tests\integration\/user.test.js:105:40)
    at Test.assert (C:\Users\Kirana N\WORKSPACE\FundooProject\node_modules\supertest\lib\test.js:181:6)
    at Server.localAssert (C:\Users\Kirana N\WORKSPACE\FundooProject\node_modules\supertest\lib\test.js:131:12)
    at Object.onceWrapper (node:events:641:28)
    at Server.emit (node:events:527:28)
    at emitCloseNT (node:net:1728:8)
    at processTicksAndRejections (node:internal/process/task_queues:82:21) {"date":"Thu Dec 28 2023 14:07:27 GMT+0530 (India Standard Time)","error":{"actual":401,"expected":200,"message":"expected 401 to equal 200","name":"AssertionError","operator":"strictEqual","showDiff":true,"stack":"AssertionError: expected 401 to equal 200\n    at Test.<anonymous> (C:\\Users\\Kirana N\\WORKSPACE\\FundooProject\\tests\\integration\\/user.test.js:105:40)\n    at Test.assert (C:\\Users\\Kirana N\\WORKSPACE\\FundooProject\\node_modules\\supertest\\lib\\test.js:181:6)\n    at Server.localAssert (C:\\Users\\Kirana N\\WORKSPACE\\FundooProject\\node_modules\\supertest\\lib\\test.js:131:12)\n    at Object.onceWrapper (node:events:641:28)\n    at Server.emit (node:events:527:28)\n    at emitCloseNT (node:net:1728:8)\n    at processTicksAndRejections (node:internal/process/task_queues:82:21)"},"exception":true,"os":{"loadavg":[0,0,0],"uptime":1138832},"process":{"argv":["C:\\Program Files\\nodejs\\node.exe","C:\\Users\\Kirana N\\WORKSPACE\\FundooProject\\node_modules\\mocha\\bin\\mocha","--exit","--recursive","--require","@babel/register","--timeout=5000","tests/**/*.js"],"cwd":"C:\\Users\\Kirana N\\WORKSPACE\\FundooProject","execPath":"C:\\Program Files\\nodejs\\node.exe","gid":null,"memoryUsage":{"arrayBuffers":18358912,"external":19439829,"heapTotal":86298624,"heapUsed":53827864,"rss":117821440},"pid":84208,"uid":null,"version":"v16.15.0"},"stack":"AssertionError: expected 401 to equal 200\n    at Test.<anonymous> (C:\\Users\\Kirana N\\WORKSPACE\\FundooProject\\tests\\integration\\/user.test.js:105:40)\n    at Test.assert (C:\\Users\\Kirana N\\WORKSPACE\\FundooProject\\node_modules\\supertest\\lib\\test.js:181:6)\n    at Server.localAssert (C:\\Users\\Kirana N\\WORKSPACE\\FundooProject\\node_modules\\supertest\\lib\\test.js:131:12)\n    at Object.onceWrapper (node:events:641:28)\n    at Server.emit (node:events:527:28)\n    at emitCloseNT (node:net:1728:8)\n    at processTicksAndRejections (node:internal/process/task_queues:82:21)","timestamp":"2023-12-28T08:37:27.981Z","trace":[{"column":40,"file":"C:\\Users\\Kirana N\\WORKSPACE\\FundooProject\\tests\\integration\\/user.test.js","function":null,"line":105,"method":null,"native":false},{"column":6,"file":"C:\\Users\\Kirana N\\WORKSPACE\\FundooProject\\node_modules\\supertest\\lib\\test.js","function":"Test.assert","line":181,"method":"assert","native":false},{"column":12,"file":"C:\\Users\\Kirana N\\WORKSPACE\\FundooProject\\node_modules\\supertest\\lib\\test.js","function":"Server.localAssert","line":131,"method":"localAssert","native":false},{"column":28,"file":"node:events","function":"Object.onceWrapper","line":641,"method":"onceWrapper","native":false},{"column":28,"file":"node:events","function":"Server.emit","line":527,"method":"emit","native":false},{"column":8,"file":"node:net","function":"emitCloseNT","line":1728,"method":null,"native":false},{"column":21,"file":"node:internal/process/task_queues","function":"processTicksAndRejections","line":82,"method":null,"native":false}]}
error: uncaughtException: expected 401 to equal 200
AssertionError: expected 401 to equal 200
    at Test.<anonymous> (C:\Users\Kirana N\WORKSPACE\FundooProject\tests\integration\/user.test.js:105:40)
    at Test.assert (C:\Users\Kirana N\WORKSPACE\FundooProject\node_modules\supertest\lib\test.js:181:6)
    at Server.localAssert (C:\Users\Kirana N\WORKSPACE\FundooProject\node_modules\supertest\lib\test.js:131:12)
    at Object.onceWrapper (node:events:641:28)
    at Server.emit (node:events:527:28)
    at emitCloseNT (node:net:1728:8)
    at processTicksAndRejections (node:internal/process/task_queues:82:21) {"date":"Thu Dec 28 2023 14:08:12 GMT+0530 (India Standard Time)","error":{"actual":401,"expected":200,"message":"expected 401 to equal 200","name":"AssertionError","operator":"strictEqual","showDiff":true,"stack":"AssertionError: expected 401 to equal 200\n    at Test.<anonymous> (C:\\Users\\Kirana N\\WORKSPACE\\FundooProject\\tests\\integration\\/user.test.js:105:40)\n    at Test.assert (C:\\Users\\Kirana N\\WORKSPACE\\FundooProject\\node_modules\\supertest\\lib\\test.js:181:6)\n    at Server.localAssert (C:\\Users\\Kirana N\\WORKSPACE\\FundooProject\\node_modules\\supertest\\lib\\test.js:131:12)\n    at Object.onceWrapper (node:events:641:28)\n    at Server.emit (node:events:527:28)\n    at emitCloseNT (node:net:1728:8)\n    at processTicksAndRejections (node:internal/process/task_queues:82:21)"},"exception":true,"os":{"loadavg":[0,0,0],"uptime":1138877},"process":{"argv":["C:\\Program Files\\nodejs\\node.exe","C:\\Users\\Kirana N\\WORKSPACE\\FundooProject\\node_modules\\mocha\\bin\\mocha","--exit","--recursive","--require","@babel/register","--timeout=5000","tests/**/*.js"],"cwd":"C:\\Users\\Kirana N\\WORKSPACE\\FundooProject","execPath":"C:\\Program Files\\nodejs\\node.exe","gid":null,"memoryUsage":{"arrayBuffers":18523326,"external":21045652,"heapTotal":90755072,"heapUsed":59606192,"rss":122150912},"pid":56156,"uid":null,"version":"v16.15.0"},"stack":"AssertionError: expected 401 to equal 200\n    at Test.<anonymous> (C:\\Users\\Kirana N\\WORKSPACE\\FundooProject\\tests\\integration\\/user.test.js:105:40)\n    at Test.assert (C:\\Users\\Kirana N\\WORKSPACE\\FundooProject\\node_modules\\supertest\\lib\\test.js:181:6)\n    at Server.localAssert (C:\\Users\\Kirana N\\WORKSPACE\\FundooProject\\node_modules\\supertest\\lib\\test.js:131:12)\n    at Object.onceWrapper (node:events:641:28)\n    at Server.emit (node:events:527:28)\n    at emitCloseNT (node:net:1728:8)\n    at processTicksAndRejections (node:internal/process/task_queues:82:21)","timestamp":"2023-12-28T08:38:12.355Z","trace":[{"column":40,"file":"C:\\Users\\Kirana N\\WORKSPACE\\FundooProject\\tests\\integration\\/user.test.js","function":null,"line":105,"method":null,"native":false},{"column":6,"file":"C:\\Users\\Kirana N\\WORKSPACE\\FundooProject\\node_modules\\supertest\\lib\\test.js","function":"Test.assert","line":181,"method":"assert","native":false},{"column":12,"file":"C:\\Users\\Kirana N\\WORKSPACE\\FundooProject\\node_modules\\supertest\\lib\\test.js","function":"Server.localAssert","line":131,"method":"localAssert","native":false},{"column":28,"file":"node:events","function":"Object.onceWrapper","line":641,"method":"onceWrapper","native":false},{"column":28,"file":"node:events","function":"Server.emit","line":527,"method":"emit","native":false},{"column":8,"file":"node:net","function":"emitCloseNT","line":1728,"method":null,"native":false},{"column":21,"file":"node:internal/process/task_queues","function":"processTicksAndRejections","line":82,"method":null,"native":false}]}
error: uncaughtException: expected 401 to equal 200
AssertionError: expected 401 to equal 200
    at Test.<anonymous> (C:\Users\Kirana N\WORKSPACE\FundooProject\tests\integration\/user.test.js:105:40)
    at Test.assert (C:\Users\Kirana N\WORKSPACE\FundooProject\node_modules\supertest\lib\test.js:181:6)
    at Server.localAssert (C:\Users\Kirana N\WORKSPACE\FundooProject\node_modules\supertest\lib\test.js:131:12)
    at Object.onceWrapper (node:events:641:28)
    at Server.emit (node:events:527:28)
    at emitCloseNT (node:net:1728:8)
    at processTicksAndRejections (node:internal/process/task_queues:82:21) {"date":"Thu Dec 28 2023 14:09:03 GMT+0530 (India Standard Time)","error":{"actual":401,"expected":200,"message":"expected 401 to equal 200","name":"AssertionError","operator":"strictEqual","showDiff":true,"stack":"AssertionError: expected 401 to equal 200\n    at Test.<anonymous> (C:\\Users\\Kirana N\\WORKSPACE\\FundooProject\\tests\\integration\\/user.test.js:105:40)\n    at Test.assert (C:\\Users\\Kirana N\\WORKSPACE\\FundooProject\\node_modules\\supertest\\lib\\test.js:181:6)\n    at Server.localAssert (C:\\Users\\Kirana N\\WORKSPACE\\FundooProject\\node_modules\\supertest\\lib\\test.js:131:12)\n    at Object.onceWrapper (node:events:641:28)\n    at Server.emit (node:events:527:28)\n    at emitCloseNT (node:net:1728:8)\n    at processTicksAndRejections (node:internal/process/task_queues:82:21)"},"exception":true,"os":{"loadavg":[0,0,0],"uptime":1138927},"process":{"argv":["C:\\Program Files\\nodejs\\node.exe","C:\\Users\\Kirana N\\WORKSPACE\\FundooProject\\node_modules\\mocha\\bin\\mocha","--exit","--recursive","--require","@babel/register","--timeout=5000","tests/**/*.js"],"cwd":"C:\\Users\\Kirana N\\WORKSPACE\\FundooProject","execPath":"C:\\Program Files\\nodejs\\node.exe","gid":null,"memoryUsage":{"arrayBuffers":18411127,"external":25483937,"heapTotal":88657920,"heapUsed":56005792,"rss":119595008},"pid":74948,"uid":null,"version":"v16.15.0"},"stack":"AssertionError: expected 401 to equal 200\n    at Test.<anonymous> (C:\\Users\\Kirana N\\WORKSPACE\\FundooProject\\tests\\integration\\/user.test.js:105:40)\n    at Test.assert (C:\\Users\\Kirana N\\WORKSPACE\\FundooProject\\node_modules\\supertest\\lib\\test.js:181:6)\n    at Server.localAssert (C:\\Users\\Kirana N\\WORKSPACE\\FundooProject\\node_modules\\supertest\\lib\\test.js:131:12)\n    at Object.onceWrapper (node:events:641:28)\n    at Server.emit (node:events:527:28)\n    at emitCloseNT (node:net:1728:8)\n    at processTicksAndRejections (node:internal/process/task_queues:82:21)","timestamp":"2023-12-28T08:39:03.187Z","trace":[{"column":40,"file":"C:\\Users\\Kirana N\\WORKSPACE\\FundooProject\\tests\\integration\\/user.test.js","function":null,"line":105,"method":null,"native":false},{"column":6,"file":"C:\\Users\\Kirana N\\WORKSPACE\\FundooProject\\node_modules\\supertest\\lib\\test.js","function":"Test.assert","line":181,"method":"assert","native":false},{"column":12,"file":"C:\\Users\\Kirana N\\WORKSPACE\\FundooProject\\node_modules\\supertest\\lib\\test.js","function":"Server.localAssert","line":131,"method":"localAssert","native":false},{"column":28,"file":"node:events","function":"Object.onceWrapper","line":641,"method":"onceWrapper","native":false},{"column":28,"file":"node:events","function":"Server.emit","line":527,"method":"emit","native":false},{"column":8,"file":"node:net","function":"emitCloseNT","line":1728,"method":null,"native":false},{"column":21,"file":"node:internal/process/task_queues","function":"processTicksAndRejections","line":82,"method":null,"native":false}]}
error: uncaughtException: expected 401 to equal 200
AssertionError: expected 401 to equal 200
    at Test.<anonymous> (C:\Users\Kirana N\WORKSPACE\FundooProject\tests\integration\/user.test.js:84:40)
    at Test.assert (C:\Users\Kirana N\WORKSPACE\FundooProject\node_modules\supertest\lib\test.js:181:6)
    at Server.localAssert (C:\Users\Kirana N\WORKSPACE\FundooProject\node_modules\supertest\lib\test.js:131:12)
    at Object.onceWrapper (node:events:641:28)
    at Server.emit (node:events:527:28)
    at emitCloseNT (node:net:1728:8)
    at processTicksAndRejections (node:internal/process/task_queues:82:21) {"date":"Thu Dec 28 2023 14:10:39 GMT+0530 (India Standard Time)","error":{"actual":401,"expected":200,"message":"expected 401 to equal 200","name":"AssertionError","operator":"strictEqual","showDiff":true,"stack":"AssertionError: expected 401 to equal 200\n    at Test.<anonymous> (C:\\Users\\Kirana N\\WORKSPACE\\FundooProject\\tests\\integration\\/user.test.js:84:40)\n    at Test.assert (C:\\Users\\Kirana N\\WORKSPACE\\FundooProject\\node_modules\\supertest\\lib\\test.js:181:6)\n    at Server.localAssert (C:\\Users\\Kirana N\\WORKSPACE\\FundooProject\\node_modules\\supertest\\lib\\test.js:131:12)\n    at Object.onceWrapper (node:events:641:28)\n    at Server.emit (node:events:527:28)\n    at emitCloseNT (node:net:1728:8)\n    at processTicksAndRejections (node:internal/process/task_queues:82:21)"},"exception":true,"os":{"loadavg":[0,0,0],"uptime":1139024},"process":{"argv":["C:\\Program Files\\nodejs\\node.exe","C:\\Users\\Kirana N\\WORKSPACE\\FundooProject\\node_modules\\mocha\\bin\\mocha","--exit","--recursive","--require","@babel/register","--timeout=5000","tests/**/*.js"],"cwd":"C:\\Users\\Kirana N\\WORKSPACE\\FundooProject","execPath":"C:\\Program Files\\nodejs\\node.exe","gid":null,"memoryUsage":{"arrayBuffers":19713671,"external":33004407,"heapTotal":87072768,"heapUsed":63126752,"rss":119386112},"pid":16400,"uid":null,"version":"v16.15.0"},"stack":"AssertionError: expected 401 to equal 200\n    at Test.<anonymous> (C:\\Users\\Kirana N\\WORKSPACE\\FundooProject\\tests\\integration\\/user.test.js:84:40)\n    at Test.assert (C:\\Users\\Kirana N\\WORKSPACE\\FundooProject\\node_modules\\supertest\\lib\\test.js:181:6)\n    at Server.localAssert (C:\\Users\\Kirana N\\WORKSPACE\\FundooProject\\node_modules\\supertest\\lib\\test.js:131:12)\n    at Object.onceWrapper (node:events:641:28)\n    at Server.emit (node:events:527:28)\n    at emitCloseNT (node:net:1728:8)\n    at processTicksAndRejections (node:internal/process/task_queues:82:21)","timestamp":"2023-12-28T08:40:39.422Z","trace":[{"column":40,"file":"C:\\Users\\Kirana N\\WORKSPACE\\FundooProject\\tests\\integration\\/user.test.js","function":null,"line":84,"method":null,"native":false},{"column":6,"file":"C:\\Users\\Kirana N\\WORKSPACE\\FundooProject\\node_modules\\supertest\\lib\\test.js","function":"Test.assert","line":181,"method":"assert","native":false},{"column":12,"file":"C:\\Users\\Kirana N\\WORKSPACE\\FundooProject\\node_modules\\supertest\\lib\\test.js","function":"Server.localAssert","line":131,"method":"localAssert","native":false},{"column":28,"file":"node:events","function":"Object.onceWrapper","line":641,"method":"onceWrapper","native":false},{"column":28,"file":"node:events","function":"Server.emit","line":527,"method":"emit","native":false},{"column":8,"file":"node:net","function":"emitCloseNT","line":1728,"method":null,"native":false},{"column":21,"file":"node:internal/process/task_queues","function":"processTicksAndRejections","line":82,"method":null,"native":false}]}
error: uncaughtException: expected 401 to equal 200
AssertionError: expected 401 to equal 200
    at Test.<anonymous> (C:\Users\Kirana N\WORKSPACE\FundooProject\tests\integration\/user.test.js:84:40)
    at Test.assert (C:\Users\Kirana N\WORKSPACE\FundooProject\node_modules\supertest\lib\test.js:181:6)
    at Server.localAssert (C:\Users\Kirana N\WORKSPACE\FundooProject\node_modules\supertest\lib\test.js:131:12)
    at Object.onceWrapper (node:events:641:28)
    at Server.emit (node:events:527:28)
    at emitCloseNT (node:net:1728:8)
    at processTicksAndRejections (node:internal/process/task_queues:82:21) {"date":"Thu Dec 28 2023 14:12:44 GMT+0530 (India Standard Time)","error":{"actual":401,"expected":200,"message":"expected 401 to equal 200","name":"AssertionError","operator":"strictEqual","showDiff":true,"stack":"AssertionError: expected 401 to equal 200\n    at Test.<anonymous> (C:\\Users\\Kirana N\\WORKSPACE\\FundooProject\\tests\\integration\\/user.test.js:84:40)\n    at Test.assert (C:\\Users\\Kirana N\\WORKSPACE\\FundooProject\\node_modules\\supertest\\lib\\test.js:181:6)\n    at Server.localAssert (C:\\Users\\Kirana N\\WORKSPACE\\FundooProject\\node_modules\\supertest\\lib\\test.js:131:12)\n    at Object.onceWrapper (node:events:641:28)\n    at Server.emit (node:events:527:28)\n    at emitCloseNT (node:net:1728:8)\n    at processTicksAndRejections (node:internal/process/task_queues:82:21)"},"exception":true,"os":{"loadavg":[0,0,0],"uptime":1139149},"process":{"argv":["C:\\Program Files\\nodejs\\node.exe","C:\\Users\\Kirana N\\WORKSPACE\\FundooProject\\node_modules\\mocha\\bin\\mocha","--exit","--recursive","--require","@babel/register","--timeout=5000","tests/**/*.js"],"cwd":"C:\\Users\\Kirana N\\WORKSPACE\\FundooProject","execPath":"C:\\Program Files\\nodejs\\node.exe","gid":null,"memoryUsage":{"arrayBuffers":18417236,"external":20339069,"heapTotal":87871488,"heapUsed":55738000,"rss":119508992},"pid":83164,"uid":null,"version":"v16.15.0"},"stack":"AssertionError: expected 401 to equal 200\n    at Test.<anonymous> (C:\\Users\\Kirana N\\WORKSPACE\\FundooProject\\tests\\integration\\/user.test.js:84:40)\n    at Test.assert (C:\\Users\\Kirana N\\WORKSPACE\\FundooProject\\node_modules\\supertest\\lib\\test.js:181:6)\n    at Server.localAssert (C:\\Users\\Kirana N\\WORKSPACE\\FundooProject\\node_modules\\supertest\\lib\\test.js:131:12)\n    at Object.onceWrapper (node:events:641:28)\n    at Server.emit (node:events:527:28)\n    at emitCloseNT (node:net:1728:8)\n    at processTicksAndRejections (node:internal/process/task_queues:82:21)","timestamp":"2023-12-28T08:42:44.215Z","trace":[{"column":40,"file":"C:\\Users\\Kirana N\\WORKSPACE\\FundooProject\\tests\\integration\\/user.test.js","function":null,"line":84,"method":null,"native":false},{"column":6,"file":"C:\\Users\\Kirana N\\WORKSPACE\\FundooProject\\node_modules\\supertest\\lib\\test.js","function":"Test.assert","line":181,"method":"assert","native":false},{"column":12,"file":"C:\\Users\\Kirana N\\WORKSPACE\\FundooProject\\node_modules\\supertest\\lib\\test.js","function":"Server.localAssert","line":131,"method":"localAssert","native":false},{"column":28,"file":"node:events","function":"Object.onceWrapper","line":641,"method":"onceWrapper","native":false},{"column":28,"file":"node:events","function":"Server.emit","line":527,"method":"emit","native":false},{"column":8,"file":"node:net","function":"emitCloseNT","line":1728,"method":null,"native":false},{"column":21,"file":"node:internal/process/task_queues","function":"processTicksAndRejections","line":82,"method":null,"native":false}]}
error: uncaughtException: expected 401 to equal 200
AssertionError: expected 401 to equal 200
    at Test.<anonymous> (C:\Users\Kirana N\WORKSPACE\FundooProject\tests\integration\/user.test.js:84:40)
    at Test.assert (C:\Users\Kirana N\WORKSPACE\FundooProject\node_modules\supertest\lib\test.js:181:6)
    at Server.localAssert (C:\Users\Kirana N\WORKSPACE\FundooProject\node_modules\supertest\lib\test.js:131:12)
    at Object.onceWrapper (node:events:641:28)
    at Server.emit (node:events:527:28)
    at emitCloseNT (node:net:1728:8)
    at processTicksAndRejections (node:internal/process/task_queues:82:21) {"date":"Thu Dec 28 2023 14:14:56 GMT+0530 (India Standard Time)","error":{"actual":401,"expected":200,"message":"expected 401 to equal 200","name":"AssertionError","operator":"strictEqual","showDiff":true,"stack":"AssertionError: expected 401 to equal 200\n    at Test.<anonymous> (C:\\Users\\Kirana N\\WORKSPACE\\FundooProject\\tests\\integration\\/user.test.js:84:40)\n    at Test.assert (C:\\Users\\Kirana N\\WORKSPACE\\FundooProject\\node_modules\\supertest\\lib\\test.js:181:6)\n    at Server.localAssert (C:\\Users\\Kirana N\\WORKSPACE\\FundooProject\\node_modules\\supertest\\lib\\test.js:131:12)\n    at Object.onceWrapper (node:events:641:28)\n    at Server.emit (node:events:527:28)\n    at emitCloseNT (node:net:1728:8)\n    at processTicksAndRejections (node:internal/process/task_queues:82:21)"},"exception":true,"os":{"loadavg":[0,0,0],"uptime":1139281},"process":{"argv":["C:\\Program Files\\nodejs\\node.exe","C:\\Users\\Kirana N\\WORKSPACE\\FundooProject\\node_modules\\mocha\\bin\\mocha","--exit","--recursive","--require","@babel/register","--timeout=5000","tests/**/*.js"],"cwd":"C:\\Users\\Kirana N\\WORKSPACE\\FundooProject","execPath":"C:\\Program Files\\nodejs\\node.exe","gid":null,"memoryUsage":{"arrayBuffers":18508485,"external":21127119,"heapTotal":91541504,"heapUsed":60341384,"rss":122335232},"pid":29260,"uid":null,"version":"v16.15.0"},"stack":"AssertionError: expected 401 to equal 200\n    at Test.<anonymous> (C:\\Users\\Kirana N\\WORKSPACE\\FundooProject\\tests\\integration\\/user.test.js:84:40)\n    at Test.assert (C:\\Users\\Kirana N\\WORKSPACE\\FundooProject\\node_modules\\supertest\\lib\\test.js:181:6)\n    at Server.localAssert (C:\\Users\\Kirana N\\WORKSPACE\\FundooProject\\node_modules\\supertest\\lib\\test.js:131:12)\n    at Object.onceWrapper (node:events:641:28)\n    at Server.emit (node:events:527:28)\n    at emitCloseNT (node:net:1728:8)\n    at processTicksAndRejections (node:internal/process/task_queues:82:21)","timestamp":"2023-12-28T08:44:56.767Z","trace":[{"column":40,"file":"C:\\Users\\Kirana N\\WORKSPACE\\FundooProject\\tests\\integration\\/user.test.js","function":null,"line":84,"method":null,"native":false},{"column":6,"file":"C:\\Users\\Kirana N\\WORKSPACE\\FundooProject\\node_modules\\supertest\\lib\\test.js","function":"Test.assert","line":181,"method":"assert","native":false},{"column":12,"file":"C:\\Users\\Kirana N\\WORKSPACE\\FundooProject\\node_modules\\supertest\\lib\\test.js","function":"Server.localAssert","line":131,"method":"localAssert","native":false},{"column":28,"file":"node:events","function":"Object.onceWrapper","line":641,"method":"onceWrapper","native":false},{"column":28,"file":"node:events","function":"Server.emit","line":527,"method":"emit","native":false},{"column":8,"file":"node:net","function":"emitCloseNT","line":1728,"method":null,"native":false},{"column":21,"file":"node:internal/process/task_queues","function":"processTicksAndRejections","line":82,"method":null,"native":false}]}
error: uncaughtException: expected 401 to equal 200
AssertionError: expected 401 to equal 200
    at Test.<anonymous> (C:\Users\Kirana N\WORKSPACE\FundooProject\tests\integration\/user.test.js:84:40)
    at Test.assert (C:\Users\Kirana N\WORKSPACE\FundooProject\node_modules\supertest\lib\test.js:181:6)
    at Server.localAssert (C:\Users\Kirana N\WORKSPACE\FundooProject\node_modules\supertest\lib\test.js:131:12)
    at Object.onceWrapper (node:events:641:28)
    at Server.emit (node:events:527:28)
    at emitCloseNT (node:net:1728:8)
    at processTicksAndRejections (node:internal/process/task_queues:82:21) {"date":"Thu Dec 28 2023 14:17:06 GMT+0530 (India Standard Time)","error":{"actual":401,"expected":200,"message":"expected 401 to equal 200","name":"AssertionError","operator":"strictEqual","showDiff":true,"stack":"AssertionError: expected 401 to equal 200\n    at Test.<anonymous> (C:\\Users\\Kirana N\\WORKSPACE\\FundooProject\\tests\\integration\\/user.test.js:84:40)\n    at Test.assert (C:\\Users\\Kirana N\\WORKSPACE\\FundooProject\\node_modules\\supertest\\lib\\test.js:181:6)\n    at Server.localAssert (C:\\Users\\Kirana N\\WORKSPACE\\FundooProject\\node_modules\\supertest\\lib\\test.js:131:12)\n    at Object.onceWrapper (node:events:641:28)\n    at Server.emit (node:events:527:28)\n    at emitCloseNT (node:net:1728:8)\n    at processTicksAndRejections (node:internal/process/task_queues:82:21)"},"exception":true,"os":{"loadavg":[0,0,0],"uptime":1139411},"process":{"argv":["C:\\Program Files\\nodejs\\node.exe","C:\\Users\\Kirana N\\WORKSPACE\\FundooProject\\node_modules\\mocha\\bin\\mocha","--exit","--recursive","--require","@babel/register","--timeout=5000","tests/**/*.js"],"cwd":"C:\\Users\\Kirana N\\WORKSPACE\\FundooProject","execPath":"C:\\Program Files\\nodejs\\node.exe","gid":null,"memoryUsage":{"arrayBuffers":20124195,"external":33090405,"heapTotal":87121920,"heapUsed":64843360,"rss":119767040},"pid":88008,"uid":null,"version":"v16.15.0"},"stack":"AssertionError: expected 401 to equal 200\n    at Test.<anonymous> (C:\\Users\\Kirana N\\WORKSPACE\\FundooProject\\tests\\integration\\/user.test.js:84:40)\n    at Test.assert (C:\\Users\\Kirana N\\WORKSPACE\\FundooProject\\node_modules\\supertest\\lib\\test.js:181:6)\n    at Server.localAssert (C:\\Users\\Kirana N\\WORKSPACE\\FundooProject\\node_modules\\supertest\\lib\\test.js:131:12)\n    at Object.onceWrapper (node:events:641:28)\n    at Server.emit (node:events:527:28)\n    at emitCloseNT (node:net:1728:8)\n    at processTicksAndRejections (node:internal/process/task_queues:82:21)","timestamp":"2023-12-28T08:47:06.220Z","trace":[{"column":40,"file":"C:\\Users\\Kirana N\\WORKSPACE\\FundooProject\\tests\\integration\\/user.test.js","function":null,"line":84,"method":null,"native":false},{"column":6,"file":"C:\\Users\\Kirana N\\WORKSPACE\\FundooProject\\node_modules\\supertest\\lib\\test.js","function":"Test.assert","line":181,"method":"assert","native":false},{"column":12,"file":"C:\\Users\\Kirana N\\WORKSPACE\\FundooProject\\node_modules\\supertest\\lib\\test.js","function":"Server.localAssert","line":131,"method":"localAssert","native":false},{"column":28,"file":"node:events","function":"Object.onceWrapper","line":641,"method":"onceWrapper","native":false},{"column":28,"file":"node:events","function":"Server.emit","line":527,"method":"emit","native":false},{"column":8,"file":"node:net","function":"emitCloseNT","line":1728,"method":null,"native":false},{"column":21,"file":"node:internal/process/task_queues","function":"processTicksAndRejections","line":82,"method":null,"native":false}]}
error: uncaughtException: expected 401 to equal 200
AssertionError: expected 401 to equal 200
    at Test.<anonymous> (C:\Users\Kirana N\WORKSPACE\FundooProject\tests\integration\/user.test.js:85:40)
    at Test.assert (C:\Users\Kirana N\WORKSPACE\FundooProject\node_modules\supertest\lib\test.js:181:6)
    at Server.localAssert (C:\Users\Kirana N\WORKSPACE\FundooProject\node_modules\supertest\lib\test.js:131:12)
    at Object.onceWrapper (node:events:641:28)
    at Server.emit (node:events:527:28)
    at emitCloseNT (node:net:1728:8)
    at processTicksAndRejections (node:internal/process/task_queues:82:21) {"date":"Thu Dec 28 2023 14:21:16 GMT+0530 (India Standard Time)","error":{"actual":401,"expected":200,"message":"expected 401 to equal 200","name":"AssertionError","operator":"strictEqual","showDiff":true,"stack":"AssertionError: expected 401 to equal 200\n    at Test.<anonymous> (C:\\Users\\Kirana N\\WORKSPACE\\FundooProject\\tests\\integration\\/user.test.js:85:40)\n    at Test.assert (C:\\Users\\Kirana N\\WORKSPACE\\FundooProject\\node_modules\\supertest\\lib\\test.js:181:6)\n    at Server.localAssert (C:\\Users\\Kirana N\\WORKSPACE\\FundooProject\\node_modules\\supertest\\lib\\test.js:131:12)\n    at Object.onceWrapper (node:events:641:28)\n    at Server.emit (node:events:527:28)\n    at emitCloseNT (node:net:1728:8)\n    at processTicksAndRejections (node:internal/process/task_queues:82:21)"},"exception":true,"os":{"loadavg":[0,0,0],"uptime":1139661},"process":{"argv":["C:\\Program Files\\nodejs\\node.exe","C:\\Users\\Kirana N\\WORKSPACE\\FundooProject\\node_modules\\mocha\\bin\\mocha","--exit","--recursive","--require","@babel/register","--timeout=5000","tests/**/*.js"],"cwd":"C:\\Users\\Kirana N\\WORKSPACE\\FundooProject","execPath":"C:\\Program Files\\nodejs\\node.exe","gid":null,"memoryUsage":{"arrayBuffers":19891431,"external":33141313,"heapTotal":90005504,"heapUsed":66607336,"rss":123154432},"pid":46976,"uid":null,"version":"v16.15.0"},"stack":"AssertionError: expected 401 to equal 200\n    at Test.<anonymous> (C:\\Users\\Kirana N\\WORKSPACE\\FundooProject\\tests\\integration\\/user.test.js:85:40)\n    at Test.assert (C:\\Users\\Kirana N\\WORKSPACE\\FundooProject\\node_modules\\supertest\\lib\\test.js:181:6)\n    at Server.localAssert (C:\\Users\\Kirana N\\WORKSPACE\\FundooProject\\node_modules\\supertest\\lib\\test.js:131:12)\n    at Object.onceWrapper (node:events:641:28)\n    at Server.emit (node:events:527:28)\n    at emitCloseNT (node:net:1728:8)\n    at processTicksAndRejections (node:internal/process/task_queues:82:21)","timestamp":"2023-12-28T08:51:16.319Z","trace":[{"column":40,"file":"C:\\Users\\Kirana N\\WORKSPACE\\FundooProject\\tests\\integration\\/user.test.js","function":null,"line":85,"method":null,"native":false},{"column":6,"file":"C:\\Users\\Kirana N\\WORKSPACE\\FundooProject\\node_modules\\supertest\\lib\\test.js","function":"Test.assert","line":181,"method":"assert","native":false},{"column":12,"file":"C:\\Users\\Kirana N\\WORKSPACE\\FundooProject\\node_modules\\supertest\\lib\\test.js","function":"Server.localAssert","line":131,"method":"localAssert","native":false},{"column":28,"file":"node:events","function":"Object.onceWrapper","line":641,"method":"onceWrapper","native":false},{"column":28,"file":"node:events","function":"Server.emit","line":527,"method":"emit","native":false},{"column":8,"file":"node:net","function":"emitCloseNT","line":1728,"method":null,"native":false},{"column":21,"file":"node:internal/process/task_queues","function":"processTicksAndRejections","line":82,"method":null,"native":false}]}
error: uncaughtException: expected 401 to equal 200
AssertionError: expected 401 to equal 200
    at Test.<anonymous> (C:\Users\Kirana N\WORKSPACE\FundooProject\tests\integration\/user.test.js:85:40)
    at Test.assert (C:\Users\Kirana N\WORKSPACE\FundooProject\node_modules\supertest\lib\test.js:181:6)
    at Server.localAssert (C:\Users\Kirana N\WORKSPACE\FundooProject\node_modules\supertest\lib\test.js:131:12)
    at Object.onceWrapper (node:events:641:28)
    at Server.emit (node:events:527:28)
    at emitCloseNT (node:net:1728:8)
    at processTicksAndRejections (node:internal/process/task_queues:82:21) {"date":"Thu Dec 28 2023 14:25:53 GMT+0530 (India Standard Time)","error":{"actual":401,"expected":200,"message":"expected 401 to equal 200","name":"AssertionError","operator":"strictEqual","showDiff":true,"stack":"AssertionError: expected 401 to equal 200\n    at Test.<anonymous> (C:\\Users\\Kirana N\\WORKSPACE\\FundooProject\\tests\\integration\\/user.test.js:85:40)\n    at Test.assert (C:\\Users\\Kirana N\\WORKSPACE\\FundooProject\\node_modules\\supertest\\lib\\test.js:181:6)\n    at Server.localAssert (C:\\Users\\Kirana N\\WORKSPACE\\FundooProject\\node_modules\\supertest\\lib\\test.js:131:12)\n    at Object.onceWrapper (node:events:641:28)\n    at Server.emit (node:events:527:28)\n    at emitCloseNT (node:net:1728:8)\n    at processTicksAndRejections (node:internal/process/task_queues:82:21)"},"exception":true,"os":{"loadavg":[0,0,0],"uptime":1139938},"process":{"argv":["C:\\Program Files\\nodejs\\node.exe","C:\\Users\\Kirana N\\WORKSPACE\\FundooProject\\node_modules\\mocha\\bin\\mocha","--exit","--recursive","--require","@babel/register","--timeout=5000","tests/**/*.js"],"cwd":"C:\\Users\\Kirana N\\WORKSPACE\\FundooProject","execPath":"C:\\Program Files\\nodejs\\node.exe","gid":null,"memoryUsage":{"arrayBuffers":19318966,"external":25520634,"heapTotal":87384064,"heapUsed":57290896,"rss":118865920},"pid":78032,"uid":null,"version":"v16.15.0"},"stack":"AssertionError: expected 401 to equal 200\n    at Test.<anonymous> (C:\\Users\\Kirana N\\WORKSPACE\\FundooProject\\tests\\integration\\/user.test.js:85:40)\n    at Test.assert (C:\\Users\\Kirana N\\WORKSPACE\\FundooProject\\node_modules\\supertest\\lib\\test.js:181:6)\n    at Server.localAssert (C:\\Users\\Kirana N\\WORKSPACE\\FundooProject\\node_modules\\supertest\\lib\\test.js:131:12)\n    at Object.onceWrapper (node:events:641:28)\n    at Server.emit (node:events:527:28)\n    at emitCloseNT (node:net:1728:8)\n    at processTicksAndRejections (node:internal/process/task_queues:82:21)","timestamp":"2023-12-28T08:55:53.565Z","trace":[{"column":40,"file":"C:\\Users\\Kirana N\\WORKSPACE\\FundooProject\\tests\\integration\\/user.test.js","function":null,"line":85,"method":null,"native":false},{"column":6,"file":"C:\\Users\\Kirana N\\WORKSPACE\\FundooProject\\node_modules\\supertest\\lib\\test.js","function":"Test.assert","line":181,"method":"assert","native":false},{"column":12,"file":"C:\\Users\\Kirana N\\WORKSPACE\\FundooProject\\node_modules\\supertest\\lib\\test.js","function":"Server.localAssert","line":131,"method":"localAssert","native":false},{"column":28,"file":"node:events","function":"Object.onceWrapper","line":641,"method":"onceWrapper","native":false},{"column":28,"file":"node:events","function":"Server.emit","line":527,"method":"emit","native":false},{"column":8,"file":"node:net","function":"emitCloseNT","line":1728,"method":null,"native":false},{"column":21,"file":"node:internal/process/task_queues","function":"processTicksAndRejections","line":82,"method":null,"native":false}]}
error: uncaughtException: expected 401 to equal 200
AssertionError: expected 401 to equal 200
    at Test.<anonymous> (C:\Users\Kirana N\WORKSPACE\FundooProject\tests\integration\/user.test.js:85:40)
    at Test.assert (C:\Users\Kirana N\WORKSPACE\FundooProject\node_modules\supertest\lib\test.js:181:6)
    at Server.localAssert (C:\Users\Kirana N\WORKSPACE\FundooProject\node_modules\supertest\lib\test.js:131:12)
    at Object.onceWrapper (node:events:641:28)
    at Server.emit (node:events:527:28)
    at emitCloseNT (node:net:1728:8)
    at processTicksAndRejections (node:internal/process/task_queues:82:21) {"date":"Thu Dec 28 2023 14:26:38 GMT+0530 (India Standard Time)","error":{"actual":401,"expected":200,"message":"expected 401 to equal 200","name":"AssertionError","operator":"strictEqual","showDiff":true,"stack":"AssertionError: expected 401 to equal 200\n    at Test.<anonymous> (C:\\Users\\Kirana N\\WORKSPACE\\FundooProject\\tests\\integration\\/user.test.js:85:40)\n    at Test.assert (C:\\Users\\Kirana N\\WORKSPACE\\FundooProject\\node_modules\\supertest\\lib\\test.js:181:6)\n    at Server.localAssert (C:\\Users\\Kirana N\\WORKSPACE\\FundooProject\\node_modules\\supertest\\lib\\test.js:131:12)\n    at Object.onceWrapper (node:events:641:28)\n    at Server.emit (node:events:527:28)\n    at emitCloseNT (node:net:1728:8)\n    at processTicksAndRejections (node:internal/process/task_queues:82:21)"},"exception":true,"os":{"loadavg":[0,0,0],"uptime":1139983},"process":{"argv":["C:\\Program Files\\nodejs\\node.exe","C:\\Users\\Kirana N\\WORKSPACE\\FundooProject\\node_modules\\mocha\\bin\\mocha","--exit","--recursive","--require","@babel/register","--timeout=5000","tests/**/*.js"],"cwd":"C:\\Users\\Kirana N\\WORKSPACE\\FundooProject","execPath":"C:\\Program Files\\nodejs\\node.exe","gid":null,"memoryUsage":{"arrayBuffers":20006133,"external":25530147,"heapTotal":84242432,"heapUsed":62555112,"rss":116596736},"pid":1804,"uid":null,"version":"v16.15.0"},"stack":"AssertionError: expected 401 to equal 200\n    at Test.<anonymous> (C:\\Users\\Kirana N\\WORKSPACE\\FundooProject\\tests\\integration\\/user.test.js:85:40)\n    at Test.assert (C:\\Users\\Kirana N\\WORKSPACE\\FundooProject\\node_modules\\supertest\\lib\\test.js:181:6)\n    at Server.localAssert (C:\\Users\\Kirana N\\WORKSPACE\\FundooProject\\node_modules\\supertest\\lib\\test.js:131:12)\n    at Object.onceWrapper (node:events:641:28)\n    at Server.emit (node:events:527:28)\n    at emitCloseNT (node:net:1728:8)\n    at processTicksAndRejections (node:internal/process/task_queues:82:21)","timestamp":"2023-12-28T08:56:38.777Z","trace":[{"column":40,"file":"C:\\Users\\Kirana N\\WORKSPACE\\FundooProject\\tests\\integration\\/user.test.js","function":null,"line":85,"method":null,"native":false},{"column":6,"file":"C:\\Users\\Kirana N\\WORKSPACE\\FundooProject\\node_modules\\supertest\\lib\\test.js","function":"Test.assert","line":181,"method":"assert","native":false},{"column":12,"file":"C:\\Users\\Kirana N\\WORKSPACE\\FundooProject\\node_modules\\supertest\\lib\\test.js","function":"Server.localAssert","line":131,"method":"localAssert","native":false},{"column":28,"file":"node:events","function":"Object.onceWrapper","line":641,"method":"onceWrapper","native":false},{"column":28,"file":"node:events","function":"Server.emit","line":527,"method":"emit","native":false},{"column":8,"file":"node:net","function":"emitCloseNT","line":1728,"method":null,"native":false},{"column":21,"file":"node:internal/process/task_queues","function":"processTicksAndRejections","line":82,"method":null,"native":false}]}
error: uncaughtException: expected 401 to equal 200
AssertionError: expected 401 to equal 200
    at Test.<anonymous> (C:\Users\Kirana N\WORKSPACE\FundooProject\tests\integration\/user.test.js:85:40)
    at Test.assert (C:\Users\Kirana N\WORKSPACE\FundooProject\node_modules\supertest\lib\test.js:181:6)
    at Server.localAssert (C:\Users\Kirana N\WORKSPACE\FundooProject\node_modules\supertest\lib\test.js:131:12)
    at Object.onceWrapper (node:events:641:28)
    at Server.emit (node:events:527:28)
    at emitCloseNT (node:net:1728:8)
    at processTicksAndRejections (node:internal/process/task_queues:82:21) {"date":"Thu Dec 28 2023 14:28:26 GMT+0530 (India Standard Time)","error":{"actual":401,"expected":200,"message":"expected 401 to equal 200","name":"AssertionError","operator":"strictEqual","showDiff":true,"stack":"AssertionError: expected 401 to equal 200\n    at Test.<anonymous> (C:\\Users\\Kirana N\\WORKSPACE\\FundooProject\\tests\\integration\\/user.test.js:85:40)\n    at Test.assert (C:\\Users\\Kirana N\\WORKSPACE\\FundooProject\\node_modules\\supertest\\lib\\test.js:181:6)\n    at Server.localAssert (C:\\Users\\Kirana N\\WORKSPACE\\FundooProject\\node_modules\\supertest\\lib\\test.js:131:12)\n    at Object.onceWrapper (node:events:641:28)\n    at Server.emit (node:events:527:28)\n    at emitCloseNT (node:net:1728:8)\n    at processTicksAndRejections (node:internal/process/task_queues:82:21)"},"exception":true,"os":{"loadavg":[0,0,0],"uptime":1140091},"process":{"argv":["C:\\Program Files\\nodejs\\node.exe","C:\\Users\\Kirana N\\WORKSPACE\\FundooProject\\node_modules\\mocha\\bin\\mocha","--exit","--recursive","--require","@babel/register","--timeout=5000","tests/**/*.js"],"cwd":"C:\\Users\\Kirana N\\WORKSPACE\\FundooProject","execPath":"C:\\Program Files\\nodejs\\node.exe","gid":null,"memoryUsage":{"arrayBuffers":18508485,"external":21086384,"heapTotal":88657920,"heapUsed":57650408,"rss":119705600},"pid":57232,"uid":null,"version":"v16.15.0"},"stack":"AssertionError: expected 401 to equal 200\n    at Test.<anonymous> (C:\\Users\\Kirana N\\WORKSPACE\\FundooProject\\tests\\integration\\/user.test.js:85:40)\n    at Test.assert (C:\\Users\\Kirana N\\WORKSPACE\\FundooProject\\node_modules\\supertest\\lib\\test.js:181:6)\n    at Server.localAssert (C:\\Users\\Kirana N\\WORKSPACE\\FundooProject\\node_modules\\supertest\\lib\\test.js:131:12)\n    at Object.onceWrapper (node:events:641:28)\n    at Server.emit (node:events:527:28)\n    at emitCloseNT (node:net:1728:8)\n    at processTicksAndRejections (node:internal/process/task_queues:82:21)","timestamp":"2023-12-28T08:58:26.485Z","trace":[{"column":40,"file":"C:\\Users\\Kirana N\\WORKSPACE\\FundooProject\\tests\\integration\\/user.test.js","function":null,"line":85,"method":null,"native":false},{"column":6,"file":"C:\\Users\\Kirana N\\WORKSPACE\\FundooProject\\node_modules\\supertest\\lib\\test.js","function":"Test.assert","line":181,"method":"assert","native":false},{"column":12,"file":"C:\\Users\\Kirana N\\WORKSPACE\\FundooProject\\node_modules\\supertest\\lib\\test.js","function":"Server.localAssert","line":131,"method":"localAssert","native":false},{"column":28,"file":"node:events","function":"Object.onceWrapper","line":641,"method":"onceWrapper","native":false},{"column":28,"file":"node:events","function":"Server.emit","line":527,"method":"emit","native":false},{"column":8,"file":"node:net","function":"emitCloseNT","line":1728,"method":null,"native":false},{"column":21,"file":"node:internal/process/task_queues","function":"processTicksAndRejections","line":82,"method":null,"native":false}]}
error: uncaughtException: expected 401 to equal 200
AssertionError: expected 401 to equal 200
    at Test.<anonymous> (C:\Users\Kirana N\WORKSPACE\FundooProject\tests\integration\/user.test.js:85:40)
    at Test.assert (C:\Users\Kirana N\WORKSPACE\FundooProject\node_modules\supertest\lib\test.js:181:6)
    at Server.localAssert (C:\Users\Kirana N\WORKSPACE\FundooProject\node_modules\supertest\lib\test.js:131:12)
    at Object.onceWrapper (node:events:641:28)
    at Server.emit (node:events:527:28)
    at emitCloseNT (node:net:1728:8)
    at processTicksAndRejections (node:internal/process/task_queues:82:21) {"date":"Thu Dec 28 2023 14:30:17 GMT+0530 (India Standard Time)","error":{"actual":401,"expected":200,"message":"expected 401 to equal 200","name":"AssertionError","operator":"strictEqual","showDiff":true,"stack":"AssertionError: expected 401 to equal 200\n    at Test.<anonymous> (C:\\Users\\Kirana N\\WORKSPACE\\FundooProject\\tests\\integration\\/user.test.js:85:40)\n    at Test.assert (C:\\Users\\Kirana N\\WORKSPACE\\FundooProject\\node_modules\\supertest\\lib\\test.js:181:6)\n    at Server.localAssert (C:\\Users\\Kirana N\\WORKSPACE\\FundooProject\\node_modules\\supertest\\lib\\test.js:131:12)\n    at Object.onceWrapper (node:events:641:28)\n    at Server.emit (node:events:527:28)\n    at emitCloseNT (node:net:1728:8)\n    at processTicksAndRejections (node:internal/process/task_queues:82:21)"},"exception":true,"os":{"loadavg":[0,0,0],"uptime":1140201},"process":{"argv":["C:\\Program Files\\nodejs\\node.exe","C:\\Users\\Kirana N\\WORKSPACE\\FundooProject\\node_modules\\mocha\\bin\\mocha","--exit","--recursive","--require","@babel/register","--timeout=5000","tests/**/*.js"],"cwd":"C:\\Users\\Kirana N\\WORKSPACE\\FundooProject","execPath":"C:\\Program Files\\nodejs\\node.exe","gid":null,"memoryUsage":{"arrayBuffers":19995027,"external":25505657,"heapTotal":84242432,"heapUsed":62845016,"rss":116473856},"pid":91436,"uid":null,"version":"v16.15.0"},"stack":"AssertionError: expected 401 to equal 200\n    at Test.<anonymous> (C:\\Users\\Kirana N\\WORKSPACE\\FundooProject\\tests\\integration\\/user.test.js:85:40)\n    at Test.assert (C:\\Users\\Kirana N\\WORKSPACE\\FundooProject\\node_modules\\supertest\\lib\\test.js:181:6)\n    at Server.localAssert (C:\\Users\\Kirana N\\WORKSPACE\\FundooProject\\node_modules\\supertest\\lib\\test.js:131:12)\n    at Object.onceWrapper (node:events:641:28)\n    at Server.emit (node:events:527:28)\n    at emitCloseNT (node:net:1728:8)\n    at processTicksAndRejections (node:internal/process/task_queues:82:21)","timestamp":"2023-12-28T09:00:17.031Z","trace":[{"column":40,"file":"C:\\Users\\Kirana N\\WORKSPACE\\FundooProject\\tests\\integration\\/user.test.js","function":null,"line":85,"method":null,"native":false},{"column":6,"file":"C:\\Users\\Kirana N\\WORKSPACE\\FundooProject\\node_modules\\supertest\\lib\\test.js","function":"Test.assert","line":181,"method":"assert","native":false},{"column":12,"file":"C:\\Users\\Kirana N\\WORKSPACE\\FundooProject\\node_modules\\supertest\\lib\\test.js","function":"Server.localAssert","line":131,"method":"localAssert","native":false},{"column":28,"file":"node:events","function":"Object.onceWrapper","line":641,"method":"onceWrapper","native":false},{"column":28,"file":"node:events","function":"Server.emit","line":527,"method":"emit","native":false},{"column":8,"file":"node:net","function":"emitCloseNT","line":1728,"method":null,"native":false},{"column":21,"file":"node:internal/process/task_queues","function":"processTicksAndRejections","line":82,"method":null,"native":false}]}
error: uncaughtException: expected 500 to equal 200
AssertionError: expected 500 to equal 200
    at Test.<anonymous> (C:\Users\Kirana N\WORKSPACE\FundooProject\tests\integration\/user.test.js:85:40)
    at Test.assert (C:\Users\Kirana N\WORKSPACE\FundooProject\node_modules\supertest\lib\test.js:181:6)
    at Server.localAssert (C:\Users\Kirana N\WORKSPACE\FundooProject\node_modules\supertest\lib\test.js:131:12)
    at Object.onceWrapper (node:events:641:28)
    at Server.emit (node:events:527:28)
    at emitCloseNT (node:net:1728:8)
    at processTicksAndRejections (node:internal/process/task_queues:82:21) {"date":"Thu Dec 28 2023 14:33:40 GMT+0530 (India Standard Time)","error":{"actual":500,"expected":200,"message":"expected 500 to equal 200","name":"AssertionError","operator":"strictEqual","showDiff":true,"stack":"AssertionError: expected 500 to equal 200\n    at Test.<anonymous> (C:\\Users\\Kirana N\\WORKSPACE\\FundooProject\\tests\\integration\\/user.test.js:85:40)\n    at Test.assert (C:\\Users\\Kirana N\\WORKSPACE\\FundooProject\\node_modules\\supertest\\lib\\test.js:181:6)\n    at Server.localAssert (C:\\Users\\Kirana N\\WORKSPACE\\FundooProject\\node_modules\\supertest\\lib\\test.js:131:12)\n    at Object.onceWrapper (node:events:641:28)\n    at Server.emit (node:events:527:28)\n    at emitCloseNT (node:net:1728:8)\n    at processTicksAndRejections (node:internal/process/task_queues:82:21)"},"exception":true,"os":{"loadavg":[0,0,0],"uptime":1140404},"process":{"argv":["C:\\Program Files\\nodejs\\node.exe","C:\\Users\\Kirana N\\WORKSPACE\\FundooProject\\node_modules\\mocha\\bin\\mocha","--exit","--recursive","--require","@babel/register","--timeout=5000","tests/**/*.js"],"cwd":"C:\\Users\\Kirana N\\WORKSPACE\\FundooProject","execPath":"C:\\Program Files\\nodejs\\node.exe","gid":null,"memoryUsage":{"arrayBuffers":18314806,"external":19370696,"heapTotal":86822912,"heapUsed":53862280,"rss":117473280},"pid":83208,"uid":null,"version":"v16.15.0"},"stack":"AssertionError: expected 500 to equal 200\n    at Test.<anonymous> (C:\\Users\\Kirana N\\WORKSPACE\\FundooProject\\tests\\integration\\/user.test.js:85:40)\n    at Test.assert (C:\\Users\\Kirana N\\WORKSPACE\\FundooProject\\node_modules\\supertest\\lib\\test.js:181:6)\n    at Server.localAssert (C:\\Users\\Kirana N\\WORKSPACE\\FundooProject\\node_modules\\supertest\\lib\\test.js:131:12)\n    at Object.onceWrapper (node:events:641:28)\n    at Server.emit (node:events:527:28)\n    at emitCloseNT (node:net:1728:8)\n    at processTicksAndRejections (node:internal/process/task_queues:82:21)","timestamp":"2023-12-28T09:03:40.085Z","trace":[{"column":40,"file":"C:\\Users\\Kirana N\\WORKSPACE\\FundooProject\\tests\\integration\\/user.test.js","function":null,"line":85,"method":null,"native":false},{"column":6,"file":"C:\\Users\\Kirana N\\WORKSPACE\\FundooProject\\node_modules\\supertest\\lib\\test.js","function":"Test.assert","line":181,"method":"assert","native":false},{"column":12,"file":"C:\\Users\\Kirana N\\WORKSPACE\\FundooProject\\node_modules\\supertest\\lib\\test.js","function":"Server.localAssert","line":131,"method":"localAssert","native":false},{"column":28,"file":"node:events","function":"Object.onceWrapper","line":641,"method":"onceWrapper","native":false},{"column":28,"file":"node:events","function":"Server.emit","line":527,"method":"emit","native":false},{"column":8,"file":"node:net","function":"emitCloseNT","line":1728,"method":null,"native":false},{"column":21,"file":"node:internal/process/task_queues","function":"processTicksAndRejections","line":82,"method":null,"native":false}]}
error: uncaughtException: expected 500 to equal 200
AssertionError: expected 500 to equal 200
    at Test.<anonymous> (C:\Users\Kirana N\WORKSPACE\FundooProject\tests\integration\/user.test.js:85:40)
    at Test.assert (C:\Users\Kirana N\WORKSPACE\FundooProject\node_modules\supertest\lib\test.js:181:6)
    at Server.localAssert (C:\Users\Kirana N\WORKSPACE\FundooProject\node_modules\supertest\lib\test.js:131:12)
    at Object.onceWrapper (node:events:641:28)
    at Server.emit (node:events:527:28)
    at emitCloseNT (node:net:1728:8)
    at processTicksAndRejections (node:internal/process/task_queues:82:21) {"date":"Thu Dec 28 2023 14:34:46 GMT+0530 (India Standard Time)","error":{"actual":500,"expected":200,"message":"expected 500 to equal 200","name":"AssertionError","operator":"strictEqual","showDiff":true,"stack":"AssertionError: expected 500 to equal 200\n    at Test.<anonymous> (C:\\Users\\Kirana N\\WORKSPACE\\FundooProject\\tests\\integration\\/user.test.js:85:40)\n    at Test.assert (C:\\Users\\Kirana N\\WORKSPACE\\FundooProject\\node_modules\\supertest\\lib\\test.js:181:6)\n    at Server.localAssert (C:\\Users\\Kirana N\\WORKSPACE\\FundooProject\\node_modules\\supertest\\lib\\test.js:131:12)\n    at Object.onceWrapper (node:events:641:28)\n    at Server.emit (node:events:527:28)\n    at emitCloseNT (node:net:1728:8)\n    at processTicksAndRejections (node:internal/process/task_queues:82:21)"},"exception":true,"os":{"loadavg":[0,0,0],"uptime":1140471},"process":{"argv":["C:\\Program Files\\nodejs\\node.exe","C:\\Users\\Kirana N\\WORKSPACE\\FundooProject\\node_modules\\mocha\\bin\\mocha","--exit","--recursive","--require","@babel/register","--timeout=5000","tests/**/*.js"],"cwd":"C:\\Users\\Kirana N\\WORKSPACE\\FundooProject","execPath":"C:\\Program Files\\nodejs\\node.exe","gid":null,"memoryUsage":{"arrayBuffers":19335218,"external":21094630,"heapTotal":89485312,"heapUsed":59529008,"rss":121856000},"pid":95872,"uid":null,"version":"v16.15.0"},"stack":"AssertionError: expected 500 to equal 200\n    at Test.<anonymous> (C:\\Users\\Kirana N\\WORKSPACE\\FundooProject\\tests\\integration\\/user.test.js:85:40)\n    at Test.assert (C:\\Users\\Kirana N\\WORKSPACE\\FundooProject\\node_modules\\supertest\\lib\\test.js:181:6)\n    at Server.localAssert (C:\\Users\\Kirana N\\WORKSPACE\\FundooProject\\node_modules\\supertest\\lib\\test.js:131:12)\n    at Object.onceWrapper (node:events:641:28)\n    at Server.emit (node:events:527:28)\n    at emitCloseNT (node:net:1728:8)\n    at processTicksAndRejections (node:internal/process/task_queues:82:21)","timestamp":"2023-12-28T09:04:46.522Z","trace":[{"column":40,"file":"C:\\Users\\Kirana N\\WORKSPACE\\FundooProject\\tests\\integration\\/user.test.js","function":null,"line":85,"method":null,"native":false},{"column":6,"file":"C:\\Users\\Kirana N\\WORKSPACE\\FundooProject\\node_modules\\supertest\\lib\\test.js","function":"Test.assert","line":181,"method":"assert","native":false},{"column":12,"file":"C:\\Users\\Kirana N\\WORKSPACE\\FundooProject\\node_modules\\supertest\\lib\\test.js","function":"Server.localAssert","line":131,"method":"localAssert","native":false},{"column":28,"file":"node:events","function":"Object.onceWrapper","line":641,"method":"onceWrapper","native":false},{"column":28,"file":"node:events","function":"Server.emit","line":527,"method":"emit","native":false},{"column":8,"file":"node:net","function":"emitCloseNT","line":1728,"method":null,"native":false},{"column":21,"file":"node:internal/process/task_queues","function":"processTicksAndRejections","line":82,"method":null,"native":false}]}
error: uncaughtException: expected 201 to equal 200
AssertionError: expected 201 to equal 200
    at Test.<anonymous> (C:\Users\Kirana N\WORKSPACE\FundooProject\tests\integration\/user.test.js:85:40)
    at Test.assert (C:\Users\Kirana N\WORKSPACE\FundooProject\node_modules\supertest\lib\test.js:181:6)
    at Server.localAssert (C:\Users\Kirana N\WORKSPACE\FundooProject\node_modules\supertest\lib\test.js:131:12)
    at Object.onceWrapper (node:events:641:28)
    at Server.emit (node:events:527:28)
    at emitCloseNT (node:net:1728:8)
    at processTicksAndRejections (node:internal/process/task_queues:82:21) {"date":"Thu Dec 28 2023 14:36:25 GMT+0530 (India Standard Time)","error":{"actual":201,"expected":200,"message":"expected 201 to equal 200","name":"AssertionError","operator":"strictEqual","showDiff":true,"stack":"AssertionError: expected 201 to equal 200\n    at Test.<anonymous> (C:\\Users\\Kirana N\\WORKSPACE\\FundooProject\\tests\\integration\\/user.test.js:85:40)\n    at Test.assert (C:\\Users\\Kirana N\\WORKSPACE\\FundooProject\\node_modules\\supertest\\lib\\test.js:181:6)\n    at Server.localAssert (C:\\Users\\Kirana N\\WORKSPACE\\FundooProject\\node_modules\\supertest\\lib\\test.js:131:12)\n    at Object.onceWrapper (node:events:641:28)\n    at Server.emit (node:events:527:28)\n    at emitCloseNT (node:net:1728:8)\n    at processTicksAndRejections (node:internal/process/task_queues:82:21)"},"exception":true,"os":{"loadavg":[0,0,0],"uptime":1140570},"process":{"argv":["C:\\Program Files\\nodejs\\node.exe","C:\\Users\\Kirana N\\WORKSPACE\\FundooProject\\node_modules\\mocha\\bin\\mocha","--exit","--recursive","--require","@babel/register","--timeout=5000","tests/**/*.js"],"cwd":"C:\\Users\\Kirana N\\WORKSPACE\\FundooProject","execPath":"C:\\Program Files\\nodejs\\node.exe","gid":null,"memoryUsage":{"arrayBuffers":18509504,"external":21089004,"heapTotal":88657920,"heapUsed":57890080,"rss":119697408},"pid":10988,"uid":null,"version":"v16.15.0"},"stack":"AssertionError: expected 201 to equal 200\n    at Test.<anonymous> (C:\\Users\\Kirana N\\WORKSPACE\\FundooProject\\tests\\integration\\/user.test.js:85:40)\n    at Test.assert (C:\\Users\\Kirana N\\WORKSPACE\\FundooProject\\node_modules\\supertest\\lib\\test.js:181:6)\n    at Server.localAssert (C:\\Users\\Kirana N\\WORKSPACE\\FundooProject\\node_modules\\supertest\\lib\\test.js:131:12)\n    at Object.onceWrapper (node:events:641:28)\n    at Server.emit (node:events:527:28)\n    at emitCloseNT (node:net:1728:8)\n    at processTicksAndRejections (node:internal/process/task_queues:82:21)","timestamp":"2023-12-28T09:06:25.635Z","trace":[{"column":40,"file":"C:\\Users\\Kirana N\\WORKSPACE\\FundooProject\\tests\\integration\\/user.test.js","function":null,"line":85,"method":null,"native":false},{"column":6,"file":"C:\\Users\\Kirana N\\WORKSPACE\\FundooProject\\node_modules\\supertest\\lib\\test.js","function":"Test.assert","line":181,"method":"assert","native":false},{"column":12,"file":"C:\\Users\\Kirana N\\WORKSPACE\\FundooProject\\node_modules\\supertest\\lib\\test.js","function":"Server.localAssert","line":131,"method":"localAssert","native":false},{"column":28,"file":"node:events","function":"Object.onceWrapper","line":641,"method":"onceWrapper","native":false},{"column":28,"file":"node:events","function":"Server.emit","line":527,"method":"emit","native":false},{"column":8,"file":"node:net","function":"emitCloseNT","line":1728,"method":null,"native":false},{"column":21,"file":"node:internal/process/task_queues","function":"processTicksAndRejections","line":82,"method":null,"native":false}]}
error: uncaughtException: expected 500 to equal 200
AssertionError: expected 500 to equal 200
    at Test.<anonymous> (C:\Users\Kirana N\WORKSPACE\FundooProject\tests\integration\/user.test.js:85:40)
    at Test.assert (C:\Users\Kirana N\WORKSPACE\FundooProject\node_modules\supertest\lib\test.js:181:6)
    at Server.localAssert (C:\Users\Kirana N\WORKSPACE\FundooProject\node_modules\supertest\lib\test.js:131:12)
    at Object.onceWrapper (node:events:641:28)
    at Server.emit (node:events:527:28)
    at emitCloseNT (node:net:1728:8)
    at processTicksAndRejections (node:internal/process/task_queues:82:21) {"date":"Thu Dec 28 2023 14:36:58 GMT+0530 (India Standard Time)","error":{"actual":500,"expected":200,"message":"expected 500 to equal 200","name":"AssertionError","operator":"strictEqual","showDiff":true,"stack":"AssertionError: expected 500 to equal 200\n    at Test.<anonymous> (C:\\Users\\Kirana N\\WORKSPACE\\FundooProject\\tests\\integration\\/user.test.js:85:40)\n    at Test.assert (C:\\Users\\Kirana N\\WORKSPACE\\FundooProject\\node_modules\\supertest\\lib\\test.js:181:6)\n    at Server.localAssert (C:\\Users\\Kirana N\\WORKSPACE\\FundooProject\\node_modules\\supertest\\lib\\test.js:131:12)\n    at Object.onceWrapper (node:events:641:28)\n    at Server.emit (node:events:527:28)\n    at emitCloseNT (node:net:1728:8)\n    at processTicksAndRejections (node:internal/process/task_queues:82:21)"},"exception":true,"os":{"loadavg":[0,0,0],"uptime":1140603},"process":{"argv":["C:\\Program Files\\nodejs\\node.exe","C:\\Users\\Kirana N\\WORKSPACE\\FundooProject\\node_modules\\mocha\\bin\\mocha","--exit","--recursive","--require","@babel/register","--timeout=5000","tests/**/*.js"],"cwd":"C:\\Users\\Kirana N\\WORKSPACE\\FundooProject","execPath":"C:\\Program Files\\nodejs\\node.exe","gid":null,"memoryUsage":{"arrayBuffers":18563292,"external":21143698,"heapTotal":88657920,"heapUsed":57678168,"rss":119996416},"pid":41332,"uid":null,"version":"v16.15.0"},"stack":"AssertionError: expected 500 to equal 200\n    at Test.<anonymous> (C:\\Users\\Kirana N\\WORKSPACE\\FundooProject\\tests\\integration\\/user.test.js:85:40)\n    at Test.assert (C:\\Users\\Kirana N\\WORKSPACE\\FundooProject\\node_modules\\supertest\\lib\\test.js:181:6)\n    at Server.localAssert (C:\\Users\\Kirana N\\WORKSPACE\\FundooProject\\node_modules\\supertest\\lib\\test.js:131:12)\n    at Object.onceWrapper (node:events:641:28)\n    at Server.emit (node:events:527:28)\n    at emitCloseNT (node:net:1728:8)\n    at processTicksAndRejections (node:internal/process/task_queues:82:21)","timestamp":"2023-12-28T09:06:58.936Z","trace":[{"column":40,"file":"C:\\Users\\Kirana N\\WORKSPACE\\FundooProject\\tests\\integration\\/user.test.js","function":null,"line":85,"method":null,"native":false},{"column":6,"file":"C:\\Users\\Kirana N\\WORKSPACE\\FundooProject\\node_modules\\supertest\\lib\\test.js","function":"Test.assert","line":181,"method":"assert","native":false},{"column":12,"file":"C:\\Users\\Kirana N\\WORKSPACE\\FundooProject\\node_modules\\supertest\\lib\\test.js","function":"Server.localAssert","line":131,"method":"localAssert","native":false},{"column":28,"file":"node:events","function":"Object.onceWrapper","line":641,"method":"onceWrapper","native":false},{"column":28,"file":"node:events","function":"Server.emit","line":527,"method":"emit","native":false},{"column":8,"file":"node:net","function":"emitCloseNT","line":1728,"method":null,"native":false},{"column":21,"file":"node:internal/process/task_queues","function":"processTicksAndRejections","line":82,"method":null,"native":false}]}
error: uncaughtException: expected 500 to equal 200
AssertionError: expected 500 to equal 200
    at Test.<anonymous> (C:\Users\Kirana N\WORKSPACE\FundooProject\tests\integration\/user.test.js:85:40)
    at Test.assert (C:\Users\Kirana N\WORKSPACE\FundooProject\node_modules\supertest\lib\test.js:181:6)
    at Server.localAssert (C:\Users\Kirana N\WORKSPACE\FundooProject\node_modules\supertest\lib\test.js:131:12)
    at Object.onceWrapper (node:events:641:28)
    at Server.emit (node:events:527:28)
    at emitCloseNT (node:net:1728:8)
    at processTicksAndRejections (node:internal/process/task_queues:82:21) {"date":"Thu Dec 28 2023 14:37:59 GMT+0530 (India Standard Time)","error":{"actual":500,"expected":200,"message":"expected 500 to equal 200","name":"AssertionError","operator":"strictEqual","showDiff":true,"stack":"AssertionError: expected 500 to equal 200\n    at Test.<anonymous> (C:\\Users\\Kirana N\\WORKSPACE\\FundooProject\\tests\\integration\\/user.test.js:85:40)\n    at Test.assert (C:\\Users\\Kirana N\\WORKSPACE\\FundooProject\\node_modules\\supertest\\lib\\test.js:181:6)\n    at Server.localAssert (C:\\Users\\Kirana N\\WORKSPACE\\FundooProject\\node_modules\\supertest\\lib\\test.js:131:12)\n    at Object.onceWrapper (node:events:641:28)\n    at Server.emit (node:events:527:28)\n    at emitCloseNT (node:net:1728:8)\n    at processTicksAndRejections (node:internal/process/task_queues:82:21)"},"exception":true,"os":{"loadavg":[0,0,0],"uptime":1140664},"process":{"argv":["C:\\Program Files\\nodejs\\node.exe","C:\\Users\\Kirana N\\WORKSPACE\\FundooProject\\node_modules\\mocha\\bin\\mocha","--exit","--recursive","--require","@babel/register","--timeout=5000","tests/**/*.js"],"cwd":"C:\\Users\\Kirana N\\WORKSPACE\\FundooProject","execPath":"C:\\Program Files\\nodejs\\node.exe","gid":null,"memoryUsage":{"arrayBuffers":18411108,"external":25518877,"heapTotal":88395776,"heapUsed":56074912,"rss":119287808},"pid":36732,"uid":null,"version":"v16.15.0"},"stack":"AssertionError: expected 500 to equal 200\n    at Test.<anonymous> (C:\\Users\\Kirana N\\WORKSPACE\\FundooProject\\tests\\integration\\/user.test.js:85:40)\n    at Test.assert (C:\\Users\\Kirana N\\WORKSPACE\\FundooProject\\node_modules\\supertest\\lib\\test.js:181:6)\n    at Server.localAssert (C:\\Users\\Kirana N\\WORKSPACE\\FundooProject\\node_modules\\supertest\\lib\\test.js:131:12)\n    at Object.onceWrapper (node:events:641:28)\n    at Server.emit (node:events:527:28)\n    at emitCloseNT (node:net:1728:8)\n    at processTicksAndRejections (node:internal/process/task_queues:82:21)","timestamp":"2023-12-28T09:07:59.449Z","trace":[{"column":40,"file":"C:\\Users\\Kirana N\\WORKSPACE\\FundooProject\\tests\\integration\\/user.test.js","function":null,"line":85,"method":null,"native":false},{"column":6,"file":"C:\\Users\\Kirana N\\WORKSPACE\\FundooProject\\node_modules\\supertest\\lib\\test.js","function":"Test.assert","line":181,"method":"assert","native":false},{"column":12,"file":"C:\\Users\\Kirana N\\WORKSPACE\\FundooProject\\node_modules\\supertest\\lib\\test.js","function":"Server.localAssert","line":131,"method":"localAssert","native":false},{"column":28,"file":"node:events","function":"Object.onceWrapper","line":641,"method":"onceWrapper","native":false},{"column":28,"file":"node:events","function":"Server.emit","line":527,"method":"emit","native":false},{"column":8,"file":"node:net","function":"emitCloseNT","line":1728,"method":null,"native":false},{"column":21,"file":"node:internal/process/task_queues","function":"processTicksAndRejections","line":82,"method":null,"native":false}]}
error: uncaughtException: expected 201 to equal 200
AssertionError: expected 201 to equal 200
    at Test.<anonymous> (C:\Users\Kirana N\WORKSPACE\FundooProject\tests\integration\/user.test.js:85:40)
    at Test.assert (C:\Users\Kirana N\WORKSPACE\FundooProject\node_modules\supertest\lib\test.js:181:6)
    at Server.localAssert (C:\Users\Kirana N\WORKSPACE\FundooProject\node_modules\supertest\lib\test.js:131:12)
    at Object.onceWrapper (node:events:641:28)
    at Server.emit (node:events:527:28)
    at emitCloseNT (node:net:1728:8)
    at processTicksAndRejections (node:internal/process/task_queues:82:21) {"date":"Thu Dec 28 2023 14:38:40 GMT+0530 (India Standard Time)","error":{"actual":201,"expected":200,"message":"expected 201 to equal 200","name":"AssertionError","operator":"strictEqual","showDiff":true,"stack":"AssertionError: expected 201 to equal 200\n    at Test.<anonymous> (C:\\Users\\Kirana N\\WORKSPACE\\FundooProject\\tests\\integration\\/user.test.js:85:40)\n    at Test.assert (C:\\Users\\Kirana N\\WORKSPACE\\FundooProject\\node_modules\\supertest\\lib\\test.js:181:6)\n    at Server.localAssert (C:\\Users\\Kirana N\\WORKSPACE\\FundooProject\\node_modules\\supertest\\lib\\test.js:131:12)\n    at Object.onceWrapper (node:events:641:28)\n    at Server.emit (node:events:527:28)\n    at emitCloseNT (node:net:1728:8)\n    at processTicksAndRejections (node:internal/process/task_queues:82:21)"},"exception":true,"os":{"loadavg":[0,0,0],"uptime":1140705},"process":{"argv":["C:\\Program Files\\nodejs\\node.exe","C:\\Users\\Kirana N\\WORKSPACE\\FundooProject\\node_modules\\mocha\\bin\\mocha","--exit","--recursive","--require","@babel/register","--timeout=5000","tests/**/*.js"],"cwd":"C:\\Users\\Kirana N\\WORKSPACE\\FundooProject","execPath":"C:\\Program Files\\nodejs\\node.exe","gid":null,"memoryUsage":{"arrayBuffers":18517696,"external":21087947,"heapTotal":91017216,"heapUsed":59946568,"rss":122544128},"pid":67980,"uid":null,"version":"v16.15.0"},"stack":"AssertionError: expected 201 to equal 200\n    at Test.<anonymous> (C:\\Users\\Kirana N\\WORKSPACE\\FundooProject\\tests\\integration\\/user.test.js:85:40)\n    at Test.assert (C:\\Users\\Kirana N\\WORKSPACE\\FundooProject\\node_modules\\supertest\\lib\\test.js:181:6)\n    at Server.localAssert (C:\\Users\\Kirana N\\WORKSPACE\\FundooProject\\node_modules\\supertest\\lib\\test.js:131:12)\n    at Object.onceWrapper (node:events:641:28)\n    at Server.emit (node:events:527:28)\n    at emitCloseNT (node:net:1728:8)\n    at processTicksAndRejections (node:internal/process/task_queues:82:21)","timestamp":"2023-12-28T09:08:40.810Z","trace":[{"column":40,"file":"C:\\Users\\Kirana N\\WORKSPACE\\FundooProject\\tests\\integration\\/user.test.js","function":null,"line":85,"method":null,"native":false},{"column":6,"file":"C:\\Users\\Kirana N\\WORKSPACE\\FundooProject\\node_modules\\supertest\\lib\\test.js","function":"Test.assert","line":181,"method":"assert","native":false},{"column":12,"file":"C:\\Users\\Kirana N\\WORKSPACE\\FundooProject\\node_modules\\supertest\\lib\\test.js","function":"Server.localAssert","line":131,"method":"localAssert","native":false},{"column":28,"file":"node:events","function":"Object.onceWrapper","line":641,"method":"onceWrapper","native":false},{"column":28,"file":"node:events","function":"Server.emit","line":527,"method":"emit","native":false},{"column":8,"file":"node:net","function":"emitCloseNT","line":1728,"method":null,"native":false},{"column":21,"file":"node:internal/process/task_queues","function":"processTicksAndRejections","line":82,"method":null,"native":false}]}
error: uncaughtException: expected 404 to equal 201
AssertionError: expected 404 to equal 201
    at Test.<anonymous> (C:\Users\Kirana N\WORKSPACE\FundooProject\tests\integration\/user.test.js:110:40)
    at Test.assert (C:\Users\Kirana N\WORKSPACE\FundooProject\node_modules\supertest\lib\test.js:181:6)
    at Server.localAssert (C:\Users\Kirana N\WORKSPACE\FundooProject\node_modules\supertest\lib\test.js:131:12)
    at Object.onceWrapper (node:events:641:28)
    at Server.emit (node:events:527:28)
    at emitCloseNT (node:net:1728:8)
    at processTicksAndRejections (node:internal/process/task_queues:82:21) {"date":"Thu Dec 28 2023 14:43:21 GMT+0530 (India Standard Time)","error":{"actual":404,"expected":201,"message":"expected 404 to equal 201","name":"AssertionError","operator":"strictEqual","showDiff":true,"stack":"AssertionError: expected 404 to equal 201\n    at Test.<anonymous> (C:\\Users\\Kirana N\\WORKSPACE\\FundooProject\\tests\\integration\\/user.test.js:110:40)\n    at Test.assert (C:\\Users\\Kirana N\\WORKSPACE\\FundooProject\\node_modules\\supertest\\lib\\test.js:181:6)\n    at Server.localAssert (C:\\Users\\Kirana N\\WORKSPACE\\FundooProject\\node_modules\\supertest\\lib\\test.js:131:12)\n    at Object.onceWrapper (node:events:641:28)\n    at Server.emit (node:events:527:28)\n    at emitCloseNT (node:net:1728:8)\n    at processTicksAndRejections (node:internal/process/task_queues:82:21)"},"exception":true,"os":{"loadavg":[0,0,0],"uptime":1140986},"process":{"argv":["C:\\Program Files\\nodejs\\node.exe","C:\\Users\\Kirana N\\WORKSPACE\\FundooProject\\node_modules\\mocha\\bin\\mocha","--exit","--recursive","--require","@babel/register","--timeout=5000","tests/**/*.js"],"cwd":"C:\\Users\\Kirana N\\WORKSPACE\\FundooProject","execPath":"C:\\Program Files\\nodejs\\node.exe","gid":null,"memoryUsage":{"arrayBuffers":19240698,"external":20446140,"heapTotal":84508672,"heapUsed":55682888,"rss":116617216},"pid":42996,"uid":null,"version":"v16.15.0"},"stack":"AssertionError: expected 404 to equal 201\n    at Test.<anonymous> (C:\\Users\\Kirana N\\WORKSPACE\\FundooProject\\tests\\integration\\/user.test.js:110:40)\n    at Test.assert (C:\\Users\\Kirana N\\WORKSPACE\\FundooProject\\node_modules\\supertest\\lib\\test.js:181:6)\n    at Server.localAssert (C:\\Users\\Kirana N\\WORKSPACE\\FundooProject\\node_modules\\supertest\\lib\\test.js:131:12)\n    at Object.onceWrapper (node:events:641:28)\n    at Server.emit (node:events:527:28)\n    at emitCloseNT (node:net:1728:8)\n    at processTicksAndRejections (node:internal/process/task_queues:82:21)","timestamp":"2023-12-28T09:13:21.821Z","trace":[{"column":40,"file":"C:\\Users\\Kirana N\\WORKSPACE\\FundooProject\\tests\\integration\\/user.test.js","function":null,"line":110,"method":null,"native":false},{"column":6,"file":"C:\\Users\\Kirana N\\WORKSPACE\\FundooProject\\node_modules\\supertest\\lib\\test.js","function":"Test.assert","line":181,"method":"assert","native":false},{"column":12,"file":"C:\\Users\\Kirana N\\WORKSPACE\\FundooProject\\node_modules\\supertest\\lib\\test.js","function":"Server.localAssert","line":131,"method":"localAssert","native":false},{"column":28,"file":"node:events","function":"Object.onceWrapper","line":641,"method":"onceWrapper","native":false},{"column":28,"file":"node:events","function":"Server.emit","line":527,"method":"emit","native":false},{"column":8,"file":"node:net","function":"emitCloseNT","line":1728,"method":null,"native":false},{"column":21,"file":"node:internal/process/task_queues","function":"processTicksAndRejections","line":82,"method":null,"native":false}]}
error: uncaughtException: expected 404 to equal 201
AssertionError: expected 404 to equal 201
    at Test.<anonymous> (C:\Users\Kirana N\WORKSPACE\FundooProject\tests\integration\/user.test.js:112:40)
    at Test.assert (C:\Users\Kirana N\WORKSPACE\FundooProject\node_modules\supertest\lib\test.js:181:6)
    at Server.localAssert (C:\Users\Kirana N\WORKSPACE\FundooProject\node_modules\supertest\lib\test.js:131:12)
    at Object.onceWrapper (node:events:641:28)
    at Server.emit (node:events:527:28)
    at emitCloseNT (node:net:1728:8)
    at processTicksAndRejections (node:internal/process/task_queues:82:21) {"date":"Thu Dec 28 2023 14:47:55 GMT+0530 (India Standard Time)","error":{"actual":404,"expected":201,"message":"expected 404 to equal 201","name":"AssertionError","operator":"strictEqual","showDiff":true,"stack":"AssertionError: expected 404 to equal 201\n    at Test.<anonymous> (C:\\Users\\Kirana N\\WORKSPACE\\FundooProject\\tests\\integration\\/user.test.js:112:40)\n    at Test.assert (C:\\Users\\Kirana N\\WORKSPACE\\FundooProject\\node_modules\\supertest\\lib\\test.js:181:6)\n    at Server.localAssert (C:\\Users\\Kirana N\\WORKSPACE\\FundooProject\\node_modules\\supertest\\lib\\test.js:131:12)\n    at Object.onceWrapper (node:events:641:28)\n    at Server.emit (node:events:527:28)\n    at emitCloseNT (node:net:1728:8)\n    at processTicksAndRejections (node:internal/process/task_queues:82:21)"},"exception":true,"os":{"loadavg":[0,0,0],"uptime":1141260},"process":{"argv":["C:\\Program Files\\nodejs\\node.exe","C:\\Users\\Kirana N\\WORKSPACE\\FundooProject\\node_modules\\mocha\\bin\\mocha","--exit","--recursive","--require","@babel/register","--timeout=5000","tests/**/*.js"],"cwd":"C:\\Users\\Kirana N\\WORKSPACE\\FundooProject","execPath":"C:\\Program Files\\nodejs\\node.exe","gid":null,"memoryUsage":{"arrayBuffers":18398467,"external":19473269,"heapTotal":86822912,"heapUsed":55016104,"rss":117972992},"pid":12220,"uid":null,"version":"v16.15.0"},"stack":"AssertionError: expected 404 to equal 201\n    at Test.<anonymous> (C:\\Users\\Kirana N\\WORKSPACE\\FundooProject\\tests\\integration\\/user.test.js:112:40)\n    at Test.assert (C:\\Users\\Kirana N\\WORKSPACE\\FundooProject\\node_modules\\supertest\\lib\\test.js:181:6)\n    at Server.localAssert (C:\\Users\\Kirana N\\WORKSPACE\\FundooProject\\node_modules\\supertest\\lib\\test.js:131:12)\n    at Object.onceWrapper (node:events:641:28)\n    at Server.emit (node:events:527:28)\n    at emitCloseNT (node:net:1728:8)\n    at processTicksAndRejections (node:internal/process/task_queues:82:21)","timestamp":"2023-12-28T09:17:55.777Z","trace":[{"column":40,"file":"C:\\Users\\Kirana N\\WORKSPACE\\FundooProject\\tests\\integration\\/user.test.js","function":null,"line":112,"method":null,"native":false},{"column":6,"file":"C:\\Users\\Kirana N\\WORKSPACE\\FundooProject\\node_modules\\supertest\\lib\\test.js","function":"Test.assert","line":181,"method":"assert","native":false},{"column":12,"file":"C:\\Users\\Kirana N\\WORKSPACE\\FundooProject\\node_modules\\supertest\\lib\\test.js","function":"Server.localAssert","line":131,"method":"localAssert","native":false},{"column":28,"file":"node:events","function":"Object.onceWrapper","line":641,"method":"onceWrapper","native":false},{"column":28,"file":"node:events","function":"Server.emit","line":527,"method":"emit","native":false},{"column":8,"file":"node:net","function":"emitCloseNT","line":1728,"method":null,"native":false},{"column":21,"file":"node:internal/process/task_queues","function":"processTicksAndRejections","line":82,"method":null,"native":false}]}
error: uncaughtException: expected 404 to equal 201
AssertionError: expected 404 to equal 201
    at Test.<anonymous> (C:\Users\Kirana N\WORKSPACE\FundooProject\tests\integration\/user.test.js:111:40)
    at Test.assert (C:\Users\Kirana N\WORKSPACE\FundooProject\node_modules\supertest\lib\test.js:181:6)
    at Server.localAssert (C:\Users\Kirana N\WORKSPACE\FundooProject\node_modules\supertest\lib\test.js:131:12)
    at Object.onceWrapper (node:events:641:28)
    at Server.emit (node:events:527:28)
    at emitCloseNT (node:net:1728:8)
    at processTicksAndRejections (node:internal/process/task_queues:82:21) {"date":"Thu Dec 28 2023 14:50:51 GMT+0530 (India Standard Time)","error":{"actual":404,"expected":201,"message":"expected 404 to equal 201","name":"AssertionError","operator":"strictEqual","showDiff":true,"stack":"AssertionError: expected 404 to equal 201\n    at Test.<anonymous> (C:\\Users\\Kirana N\\WORKSPACE\\FundooProject\\tests\\integration\\/user.test.js:111:40)\n    at Test.assert (C:\\Users\\Kirana N\\WORKSPACE\\FundooProject\\node_modules\\supertest\\lib\\test.js:181:6)\n    at Server.localAssert (C:\\Users\\Kirana N\\WORKSPACE\\FundooProject\\node_modules\\supertest\\lib\\test.js:131:12)\n    at Object.onceWrapper (node:events:641:28)\n    at Server.emit (node:events:527:28)\n    at emitCloseNT (node:net:1728:8)\n    at processTicksAndRejections (node:internal/process/task_queues:82:21)"},"exception":true,"os":{"loadavg":[0,0,0],"uptime":1141436},"process":{"argv":["C:\\Program Files\\nodejs\\node.exe","C:\\Users\\Kirana N\\WORKSPACE\\FundooProject\\node_modules\\mocha\\bin\\mocha","--exit","--recursive","--require","@babel/register","--timeout=5000","tests/**/*.js"],"cwd":"C:\\Users\\Kirana N\\WORKSPACE\\FundooProject","execPath":"C:\\Program Files\\nodejs\\node.exe","gid":null,"memoryUsage":{"arrayBuffers":18486434,"external":33156085,"heapTotal":91017216,"heapUsed":60427520,"rss":122867712},"pid":36160,"uid":null,"version":"v16.15.0"},"stack":"AssertionError: expected 404 to equal 201\n    at Test.<anonymous> (C:\\Users\\Kirana N\\WORKSPACE\\FundooProject\\tests\\integration\\/user.test.js:111:40)\n    at Test.assert (C:\\Users\\Kirana N\\WORKSPACE\\FundooProject\\node_modules\\supertest\\lib\\test.js:181:6)\n    at Server.localAssert (C:\\Users\\Kirana N\\WORKSPACE\\FundooProject\\node_modules\\supertest\\lib\\test.js:131:12)\n    at Object.onceWrapper (node:events:641:28)\n    at Server.emit (node:events:527:28)\n    at emitCloseNT (node:net:1728:8)\n    at processTicksAndRejections (node:internal/process/task_queues:82:21)","timestamp":"2023-12-28T09:20:51.618Z","trace":[{"column":40,"file":"C:\\Users\\Kirana N\\WORKSPACE\\FundooProject\\tests\\integration\\/user.test.js","function":null,"line":111,"method":null,"native":false},{"column":6,"file":"C:\\Users\\Kirana N\\WORKSPACE\\FundooProject\\node_modules\\supertest\\lib\\test.js","function":"Test.assert","line":181,"method":"assert","native":false},{"column":12,"file":"C:\\Users\\Kirana N\\WORKSPACE\\FundooProject\\node_modules\\supertest\\lib\\test.js","function":"Server.localAssert","line":131,"method":"localAssert","native":false},{"column":28,"file":"node:events","function":"Object.onceWrapper","line":641,"method":"onceWrapper","native":false},{"column":28,"file":"node:events","function":"Server.emit","line":527,"method":"emit","native":false},{"column":8,"file":"node:net","function":"emitCloseNT","line":1728,"method":null,"native":false},{"column":21,"file":"node:internal/process/task_queues","function":"processTicksAndRejections","line":82,"method":null,"native":false}]}
error: uncaughtException: expected 200 to equal 201
AssertionError: expected 200 to equal 201
    at Test.<anonymous> (C:\Users\Kirana N\WORKSPACE\FundooProject\tests\integration\/user.test.js:111:40)
    at Test.assert (C:\Users\Kirana N\WORKSPACE\FundooProject\node_modules\supertest\lib\test.js:181:6)
    at Server.localAssert (C:\Users\Kirana N\WORKSPACE\FundooProject\node_modules\supertest\lib\test.js:131:12)
    at Object.onceWrapper (node:events:641:28)
    at Server.emit (node:events:527:28)
    at emitCloseNT (node:net:1728:8)
    at processTicksAndRejections (node:internal/process/task_queues:82:21) {"date":"Thu Dec 28 2023 14:51:42 GMT+0530 (India Standard Time)","error":{"actual":200,"expected":201,"message":"expected 200 to equal 201","name":"AssertionError","operator":"strictEqual","showDiff":true,"stack":"AssertionError: expected 200 to equal 201\n    at Test.<anonymous> (C:\\Users\\Kirana N\\WORKSPACE\\FundooProject\\tests\\integration\\/user.test.js:111:40)\n    at Test.assert (C:\\Users\\Kirana N\\WORKSPACE\\FundooProject\\node_modules\\supertest\\lib\\test.js:181:6)\n    at Server.localAssert (C:\\Users\\Kirana N\\WORKSPACE\\FundooProject\\node_modules\\supertest\\lib\\test.js:131:12)\n    at Object.onceWrapper (node:events:641:28)\n    at Server.emit (node:events:527:28)\n    at emitCloseNT (node:net:1728:8)\n    at processTicksAndRejections (node:internal/process/task_queues:82:21)"},"exception":true,"os":{"loadavg":[0,0,0],"uptime":1141487},"process":{"argv":["C:\\Program Files\\nodejs\\node.exe","C:\\Users\\Kirana N\\WORKSPACE\\FundooProject\\node_modules\\mocha\\bin\\mocha","--exit","--recursive","--require","@babel/register","--timeout=5000","tests/**/*.js"],"cwd":"C:\\Users\\Kirana N\\WORKSPACE\\FundooProject","execPath":"C:\\Program Files\\nodejs\\node.exe","gid":null,"memoryUsage":{"arrayBuffers":19239621,"external":32839771,"heapTotal":84504576,"heapUsed":55110592,"rss":116731904},"pid":95640,"uid":null,"version":"v16.15.0"},"stack":"AssertionError: expected 200 to equal 201\n    at Test.<anonymous> (C:\\Users\\Kirana N\\WORKSPACE\\FundooProject\\tests\\integration\\/user.test.js:111:40)\n    at Test.assert (C:\\Users\\Kirana N\\WORKSPACE\\FundooProject\\node_modules\\supertest\\lib\\test.js:181:6)\n    at Server.localAssert (C:\\Users\\Kirana N\\WORKSPACE\\FundooProject\\node_modules\\supertest\\lib\\test.js:131:12)\n    at Object.onceWrapper (node:events:641:28)\n    at Server.emit (node:events:527:28)\n    at emitCloseNT (node:net:1728:8)\n    at processTicksAndRejections (node:internal/process/task_queues:82:21)","timestamp":"2023-12-28T09:21:42.939Z","trace":[{"column":40,"file":"C:\\Users\\Kirana N\\WORKSPACE\\FundooProject\\tests\\integration\\/user.test.js","function":null,"line":111,"method":null,"native":false},{"column":6,"file":"C:\\Users\\Kirana N\\WORKSPACE\\FundooProject\\node_modules\\supertest\\lib\\test.js","function":"Test.assert","line":181,"method":"assert","native":false},{"column":12,"file":"C:\\Users\\Kirana N\\WORKSPACE\\FundooProject\\node_modules\\supertest\\lib\\test.js","function":"Server.localAssert","line":131,"method":"localAssert","native":false},{"column":28,"file":"node:events","function":"Object.onceWrapper","line":641,"method":"onceWrapper","native":false},{"column":28,"file":"node:events","function":"Server.emit","line":527,"method":"emit","native":false},{"column":8,"file":"node:net","function":"emitCloseNT","line":1728,"method":null,"native":false},{"column":21,"file":"node:internal/process/task_queues","function":"processTicksAndRejections","line":82,"method":null,"native":false}]}
error: uncaughtException: expected 204 to equal 201
AssertionError: expected 204 to equal 201
    at Test.<anonymous> (C:\Users\Kirana N\WORKSPACE\FundooProject\tests\integration\/user.test.js:127:40)
    at Test.assert (C:\Users\Kirana N\WORKSPACE\FundooProject\node_modules\supertest\lib\test.js:181:6)
    at Server.localAssert (C:\Users\Kirana N\WORKSPACE\FundooProject\node_modules\supertest\lib\test.js:131:12)
    at Object.onceWrapper (node:events:641:28)
    at Server.emit (node:events:527:28)
    at emitCloseNT (node:net:1728:8)
    at processTicksAndRejections (node:internal/process/task_queues:82:21) {"date":"Thu Dec 28 2023 14:57:28 GMT+0530 (India Standard Time)","error":{"actual":204,"expected":201,"message":"expected 204 to equal 201","name":"AssertionError","operator":"strictEqual","showDiff":true,"stack":"AssertionError: expected 204 to equal 201\n    at Test.<anonymous> (C:\\Users\\Kirana N\\WORKSPACE\\FundooProject\\tests\\integration\\/user.test.js:127:40)\n    at Test.assert (C:\\Users\\Kirana N\\WORKSPACE\\FundooProject\\node_modules\\supertest\\lib\\test.js:181:6)\n    at Server.localAssert (C:\\Users\\Kirana N\\WORKSPACE\\FundooProject\\node_modules\\supertest\\lib\\test.js:131:12)\n    at Object.onceWrapper (node:events:641:28)\n    at Server.emit (node:events:527:28)\n    at emitCloseNT (node:net:1728:8)\n    at processTicksAndRejections (node:internal/process/task_queues:82:21)"},"exception":true,"os":{"loadavg":[0,0,0],"uptime":1141833},"process":{"argv":["C:\\Program Files\\nodejs\\node.exe","C:\\Users\\Kirana N\\WORKSPACE\\FundooProject\\node_modules\\mocha\\bin\\mocha","--exit","--recursive","--require","@babel/register","--timeout=5000","tests/**/*.js"],"cwd":"C:\\Users\\Kirana N\\WORKSPACE\\FundooProject","execPath":"C:\\Program Files\\nodejs\\node.exe","gid":null,"memoryUsage":{"arrayBuffers":19247604,"external":32855617,"heapTotal":85295104,"heapUsed":55717104,"rss":117022720},"pid":17564,"uid":null,"version":"v16.15.0"},"stack":"AssertionError: expected 204 to equal 201\n    at Test.<anonymous> (C:\\Users\\Kirana N\\WORKSPACE\\FundooProject\\tests\\integration\\/user.test.js:127:40)\n    at Test.assert (C:\\Users\\Kirana N\\WORKSPACE\\FundooProject\\node_modules\\supertest\\lib\\test.js:181:6)\n    at Server.localAssert (C:\\Users\\Kirana N\\WORKSPACE\\FundooProject\\node_modules\\supertest\\lib\\test.js:131:12)\n    at Object.onceWrapper (node:events:641:28)\n    at Server.emit (node:events:527:28)\n    at emitCloseNT (node:net:1728:8)\n    at processTicksAndRejections (node:internal/process/task_queues:82:21)","timestamp":"2023-12-28T09:27:28.395Z","trace":[{"column":40,"file":"C:\\Users\\Kirana N\\WORKSPACE\\FundooProject\\tests\\integration\\/user.test.js","function":null,"line":127,"method":null,"native":false},{"column":6,"file":"C:\\Users\\Kirana N\\WORKSPACE\\FundooProject\\node_modules\\supertest\\lib\\test.js","function":"Test.assert","line":181,"method":"assert","native":false},{"column":12,"file":"C:\\Users\\Kirana N\\WORKSPACE\\FundooProject\\node_modules\\supertest\\lib\\test.js","function":"Server.localAssert","line":131,"method":"localAssert","native":false},{"column":28,"file":"node:events","function":"Object.onceWrapper","line":641,"method":"onceWrapper","native":false},{"column":28,"file":"node:events","function":"Server.emit","line":527,"method":"emit","native":false},{"column":8,"file":"node:net","function":"emitCloseNT","line":1728,"method":null,"native":false},{"column":21,"file":"node:internal/process/task_queues","function":"processTicksAndRejections","line":82,"method":null,"native":false}]}
error: uncaughtException: expected 200 to equal 204
AssertionError: expected 200 to equal 204
    at Test.<anonymous> (C:\Users\Kirana N\WORKSPACE\FundooProject\tests\integration\/user.test.js:127:40)
    at Test.assert (C:\Users\Kirana N\WORKSPACE\FundooProject\node_modules\supertest\lib\test.js:181:6)
    at Server.localAssert (C:\Users\Kirana N\WORKSPACE\FundooProject\node_modules\supertest\lib\test.js:131:12)
    at Object.onceWrapper (node:events:641:28)
    at Server.emit (node:events:527:28)
    at emitCloseNT (node:net:1728:8)
    at processTicksAndRejections (node:internal/process/task_queues:82:21) {"date":"Thu Dec 28 2023 14:59:33 GMT+0530 (India Standard Time)","error":{"actual":200,"expected":204,"message":"expected 200 to equal 204","name":"AssertionError","operator":"strictEqual","showDiff":true,"stack":"AssertionError: expected 200 to equal 204\n    at Test.<anonymous> (C:\\Users\\Kirana N\\WORKSPACE\\FundooProject\\tests\\integration\\/user.test.js:127:40)\n    at Test.assert (C:\\Users\\Kirana N\\WORKSPACE\\FundooProject\\node_modules\\supertest\\lib\\test.js:181:6)\n    at Server.localAssert (C:\\Users\\Kirana N\\WORKSPACE\\FundooProject\\node_modules\\supertest\\lib\\test.js:131:12)\n    at Object.onceWrapper (node:events:641:28)\n    at Server.emit (node:events:527:28)\n    at emitCloseNT (node:net:1728:8)\n    at processTicksAndRejections (node:internal/process/task_queues:82:21)"},"exception":true,"os":{"loadavg":[0,0,0],"uptime":1141958},"process":{"argv":["C:\\Program Files\\nodejs\\node.exe","C:\\Users\\Kirana N\\WORKSPACE\\FundooProject\\node_modules\\mocha\\bin\\mocha","--exit","--recursive","--require","@babel/register","--timeout=5000","tests/**/*.js"],"cwd":"C:\\Users\\Kirana N\\WORKSPACE\\FundooProject","execPath":"C:\\Program Files\\nodejs\\node.exe","gid":null,"memoryUsage":{"arrayBuffers":18459427,"external":32856514,"heapTotal":84463616,"heapUsed":53997512,"rss":115593216},"pid":43204,"uid":null,"version":"v16.15.0"},"stack":"AssertionError: expected 200 to equal 204\n    at Test.<anonymous> (C:\\Users\\Kirana N\\WORKSPACE\\FundooProject\\tests\\integration\\/user.test.js:127:40)\n    at Test.assert (C:\\Users\\Kirana N\\WORKSPACE\\FundooProject\\node_modules\\supertest\\lib\\test.js:181:6)\n    at Server.localAssert (C:\\Users\\Kirana N\\WORKSPACE\\FundooProject\\node_modules\\supertest\\lib\\test.js:131:12)\n    at Object.onceWrapper (node:events:641:28)\n    at Server.emit (node:events:527:28)\n    at emitCloseNT (node:net:1728:8)\n    at processTicksAndRejections (node:internal/process/task_queues:82:21)","timestamp":"2023-12-28T09:29:33.736Z","trace":[{"column":40,"file":"C:\\Users\\Kirana N\\WORKSPACE\\FundooProject\\tests\\integration\\/user.test.js","function":null,"line":127,"method":null,"native":false},{"column":6,"file":"C:\\Users\\Kirana N\\WORKSPACE\\FundooProject\\node_modules\\supertest\\lib\\test.js","function":"Test.assert","line":181,"method":"assert","native":false},{"column":12,"file":"C:\\Users\\Kirana N\\WORKSPACE\\FundooProject\\node_modules\\supertest\\lib\\test.js","function":"Server.localAssert","line":131,"method":"localAssert","native":false},{"column":28,"file":"node:events","function":"Object.onceWrapper","line":641,"method":"onceWrapper","native":false},{"column":28,"file":"node:events","function":"Server.emit","line":527,"method":"emit","native":false},{"column":8,"file":"node:net","function":"emitCloseNT","line":1728,"method":null,"native":false},{"column":21,"file":"node:internal/process/task_queues","function":"processTicksAndRejections","line":82,"method":null,"native":false}]}
error: uncaughtException: expected 204 to equal 200
AssertionError: expected 204 to equal 200
    at Test.<anonymous> (C:\Users\Kirana N\WORKSPACE\FundooProject\tests\integration\/user.test.js:138:40)
    at Test.assert (C:\Users\Kirana N\WORKSPACE\FundooProject\node_modules\supertest\lib\test.js:181:6)
    at Server.localAssert (C:\Users\Kirana N\WORKSPACE\FundooProject\node_modules\supertest\lib\test.js:131:12)
    at Object.onceWrapper (node:events:641:28)
    at Server.emit (node:events:527:28)
    at emitCloseNT (node:net:1728:8)
    at processTicksAndRejections (node:internal/process/task_queues:82:21) {"date":"Thu Dec 28 2023 15:04:09 GMT+0530 (India Standard Time)","error":{"actual":204,"expected":200,"message":"expected 204 to equal 200","name":"AssertionError","operator":"strictEqual","showDiff":true,"stack":"AssertionError: expected 204 to equal 200\n    at Test.<anonymous> (C:\\Users\\Kirana N\\WORKSPACE\\FundooProject\\tests\\integration\\/user.test.js:138:40)\n    at Test.assert (C:\\Users\\Kirana N\\WORKSPACE\\FundooProject\\node_modules\\supertest\\lib\\test.js:181:6)\n    at Server.localAssert (C:\\Users\\Kirana N\\WORKSPACE\\FundooProject\\node_modules\\supertest\\lib\\test.js:131:12)\n    at Object.onceWrapper (node:events:641:28)\n    at Server.emit (node:events:527:28)\n    at emitCloseNT (node:net:1728:8)\n    at processTicksAndRejections (node:internal/process/task_queues:82:21)"},"exception":true,"os":{"loadavg":[0,0,0],"uptime":1142234},"process":{"argv":["C:\\Program Files\\nodejs\\node.exe","C:\\Users\\Kirana N\\WORKSPACE\\FundooProject\\node_modules\\mocha\\bin\\mocha","--exit","--recursive","--require","@babel/register","--timeout=5000","tests/**/*.js"],"cwd":"C:\\Users\\Kirana N\\WORKSPACE\\FundooProject","execPath":"C:\\Program Files\\nodejs\\node.exe","gid":null,"memoryUsage":{"arrayBuffers":19315546,"external":22394793,"heapTotal":84774912,"heapUsed":56836728,"rss":116764672},"pid":57984,"uid":null,"version":"v16.15.0"},"stack":"AssertionError: expected 204 to equal 200\n    at Test.<anonymous> (C:\\Users\\Kirana N\\WORKSPACE\\FundooProject\\tests\\integration\\/user.test.js:138:40)\n    at Test.assert (C:\\Users\\Kirana N\\WORKSPACE\\FundooProject\\node_modules\\supertest\\lib\\test.js:181:6)\n    at Server.localAssert (C:\\Users\\Kirana N\\WORKSPACE\\FundooProject\\node_modules\\supertest\\lib\\test.js:131:12)\n    at Object.onceWrapper (node:events:641:28)\n    at Server.emit (node:events:527:28)\n    at emitCloseNT (node:net:1728:8)\n    at processTicksAndRejections (node:internal/process/task_queues:82:21)","timestamp":"2023-12-28T09:34:09.849Z","trace":[{"column":40,"file":"C:\\Users\\Kirana N\\WORKSPACE\\FundooProject\\tests\\integration\\/user.test.js","function":null,"line":138,"method":null,"native":false},{"column":6,"file":"C:\\Users\\Kirana N\\WORKSPACE\\FundooProject\\node_modules\\supertest\\lib\\test.js","function":"Test.assert","line":181,"method":"assert","native":false},{"column":12,"file":"C:\\Users\\Kirana N\\WORKSPACE\\FundooProject\\node_modules\\supertest\\lib\\test.js","function":"Server.localAssert","line":131,"method":"localAssert","native":false},{"column":28,"file":"node:events","function":"Object.onceWrapper","line":641,"method":"onceWrapper","native":false},{"column":28,"file":"node:events","function":"Server.emit","line":527,"method":"emit","native":false},{"column":8,"file":"node:net","function":"emitCloseNT","line":1728,"method":null,"native":false},{"column":21,"file":"node:internal/process/task_queues","function":"processTicksAndRejections","line":82,"method":null,"native":false}]}
error: uncaughtException: expected 204 to equal 200
AssertionError: expected 204 to equal 200
    at Test.<anonymous> (C:\Users\Kirana N\WORKSPACE\FundooProject\tests\integration\/user.test.js:138:40)
    at Test.assert (C:\Users\Kirana N\WORKSPACE\FundooProject\node_modules\supertest\lib\test.js:181:6)
    at Server.localAssert (C:\Users\Kirana N\WORKSPACE\FundooProject\node_modules\supertest\lib\test.js:131:12)
    at Object.onceWrapper (node:events:641:28)
    at Server.emit (node:events:527:28)
    at emitCloseNT (node:net:1728:8)
    at processTicksAndRejections (node:internal/process/task_queues:82:21) {"date":"Thu Dec 28 2023 15:04:30 GMT+0530 (India Standard Time)","error":{"actual":204,"expected":200,"message":"expected 204 to equal 200","name":"AssertionError","operator":"strictEqual","showDiff":true,"stack":"AssertionError: expected 204 to equal 200\n    at Test.<anonymous> (C:\\Users\\Kirana N\\WORKSPACE\\FundooProject\\tests\\integration\\/user.test.js:138:40)\n    at Test.assert (C:\\Users\\Kirana N\\WORKSPACE\\FundooProject\\node_modules\\supertest\\lib\\test.js:181:6)\n    at Server.localAssert (C:\\Users\\Kirana N\\WORKSPACE\\FundooProject\\node_modules\\supertest\\lib\\test.js:131:12)\n    at Object.onceWrapper (node:events:641:28)\n    at Server.emit (node:events:527:28)\n    at emitCloseNT (node:net:1728:8)\n    at processTicksAndRejections (node:internal/process/task_queues:82:21)"},"exception":true,"os":{"loadavg":[0,0,0],"uptime":1142255},"process":{"argv":["C:\\Program Files\\nodejs\\node.exe","C:\\Users\\Kirana N\\WORKSPACE\\FundooProject\\node_modules\\mocha\\bin\\mocha","--exit","--recursive","--require","@babel/register","--timeout=5000","tests/**/*.js"],"cwd":"C:\\Users\\Kirana N\\WORKSPACE\\FundooProject","execPath":"C:\\Program Files\\nodejs\\node.exe","gid":null,"memoryUsage":{"arrayBuffers":19269191,"external":32867360,"heapTotal":84774912,"heapUsed":56130896,"rss":117248000},"pid":71600,"uid":null,"version":"v16.15.0"},"stack":"AssertionError: expected 204 to equal 200\n    at Test.<anonymous> (C:\\Users\\Kirana N\\WORKSPACE\\FundooProject\\tests\\integration\\/user.test.js:138:40)\n    at Test.assert (C:\\Users\\Kirana N\\WORKSPACE\\FundooProject\\node_modules\\supertest\\lib\\test.js:181:6)\n    at Server.localAssert (C:\\Users\\Kirana N\\WORKSPACE\\FundooProject\\node_modules\\supertest\\lib\\test.js:131:12)\n    at Object.onceWrapper (node:events:641:28)\n    at Server.emit (node:events:527:28)\n    at emitCloseNT (node:net:1728:8)\n    at processTicksAndRejections (node:internal/process/task_queues:82:21)","timestamp":"2023-12-28T09:34:30.943Z","trace":[{"column":40,"file":"C:\\Users\\Kirana N\\WORKSPACE\\FundooProject\\tests\\integration\\/user.test.js","function":null,"line":138,"method":null,"native":false},{"column":6,"file":"C:\\Users\\Kirana N\\WORKSPACE\\FundooProject\\node_modules\\supertest\\lib\\test.js","function":"Test.assert","line":181,"method":"assert","native":false},{"column":12,"file":"C:\\Users\\Kirana N\\WORKSPACE\\FundooProject\\node_modules\\supertest\\lib\\test.js","function":"Server.localAssert","line":131,"method":"localAssert","native":false},{"column":28,"file":"node:events","function":"Object.onceWrapper","line":641,"method":"onceWrapper","native":false},{"column":28,"file":"node:events","function":"Server.emit","line":527,"method":"emit","native":false},{"column":8,"file":"node:net","function":"emitCloseNT","line":1728,"method":null,"native":false},{"column":21,"file":"node:internal/process/task_queues","function":"processTicksAndRejections","line":82,"method":null,"native":false}]}
